mode: atomic
github.com/giantswarm/gsctl/util/string.go:7.38,9.3 1 1
github.com/giantswarm/gsctl/util/string.go:6.63,7.38 1 3
github.com/giantswarm/gsctl/util/string.go:14.40,16.2 1 1
github.com/giantswarm/gsctl/util/string.go:10.2,10.33 1 2
github.com/giantswarm/gsctl/util/kubectl.go:76.50,80.2 3 0
github.com/giantswarm/gsctl/util/kubectl.go:63.61,73.2 5 0
github.com/giantswarm/gsctl/util/kubectl.go:49.78,60.2 6 0
github.com/giantswarm/gsctl/util/kubectl.go:35.80,46.2 6 0
github.com/giantswarm/gsctl/util/kubectl.go:31.2,31.13 1 1
github.com/giantswarm/gsctl/util/kubectl.go:29.3,29.15 1 0
github.com/giantswarm/gsctl/util/kubectl.go:26.3,26.22 1 0
github.com/giantswarm/gsctl/util/kubectl.go:26.22,28.4 1 0
github.com/giantswarm/gsctl/util/kubectl.go:22.49,25.4 2 0
github.com/giantswarm/gsctl/util/kubectl.go:18.34,22.49 3 0
github.com/giantswarm/gsctl/util/kubectl.go:16.26,18.34 2 1
github.com/giantswarm/gsctl/util/error.go:9.55,11.2 1 0
github.com/giantswarm/gsctl/util/error.go:53.46,55.2 1 5
github.com/giantswarm/gsctl/util/error.go:43.51,45.2 1 2
github.com/giantswarm/gsctl/util/error.go:33.55,35.2 1 0
github.com/giantswarm/gsctl/util/error.go:25.55,27.2 1 0
github.com/giantswarm/gsctl/util/error.go:17.59,19.2 1 0
github.com/giantswarm/gsctl/util/duration.go:94.66,101.21 4 19
github.com/giantswarm/gsctl/util/duration.go:80.2,80.40 1 17
github.com/giantswarm/gsctl/util/duration.go:77.3,77.77 1 8
github.com/giantswarm/gsctl/util/duration.go:74.16,76.4 1 5
github.com/giantswarm/gsctl/util/duration.go:72.39,74.16 2 8
github.com/giantswarm/gsctl/util/duration.go:72.2,72.39 1 17
github.com/giantswarm/gsctl/util/duration.go:69.3,69.75 1 9
github.com/giantswarm/gsctl/util/duration.go:66.15,68.4 1 4
github.com/giantswarm/gsctl/util/duration.go:64.38,66.15 2 9
github.com/giantswarm/gsctl/util/duration.go:64.2,64.38 1 17
github.com/giantswarm/gsctl/util/duration.go:61.3,61.77 1 4
github.com/giantswarm/gsctl/util/duration.go:58.16,60.4 1 2
github.com/giantswarm/gsctl/util/duration.go:56.39,58.16 2 4
github.com/giantswarm/gsctl/util/duration.go:56.2,56.39 1 17
github.com/giantswarm/gsctl/util/duration.go:53.3,53.79 1 1
github.com/giantswarm/gsctl/util/duration.go:50.17,52.4 1 1
github.com/giantswarm/gsctl/util/duration.go:48.2,48.16 1 17
github.com/giantswarm/gsctl/util/duration.go:48.16,50.17 2 1
github.com/giantswarm/gsctl/util/duration.go:45.3,45.77 1 4
github.com/giantswarm/gsctl/util/duration.go:42.16,44.4 1 1
github.com/giantswarm/gsctl/util/duration.go:40.15,42.16 2 4
github.com/giantswarm/gsctl/util/duration.go:25.39,40.15 11 17
github.com/giantswarm/gsctl/util/duration.go:146.2,146.22 1 12
github.com/giantswarm/gsctl/util/duration.go:142.10,143.63 1 0
github.com/giantswarm/gsctl/util/duration.go:141.3,141.67 1 4
github.com/giantswarm/gsctl/util/duration.go:138.34,140.4 1 1
github.com/giantswarm/gsctl/util/duration.go:137.11,138.34 1 5
github.com/giantswarm/gsctl/util/duration.go:136.3,136.66 1 2
github.com/giantswarm/gsctl/util/duration.go:133.35,135.4 1 1
github.com/giantswarm/gsctl/util/duration.go:132.11,133.35 1 3
github.com/giantswarm/gsctl/util/duration.go:131.3,131.65 1 2
github.com/giantswarm/gsctl/util/duration.go:128.34,130.4 1 1
github.com/giantswarm/gsctl/util/duration.go:127.11,128.34 1 3
github.com/giantswarm/gsctl/util/duration.go:126.3,126.61 1 2
github.com/giantswarm/gsctl/util/duration.go:123.33,125.4 1 1
github.com/giantswarm/gsctl/util/duration.go:122.11,123.33 1 3
github.com/giantswarm/gsctl/util/duration.go:121.3,121.56 1 2
github.com/giantswarm/gsctl/util/duration.go:118.34,120.4 1 1
github.com/giantswarm/gsctl/util/duration.go:117.11,118.34 1 3
github.com/giantswarm/gsctl/util/duration.go:110.2,116.14 3 17
github.com/giantswarm/gsctl/util/duration.go:106.16,108.3 1 0
github.com/giantswarm/gsctl/util/duration.go:105.2,106.16 2 17
github.com/giantswarm/gsctl/util/duration.go:101.21,103.3 1 2
github.com/giantswarm/gsctl/util/datetime.go:41.39,43.2 1 4
github.com/giantswarm/gsctl/util/datetime.go:37.2,37.10 1 1
github.com/giantswarm/gsctl/util/datetime.go:33.16,36.3 2 1
github.com/giantswarm/gsctl/util/datetime.go:32.2,33.16 2 1
github.com/giantswarm/gsctl/util/datetime.go:28.16,30.3 1 3
github.com/giantswarm/gsctl/util/datetime.go:14.45,28.16 8 4
github.com/giantswarm/gsctl/util/certs.go:46.77,49.2 2 0
github.com/giantswarm/gsctl/util/certs.go:38.85,41.2 2 0
github.com/giantswarm/gsctl/util/certs.go:30.70,33.2 2 0
github.com/giantswarm/gsctl/util/certs.go:24.2,24.17 1 0
github.com/giantswarm/gsctl/util/certs.go:18.21,23.3 4 0
github.com/giantswarm/gsctl/util/certs.go:14.81,18.21 4 0
github.com/giantswarm/gsctl/config/garbage_collect.go:99.2,99.21 1 4
github.com/giantswarm/gsctl/config/garbage_collect.go:95.38,97.3 1 2
github.com/giantswarm/gsctl/config/garbage_collect.go:95.2,95.38 1 4
github.com/giantswarm/gsctl/config/garbage_collect.go:91.16,93.3 1 0
github.com/giantswarm/gsctl/config/garbage_collect.go:90.2,91.16 2 4
github.com/giantswarm/gsctl/config/garbage_collect.go:86.18,88.3 1 0
github.com/giantswarm/gsctl/config/garbage_collect.go:82.53,86.18 3 4
github.com/giantswarm/gsctl/config/garbage_collect.go:77.2,77.12 1 3
github.com/giantswarm/gsctl/config/garbage_collect.go:72.3,73.77 2 0
github.com/giantswarm/gsctl/config/garbage_collect.go:66.44,69.4 1 0
github.com/giantswarm/gsctl/config/garbage_collect.go:64.24,66.44 1 0
github.com/giantswarm/gsctl/config/garbage_collect.go:64.2,64.24 1 3
github.com/giantswarm/gsctl/config/garbage_collect.go:59.17,61.4 1 0
github.com/giantswarm/gsctl/config/garbage_collect.go:57.3,59.17 3 1
github.com/giantswarm/gsctl/config/garbage_collect.go:53.17,55.4 1 0
github.com/giantswarm/gsctl/config/garbage_collect.go:50.36,53.17 3 1
github.com/giantswarm/gsctl/config/garbage_collect.go:48.2,50.36 2 3
github.com/giantswarm/gsctl/config/garbage_collect.go:42.4,42.15 1 2
github.com/giantswarm/gsctl/config/garbage_collect.go:42.15,44.5 1 1
github.com/giantswarm/gsctl/config/garbage_collect.go:38.18,40.5 1 0
github.com/giantswarm/gsctl/config/garbage_collect.go:37.4,38.18 2 2
github.com/giantswarm/gsctl/config/garbage_collect.go:33.18,35.5 1 0
github.com/giantswarm/gsctl/config/garbage_collect.go:28.45,33.18 3 2
github.com/giantswarm/gsctl/config/garbage_collect.go:26.29,28.45 2 4
github.com/giantswarm/gsctl/config/garbage_collect.go:24.2,26.29 2 3
github.com/giantswarm/gsctl/config/garbage_collect.go:19.16,21.3 1 0
github.com/giantswarm/gsctl/config/garbage_collect.go:17.37,19.16 2 3
github.com/giantswarm/gsctl/config/error.go:59.51,61.2 1 0
github.com/giantswarm/gsctl/config/error.go:48.62,50.2 1 0
github.com/giantswarm/gsctl/config/error.go:39.53,41.2 1 0
github.com/giantswarm/gsctl/config/error.go:30.49,32.2 1 0
github.com/giantswarm/gsctl/config/error.go:22.47,24.2 1 0
github.com/giantswarm/gsctl/config/error.go:11.48,13.2 1 1
github.com/giantswarm/gsctl/config/config.go:673.2,675.10 2 14
github.com/giantswarm/gsctl/config/config.go:668.16,670.3 1 0
github.com/giantswarm/gsctl/config/config.go:667.2,668.16 2 14
github.com/giantswarm/gsctl/config/config.go:662.75,664.3 1 4
github.com/giantswarm/gsctl/config/config.go:657.41,662.75 2 14
github.com/giantswarm/gsctl/config/config.go:649.2,649.16 1 0
github.com/giantswarm/gsctl/config/config.go:645.32,647.3 1 1
github.com/giantswarm/gsctl/config/config.go:645.2,645.32 1 1
github.com/giantswarm/gsctl/config/config.go:641.16,643.3 1 0
github.com/giantswarm/gsctl/config/config.go:637.2,641.16 4 1
github.com/giantswarm/gsctl/config/config.go:633.16,635.3 1 0
github.com/giantswarm/gsctl/config/config.go:626.2,633.16 3 1
github.com/giantswarm/gsctl/config/config.go:622.24,624.3 1 0
github.com/giantswarm/gsctl/config/config.go:620.88,622.24 1 1
github.com/giantswarm/gsctl/config/config.go:609.2,609.12 1 0
github.com/giantswarm/gsctl/config/config.go:603.45,606.3 1 2
github.com/giantswarm/gsctl/config/config.go:601.2,603.45 2 2
github.com/giantswarm/gsctl/config/config.go:596.3,596.13 1 4
github.com/giantswarm/gsctl/config/config.go:592.45,594.5 1 1
github.com/giantswarm/gsctl/config/config.go:591.32,592.45 1 4
github.com/giantswarm/gsctl/config/config.go:585.25,591.32 3 4
github.com/giantswarm/gsctl/config/config.go:582.50,585.25 2 6
github.com/giantswarm/gsctl/config/config.go:578.2,578.12 1 7
github.com/giantswarm/gsctl/config/config.go:574.16,576.3 1 0
github.com/giantswarm/gsctl/config/config.go:573.2,574.16 2 7
github.com/giantswarm/gsctl/config/config.go:568.16,570.3 1 0
github.com/giantswarm/gsctl/config/config.go:567.2,568.16 2 7
github.com/giantswarm/gsctl/config/config.go:563.16,565.3 1 0
github.com/giantswarm/gsctl/config/config.go:557.26,563.16 4 7
github.com/giantswarm/gsctl/config/config.go:553.2,553.22 1 6
github.com/giantswarm/gsctl/config/config.go:549.20,551.3 1 0
github.com/giantswarm/gsctl/config/config.go:548.2,549.20 2 6
github.com/giantswarm/gsctl/config/config.go:545.3,545.44 1 0
github.com/giantswarm/gsctl/config/config.go:540.29,544.4 1 0
github.com/giantswarm/gsctl/config/config.go:539.20,540.29 1 0
github.com/giantswarm/gsctl/config/config.go:536.58,539.20 3 6
github.com/giantswarm/gsctl/config/config.go:531.25,533.2 1 2
github.com/giantswarm/gsctl/config/config.go:521.48,524.5 2 3
github.com/giantswarm/gsctl/config/config.go:520.53,521.48 1 3
github.com/giantswarm/gsctl/config/config.go:518.31,520.53 2 3
github.com/giantswarm/gsctl/config/config.go:518.2,518.31 1 6
github.com/giantswarm/gsctl/config/config.go:514.29,516.3 1 3
github.com/giantswarm/gsctl/config/config.go:508.44,514.29 4 6
github.com/giantswarm/gsctl/config/config.go:502.2,502.12 1 6
github.com/giantswarm/gsctl/config/config.go:496.5,498.5 1 0
github.com/giantswarm/gsctl/config/config.go:494.59,496.5 1 0
github.com/giantswarm/gsctl/config/config.go:494.5,494.59 1 0
github.com/giantswarm/gsctl/config/config.go:492.43,494.5 1 0
github.com/giantswarm/gsctl/config/config.go:490.17,492.43 1 0
github.com/giantswarm/gsctl/config/config.go:488.59,490.17 2 2
github.com/giantswarm/gsctl/config/config.go:478.2,488.59 7 6
github.com/giantswarm/gsctl/config/config.go:475.16,477.3 1 0
github.com/giantswarm/gsctl/config/config.go:474.2,475.16 2 6
github.com/giantswarm/gsctl/config/config.go:469.17,471.4 1 0
github.com/giantswarm/gsctl/config/config.go:466.3,469.17 3 3
github.com/giantswarm/gsctl/config/config.go:463.21,465.4 1 0
github.com/giantswarm/gsctl/config/config.go:462.3,463.21 2 3
github.com/giantswarm/gsctl/config/config.go:458.20,460.4 1 0
github.com/giantswarm/gsctl/config/config.go:455.24,458.20 2 3
github.com/giantswarm/gsctl/config/config.go:451.2,455.24 3 6
github.com/giantswarm/gsctl/config/config.go:447.3,449.3 1 0
github.com/giantswarm/gsctl/config/config.go:445.25,447.3 1 6
github.com/giantswarm/gsctl/config/config.go:439.45,445.25 2 6
github.com/giantswarm/gsctl/config/config.go:428.2,431.71 2 1
github.com/giantswarm/gsctl/config/config.go:420.16,426.21 6 0
github.com/giantswarm/gsctl/config/config.go:418.13,420.16 2 1
github.com/giantswarm/gsctl/config/config.go:414.2,414.13 1 0
github.com/giantswarm/gsctl/config/config.go:410.16,412.3 1 0
github.com/giantswarm/gsctl/config/config.go:409.2,410.16 2 0
github.com/giantswarm/gsctl/config/config.go:405.16,407.3 1 0
github.com/giantswarm/gsctl/config/config.go:400.48,405.16 3 0
github.com/giantswarm/gsctl/config/config.go:393.3,393.35 1 1
github.com/giantswarm/gsctl/config/config.go:389.4,389.36 1 0
github.com/giantswarm/gsctl/config/config.go:387.5,387.64 1 0
github.com/giantswarm/gsctl/config/config.go:382.5,382.164 1 0
github.com/giantswarm/gsctl/config/config.go:382.164,384.6 1 0
github.com/giantswarm/gsctl/config/config.go:377.19,379.6 1 0
github.com/giantswarm/gsctl/config/config.go:376.5,377.19 2 0
github.com/giantswarm/gsctl/config/config.go:371.19,373.6 1 0
github.com/giantswarm/gsctl/config/config.go:368.4,368.28 1 0
github.com/giantswarm/gsctl/config/config.go:368.28,371.19 2 0
github.com/giantswarm/gsctl/config/config.go:364.26,366.5 1 0
github.com/giantswarm/gsctl/config/config.go:363.4,364.26 2 0
github.com/giantswarm/gsctl/config/config.go:358.43,360.5 1 0
github.com/giantswarm/gsctl/config/config.go:356.25,358.43 1 0
github.com/giantswarm/gsctl/config/config.go:350.32,356.25 3 1
github.com/giantswarm/gsctl/config/config.go:349.120,350.32 1 1
github.com/giantswarm/gsctl/config/config.go:344.2,344.15 1 2
github.com/giantswarm/gsctl/config/config.go:338.40,342.3 3 2
github.com/giantswarm/gsctl/config/config.go:338.2,338.40 1 2
github.com/giantswarm/gsctl/config/config.go:333.30,336.3 2 2
github.com/giantswarm/gsctl/config/config.go:330.51,333.30 2 2
github.com/giantswarm/gsctl/config/config.go:325.43,327.2 1 2
github.com/giantswarm/gsctl/config/config.go:321.2,321.84 1 0
github.com/giantswarm/gsctl/config/config.go:317.38,319.4 1 2
github.com/giantswarm/gsctl/config/config.go:316.31,317.38 1 2
github.com/giantswarm/gsctl/config/config.go:315.70,316.31 1 2
github.com/giantswarm/gsctl/config/config.go:310.2,310.14 1 3
github.com/giantswarm/gsctl/config/config.go:306.38,308.4 1 2
github.com/giantswarm/gsctl/config/config.go:305.31,306.38 1 5
github.com/giantswarm/gsctl/config/config.go:304.60,305.31 1 5
github.com/giantswarm/gsctl/config/config.go:300.2,300.21 1 0
github.com/giantswarm/gsctl/config/config.go:295.59,297.4 1 0
github.com/giantswarm/gsctl/config/config.go:294.47,295.59 1 0
github.com/giantswarm/gsctl/config/config.go:294.2,294.47 1 0
github.com/giantswarm/gsctl/config/config.go:290.20,292.3 1 1
github.com/giantswarm/gsctl/config/config.go:287.78,290.20 2 1
github.com/giantswarm/gsctl/config/config.go:279.2,279.11 1 0
github.com/giantswarm/gsctl/config/config.go:274.58,276.4 1 0
github.com/giantswarm/gsctl/config/config.go:273.47,274.58 1 0
github.com/giantswarm/gsctl/config/config.go:273.2,273.47 1 0
github.com/giantswarm/gsctl/config/config.go:269.27,271.3 1 1
github.com/giantswarm/gsctl/config/config.go:266.77,269.27 2 1
github.com/giantswarm/gsctl/config/config.go:258.2,258.27 1 0
github.com/giantswarm/gsctl/config/config.go:253.3,254.12 2 0
github.com/giantswarm/gsctl/config/config.go:248.55,251.4 2 0
github.com/giantswarm/gsctl/config/config.go:246.40,248.55 1 0
github.com/giantswarm/gsctl/config/config.go:246.2,246.40 1 0
github.com/giantswarm/gsctl/config/config.go:242.40,244.3 1 0
github.com/giantswarm/gsctl/config/config.go:239.83,242.40 1 0
github.com/giantswarm/gsctl/config/config.go:224.2,232.12 7 2
github.com/giantswarm/gsctl/config/config.go:220.34,222.3 1 1
github.com/giantswarm/gsctl/config/config.go:220.2,220.34 1 2
github.com/giantswarm/gsctl/config/config.go:214.36,216.4 1 1
github.com/giantswarm/gsctl/config/config.go:212.22,214.36 2 2
github.com/giantswarm/gsctl/config/config.go:212.2,212.22 1 3
github.com/giantswarm/gsctl/config/config.go:207.19,209.4 1 0
github.com/giantswarm/gsctl/config/config.go:203.44,207.19 4 1
github.com/giantswarm/gsctl/config/config.go:198.2,203.44 3 3
github.com/giantswarm/gsctl/config/config.go:194.30,196.3 1 0
github.com/giantswarm/gsctl/config/config.go:192.72,194.30 1 3
github.com/giantswarm/gsctl/config/config.go:184.2,186.12 2 1
github.com/giantswarm/gsctl/config/config.go:180.38,182.3 1 1
github.com/giantswarm/gsctl/config/config.go:172.2,180.38 2 1
github.com/giantswarm/gsctl/config/config.go:168.34,170.3 1 0
github.com/giantswarm/gsctl/config/config.go:167.2,168.34 2 1
github.com/giantswarm/gsctl/config/config.go:161.3,161.23 1 0
github.com/giantswarm/gsctl/config/config.go:161.23,163.4 1 0
github.com/giantswarm/gsctl/config/config.go:157.17,159.4 1 0
github.com/giantswarm/gsctl/config/config.go:155.46,157.17 2 0
github.com/giantswarm/gsctl/config/config.go:155.2,155.46 1 1
github.com/giantswarm/gsctl/config/config.go:148.24,150.3 1 0
github.com/giantswarm/gsctl/config/config.go:148.2,148.24 1 1
github.com/giantswarm/gsctl/config/config.go:144.32,146.3 1 0
github.com/giantswarm/gsctl/config/config.go:141.146,144.32 2 1
github.com/giantswarm/gsctl/commands/version.go:94.2,95.33 2 2
github.com/giantswarm/gsctl/commands/version.go:91.16,93.3 1 0
github.com/giantswarm/gsctl/commands/version.go:89.2,91.16 3 2
github.com/giantswarm/gsctl/commands/version.go:86.16,88.3 1 0
github.com/giantswarm/gsctl/commands/version.go:81.57,86.16 4 2
github.com/giantswarm/gsctl/commands/version.go:73.27,76.4 2 0
github.com/giantswarm/gsctl/commands/version.go:67.16,73.27 3 0
github.com/giantswarm/gsctl/commands/version.go:66.2,67.16 2 0
github.com/giantswarm/gsctl/commands/version.go:63.36,65.3 1 0
github.com/giantswarm/gsctl/commands/version.go:59.2,63.36 3 0
github.com/giantswarm/gsctl/commands/version.go:56.3,58.3 1 0
github.com/giantswarm/gsctl/commands/version.go:54.28,56.3 1 0
github.com/giantswarm/gsctl/commands/version.go:54.2,54.28 1 0
github.com/giantswarm/gsctl/commands/version.go:51.3,53.3 1 0
github.com/giantswarm/gsctl/commands/version.go:49.26,51.3 1 0
github.com/giantswarm/gsctl/commands/version.go:46.54,49.26 2 0
github.com/giantswarm/gsctl/commands/version.go:41.13,43.2 1 1
github.com/giantswarm/gsctl/commands/version.go:142.59,146.2 3 0
github.com/giantswarm/gsctl/commands/version.go:137.29,139.2 1 1
github.com/giantswarm/gsctl/commands/version.go:132.48,134.2 1 1
github.com/giantswarm/gsctl/commands/version.go:128.2,128.18 1 1
github.com/giantswarm/gsctl/commands/version.go:124.31,126.3 1 1
github.com/giantswarm/gsctl/commands/version.go:118.2,124.31 2 1
github.com/giantswarm/gsctl/commands/version.go:114.16,116.3 1 0
github.com/giantswarm/gsctl/commands/version.go:111.71,114.16 3 1
github.com/giantswarm/gsctl/commands/version.go:107.2,107.28 1 2
github.com/giantswarm/gsctl/commands/version.go:102.26,106.3 2 0
github.com/giantswarm/gsctl/commands/version.go:101.39,102.26 1 2
github.com/giantswarm/gsctl/commands/update_organization_setcredentials.go:92.13,102.2 8 1
github.com/giantswarm/gsctl/commands/update_organization_setcredentials.go:339.2,344.20 3 1
github.com/giantswarm/gsctl/commands/update_organization_setcredentials.go:334.3,334.35 1 0
github.com/giantswarm/gsctl/commands/update_organization_setcredentials.go:330.55,332.5 1 0
github.com/giantswarm/gsctl/commands/update_organization_setcredentials.go:329.55,330.55 1 0
github.com/giantswarm/gsctl/commands/update_organization_setcredentials.go:328.16,329.55 1 0
github.com/giantswarm/gsctl/commands/update_organization_setcredentials.go:325.2,328.16 4 1
github.com/giantswarm/gsctl/commands/update_organization_setcredentials.go:322.2,322.18 1 1
github.com/giantswarm/gsctl/commands/update_organization_setcredentials.go:322.18,324.3 1 0
github.com/giantswarm/gsctl/commands/update_organization_setcredentials.go:311.32,320.3 1 0
github.com/giantswarm/gsctl/commands/update_organization_setcredentials.go:311.3,311.32 1 0
github.com/giantswarm/gsctl/commands/update_organization_setcredentials.go:304.23,311.3 1 1
github.com/giantswarm/gsctl/commands/update_organization_setcredentials.go:301.109,304.23 2 1
github.com/giantswarm/gsctl/commands/update_organization_setcredentials.go:296.2,297.90 2 0
github.com/giantswarm/gsctl/commands/update_organization_setcredentials.go:292.3,292.13 1 0
github.com/giantswarm/gsctl/commands/update_organization_setcredentials.go:289.20,291.4 1 0
github.com/giantswarm/gsctl/commands/update_organization_setcredentials.go:288.3,289.20 2 0
github.com/giantswarm/gsctl/commands/update_organization_setcredentials.go:283.11,284.26 1 0
github.com/giantswarm/gsctl/commands/update_organization_setcredentials.go:280.42,282.121 2 0
github.com/giantswarm/gsctl/commands/update_organization_setcredentials.go:272.16,279.10 4 0
github.com/giantswarm/gsctl/commands/update_organization_setcredentials.go:268.81,272.16 3 0
github.com/giantswarm/gsctl/commands/update_organization_setcredentials.go:263.2,263.12 1 1
github.com/giantswarm/gsctl/commands/update_organization_setcredentials.go:258.3,258.16 1 1
github.com/giantswarm/gsctl/commands/update_organization_setcredentials.go:258.16,260.4 1 0
github.com/giantswarm/gsctl/commands/update_organization_setcredentials.go:254.37,256.5 1 1
github.com/giantswarm/gsctl/commands/update_organization_setcredentials.go:253.44,254.37 1 1
github.com/giantswarm/gsctl/commands/update_organization_setcredentials.go:252.3,253.44 2 1
github.com/giantswarm/gsctl/commands/update_organization_setcredentials.go:249.4,249.31 1 0
github.com/giantswarm/gsctl/commands/update_organization_setcredentials.go:245.64,247.6 1 0
github.com/giantswarm/gsctl/commands/update_organization_setcredentials.go:245.6,245.64 1 0
github.com/giantswarm/gsctl/commands/update_organization_setcredentials.go:243.60,245.6 1 0
github.com/giantswarm/gsctl/commands/update_organization_setcredentials.go:242.56,243.60 1 0
github.com/giantswarm/gsctl/commands/update_organization_setcredentials.go:241.17,242.56 1 0
github.com/giantswarm/gsctl/commands/update_organization_setcredentials.go:240.2,241.17 1 1
github.com/giantswarm/gsctl/commands/update_organization_setcredentials.go:239.2,240.2 2 1
github.com/giantswarm/gsctl/commands/update_organization_setcredentials.go:236.2,236.18 1 1
github.com/giantswarm/gsctl/commands/update_organization_setcredentials.go:236.18,238.3 1 0
github.com/giantswarm/gsctl/commands/update_organization_setcredentials.go:229.61,231.5 1 0
github.com/giantswarm/gsctl/commands/update_organization_setcredentials.go:229.4,229.61 1 0
github.com/giantswarm/gsctl/commands/update_organization_setcredentials.go:224.4,224.32 1 0
github.com/giantswarm/gsctl/commands/update_organization_setcredentials.go:224.32,226.5 1 0
github.com/giantswarm/gsctl/commands/update_organization_setcredentials.go:221.4,221.38 1 0
github.com/giantswarm/gsctl/commands/update_organization_setcredentials.go:221.38,223.5 1 0
github.com/giantswarm/gsctl/commands/update_organization_setcredentials.go:218.4,218.33 1 0
github.com/giantswarm/gsctl/commands/update_organization_setcredentials.go:218.33,220.5 1 0
github.com/giantswarm/gsctl/commands/update_organization_setcredentials.go:215.32,217.5 1 0
github.com/giantswarm/gsctl/commands/update_organization_setcredentials.go:214.3,214.26 1 1
github.com/giantswarm/gsctl/commands/update_organization_setcredentials.go:214.26,215.32 1 0
github.com/giantswarm/gsctl/commands/update_organization_setcredentials.go:210.4,210.123 1 1
github.com/giantswarm/gsctl/commands/update_organization_setcredentials.go:210.123,212.5 1 0
github.com/giantswarm/gsctl/commands/update_organization_setcredentials.go:205.4,205.34 1 1
github.com/giantswarm/gsctl/commands/update_organization_setcredentials.go:205.34,207.5 1 0
github.com/giantswarm/gsctl/commands/update_organization_setcredentials.go:202.31,204.5 1 0
github.com/giantswarm/gsctl/commands/update_organization_setcredentials.go:201.24,202.31 1 1
github.com/giantswarm/gsctl/commands/update_organization_setcredentials.go:200.2,201.24 1 1
github.com/giantswarm/gsctl/commands/update_organization_setcredentials.go:195.46,197.3 1 0
github.com/giantswarm/gsctl/commands/update_organization_setcredentials.go:193.2,195.46 2 1
github.com/giantswarm/gsctl/commands/update_organization_setcredentials.go:190.3,190.30 1 0
github.com/giantswarm/gsctl/commands/update_organization_setcredentials.go:186.63,188.5 1 0
github.com/giantswarm/gsctl/commands/update_organization_setcredentials.go:186.5,186.63 1 0
github.com/giantswarm/gsctl/commands/update_organization_setcredentials.go:184.59,186.5 1 0
github.com/giantswarm/gsctl/commands/update_organization_setcredentials.go:183.55,184.59 1 0
github.com/giantswarm/gsctl/commands/update_organization_setcredentials.go:182.16,183.55 1 0
github.com/giantswarm/gsctl/commands/update_organization_setcredentials.go:179.2,182.16 4 1
github.com/giantswarm/gsctl/commands/update_organization_setcredentials.go:176.2,176.18 1 1
github.com/giantswarm/gsctl/commands/update_organization_setcredentials.go:176.18,178.3 1 0
github.com/giantswarm/gsctl/commands/update_organization_setcredentials.go:171.55,173.3 1 0
github.com/giantswarm/gsctl/commands/update_organization_setcredentials.go:171.2,171.55 1 1
github.com/giantswarm/gsctl/commands/update_organization_setcredentials.go:168.31,170.3 1 0
github.com/giantswarm/gsctl/commands/update_organization_setcredentials.go:167.94,168.31 1 1
github.com/giantswarm/gsctl/commands/update_organization_setcredentials.go:164.2,164.12 1 0
github.com/giantswarm/gsctl/commands/update_organization_setcredentials.go:161.19,163.3 1 0
github.com/giantswarm/gsctl/commands/update_organization_setcredentials.go:160.2,161.19 2 0
github.com/giantswarm/gsctl/commands/update_organization_setcredentials.go:155.10,156.25 1 0
github.com/giantswarm/gsctl/commands/update_organization_setcredentials.go:151.40,154.75 3 0
github.com/giantswarm/gsctl/commands/update_organization_setcredentials.go:148.36,150.105 2 0
github.com/giantswarm/gsctl/commands/update_organization_setcredentials.go:145.39,147.78 2 0
github.com/giantswarm/gsctl/commands/update_organization_setcredentials.go:142.40,144.84 2 0
github.com/giantswarm/gsctl/commands/update_organization_setcredentials.go:139.44,141.103 2 0
github.com/giantswarm/gsctl/commands/update_organization_setcredentials.go:132.2,138.9 4 0
github.com/giantswarm/gsctl/commands/update_organization_setcredentials.go:128.16,130.3 1 0
github.com/giantswarm/gsctl/commands/update_organization_setcredentials.go:124.84,128.16 3 0
github.com/giantswarm/gsctl/commands/update_organization_setcredentials.go:104.81,122.2 4 0
github.com/giantswarm/gsctl/commands/update_organization.go:21.13,24.2 2 1
github.com/giantswarm/gsctl/commands/update.go:14.13,16.2 1 1
github.com/giantswarm/gsctl/commands/show_release.go:93.107,100.16 4 4
github.com/giantswarm/gsctl/commands/show_release.go:89.2,89.12 1 4
github.com/giantswarm/gsctl/commands/show_release.go:86.27,88.3 1 1
github.com/giantswarm/gsctl/commands/show_release.go:86.2,86.27 1 5
github.com/giantswarm/gsctl/commands/show_release.go:83.55,85.3 1 1
github.com/giantswarm/gsctl/commands/show_release.go:82.92,83.55 1 6
github.com/giantswarm/gsctl/commands/show_release.go:75.2,79.12 3 0
github.com/giantswarm/gsctl/commands/show_release.go:71.16,73.3 1 0
github.com/giantswarm/gsctl/commands/show_release.go:67.72,71.16 3 0
github.com/giantswarm/gsctl/commands/show_release.go:63.13,65.2 1 1
github.com/giantswarm/gsctl/commands/show_release.go:49.57,61.2 4 0
github.com/giantswarm/gsctl/commands/show_release.go:170.43,172.3 1 0
github.com/giantswarm/gsctl/commands/show_release.go:168.2,170.43 2 0
github.com/giantswarm/gsctl/commands/show_release.go:164.47,166.3 1 0
github.com/giantswarm/gsctl/commands/show_release.go:158.2,164.47 6 0
github.com/giantswarm/gsctl/commands/show_release.go:153.20,155.3 1 0
github.com/giantswarm/gsctl/commands/show_release.go:151.2,153.20 3 0
github.com/giantswarm/gsctl/commands/show_release.go:147.3,147.13 1 0
github.com/giantswarm/gsctl/commands/show_release.go:144.20,146.4 1 0
github.com/giantswarm/gsctl/commands/show_release.go:143.3,144.20 2 0
github.com/giantswarm/gsctl/commands/show_release.go:138.11,139.26 1 0
github.com/giantswarm/gsctl/commands/show_release.go:136.26,137.10 1 0
github.com/giantswarm/gsctl/commands/show_release.go:130.16,135.10 3 0
github.com/giantswarm/gsctl/commands/show_release.go:123.69,130.16 4 0
github.com/giantswarm/gsctl/commands/show_release.go:119.2,119.51 1 1
github.com/giantswarm/gsctl/commands/show_release.go:114.41,116.4 1 1
github.com/giantswarm/gsctl/commands/show_release.go:113.43,114.41 1 3
github.com/giantswarm/gsctl/commands/show_release.go:113.2,113.43 1 2
github.com/giantswarm/gsctl/commands/show_release.go:110.3,110.35 1 0
github.com/giantswarm/gsctl/commands/show_release.go:105.66,107.5 1 1
github.com/giantswarm/gsctl/commands/show_release.go:105.5,105.66 1 1
github.com/giantswarm/gsctl/commands/show_release.go:103.66,105.5 1 1
github.com/giantswarm/gsctl/commands/show_release.go:102.55,103.66 1 2
github.com/giantswarm/gsctl/commands/show_release.go:100.16,102.55 1 2
github.com/giantswarm/gsctl/commands/show_cluster.go:96.109,103.16 4 5
github.com/giantswarm/gsctl/commands/show_cluster.go:92.2,92.12 1 4
github.com/giantswarm/gsctl/commands/show_cluster.go:89.27,91.3 1 1
github.com/giantswarm/gsctl/commands/show_cluster.go:89.2,89.27 1 5
github.com/giantswarm/gsctl/commands/show_cluster.go:86.55,88.3 1 1
github.com/giantswarm/gsctl/commands/show_cluster.go:85.92,86.55 1 6
github.com/giantswarm/gsctl/commands/show_cluster.go:78.2,82.12 3 0
github.com/giantswarm/gsctl/commands/show_cluster.go:74.16,76.3 1 0
github.com/giantswarm/gsctl/commands/show_cluster.go:70.72,74.16 3 0
github.com/giantswarm/gsctl/commands/show_cluster.go:66.13,68.2 1 1
github.com/giantswarm/gsctl/commands/show_cluster.go:52.57,64.2 4 0
github.com/giantswarm/gsctl/commands/show_cluster.go:225.2,225.45 1 0
github.com/giantswarm/gsctl/commands/show_cluster.go:220.63,222.4 1 0
github.com/giantswarm/gsctl/commands/show_cluster.go:219.75,220.63 1 0
github.com/giantswarm/gsctl/commands/show_cluster.go:219.2,219.75 1 0
github.com/giantswarm/gsctl/commands/show_cluster.go:215.31,217.3 1 0
github.com/giantswarm/gsctl/commands/show_cluster.go:212.2,215.31 3 0
github.com/giantswarm/gsctl/commands/show_cluster.go:207.93,209.4 1 0
github.com/giantswarm/gsctl/commands/show_cluster.go:207.3,207.93 1 0
github.com/giantswarm/gsctl/commands/show_cluster.go:203.95,205.4 1 0
github.com/giantswarm/gsctl/commands/show_cluster.go:202.37,203.95 1 0
github.com/giantswarm/gsctl/commands/show_cluster.go:199.2,202.37 2 0
github.com/giantswarm/gsctl/commands/show_cluster.go:195.3,197.3 1 0
github.com/giantswarm/gsctl/commands/show_cluster.go:193.41,195.3 1 0
github.com/giantswarm/gsctl/commands/show_cluster.go:189.2,193.41 4 0
github.com/giantswarm/gsctl/commands/show_cluster.go:186.3,188.3 1 0
github.com/giantswarm/gsctl/commands/show_cluster.go:184.31,186.3 1 0
github.com/giantswarm/gsctl/commands/show_cluster.go:178.2,184.31 4 0
github.com/giantswarm/gsctl/commands/show_cluster.go:174.3,174.13 1 0
github.com/giantswarm/gsctl/commands/show_cluster.go:171.20,173.4 1 0
github.com/giantswarm/gsctl/commands/show_cluster.go:170.3,171.20 2 0
github.com/giantswarm/gsctl/commands/show_cluster.go:165.11,166.26 1 0
github.com/giantswarm/gsctl/commands/show_cluster.go:163.26,164.10 1 0
github.com/giantswarm/gsctl/commands/show_cluster.go:157.16,162.10 3 0
github.com/giantswarm/gsctl/commands/show_cluster.go:150.69,157.16 4 0
github.com/giantswarm/gsctl/commands/show_cluster.go:147.2,147.12 1 0
github.com/giantswarm/gsctl/commands/show_cluster.go:144.37,146.3 1 0
github.com/giantswarm/gsctl/commands/show_cluster.go:142.92,144.37 2 0
github.com/giantswarm/gsctl/commands/show_cluster.go:138.2,138.12 1 0
github.com/giantswarm/gsctl/commands/show_cluster.go:135.37,137.3 1 0
github.com/giantswarm/gsctl/commands/show_cluster.go:133.93,135.37 2 0
github.com/giantswarm/gsctl/commands/show_cluster.go:129.2,129.12 1 0
github.com/giantswarm/gsctl/commands/show_cluster.go:126.37,128.3 1 0
github.com/giantswarm/gsctl/commands/show_cluster.go:124.87,126.37 2 0
github.com/giantswarm/gsctl/commands/show_cluster.go:120.2,120.30 1 2
github.com/giantswarm/gsctl/commands/show_cluster.go:117.3,117.35 1 0
github.com/giantswarm/gsctl/commands/show_cluster.go:112.40,113.53 1 1
github.com/giantswarm/gsctl/commands/show_cluster.go:110.29,111.54 1 1
github.com/giantswarm/gsctl/commands/show_cluster.go:108.33,109.52 1 1
github.com/giantswarm/gsctl/commands/show_cluster.go:106.30,107.54 1 0
github.com/giantswarm/gsctl/commands/show_cluster.go:104.55,105.36 1 3
github.com/giantswarm/gsctl/commands/show_cluster.go:103.16,104.55 1 3
github.com/giantswarm/gsctl/commands/show.go:14.13,16.2 1 1
github.com/giantswarm/gsctl/commands/select_endpoint.go:83.3,85.3 1 0
github.com/giantswarm/gsctl/commands/select_endpoint.go:82.3,82.56 1 0
github.com/giantswarm/gsctl/commands/select_endpoint.go:77.44,81.4 3 0
github.com/giantswarm/gsctl/commands/select_endpoint.go:76.16,77.44 1 0
github.com/giantswarm/gsctl/commands/select_endpoint.go:74.72,76.16 2 0
github.com/giantswarm/gsctl/commands/select_endpoint.go:69.2,69.12 1 0
github.com/giantswarm/gsctl/commands/select_endpoint.go:66.27,68.3 1 0
github.com/giantswarm/gsctl/commands/select_endpoint.go:65.68,66.27 1 0
github.com/giantswarm/gsctl/commands/select_endpoint.go:62.2,62.12 1 0
github.com/giantswarm/gsctl/commands/select_endpoint.go:59.19,61.3 1 0
github.com/giantswarm/gsctl/commands/select_endpoint.go:58.2,59.19 2 0
github.com/giantswarm/gsctl/commands/select_endpoint.go:53.10,54.25 1 0
github.com/giantswarm/gsctl/commands/select_endpoint.go:50.35,52.74 2 0
github.com/giantswarm/gsctl/commands/select_endpoint.go:46.2,49.9 3 0
github.com/giantswarm/gsctl/commands/select_endpoint.go:42.16,44.3 1 0
github.com/giantswarm/gsctl/commands/select_endpoint.go:39.75,42.16 2 0
github.com/giantswarm/gsctl/commands/select_endpoint.go:33.13,35.2 1 1
github.com/giantswarm/gsctl/commands/select.go:14.13,16.2 1 1
github.com/giantswarm/gsctl/commands/scale_cluster.go:94.13,102.2 6 1
github.com/giantswarm/gsctl/commands/scale_cluster.go:66.59,83.2 4 0
github.com/giantswarm/gsctl/commands/scale_cluster.go:266.2,268.21 2 1
github.com/giantswarm/gsctl/commands/scale_cluster.go:263.3,263.39 1 0
github.com/giantswarm/gsctl/commands/scale_cluster.go:258.62,260.5 1 0
github.com/giantswarm/gsctl/commands/scale_cluster.go:258.5,258.62 1 0
github.com/giantswarm/gsctl/commands/scale_cluster.go:256.56,258.5 1 0
github.com/giantswarm/gsctl/commands/scale_cluster.go:255.55,256.56 1 0
github.com/giantswarm/gsctl/commands/scale_cluster.go:254.16,255.55 1 0
github.com/giantswarm/gsctl/commands/scale_cluster.go:250.2,254.16 4 1
github.com/giantswarm/gsctl/commands/scale_cluster.go:246.2,246.18 1 1
github.com/giantswarm/gsctl/commands/scale_cluster.go:246.18,248.3 1 0
github.com/giantswarm/gsctl/commands/scale_cluster.go:242.3,242.52 1 5
github.com/giantswarm/gsctl/commands/scale_cluster.go:239.35,241.4 1 0
github.com/giantswarm/gsctl/commands/scale_cluster.go:239.3,239.35 1 5
github.com/giantswarm/gsctl/commands/scale_cluster.go:236.34,238.4 1 0
github.com/giantswarm/gsctl/commands/scale_cluster.go:236.3,236.34 1 5
github.com/giantswarm/gsctl/commands/scale_cluster.go:233.29,235.4 1 0
github.com/giantswarm/gsctl/commands/scale_cluster.go:229.46,233.29 2 5
github.com/giantswarm/gsctl/commands/scale_cluster.go:226.2,229.46 2 1
github.com/giantswarm/gsctl/commands/scale_cluster.go:220.17,222.4 1 0
github.com/giantswarm/gsctl/commands/scale_cluster.go:217.62,220.17 2 0
github.com/giantswarm/gsctl/commands/scale_cluster.go:217.2,217.62 1 1
github.com/giantswarm/gsctl/commands/scale_cluster.go:212.34,214.3 1 0
github.com/giantswarm/gsctl/commands/scale_cluster.go:208.2,212.34 4 1
github.com/giantswarm/gsctl/commands/scale_cluster.go:205.16,207.3 1 0
github.com/giantswarm/gsctl/commands/scale_cluster.go:203.2,205.16 2 1
github.com/giantswarm/gsctl/commands/scale_cluster.go:198.33,201.3 1 0
github.com/giantswarm/gsctl/commands/scale_cluster.go:195.76,198.33 2 1
github.com/giantswarm/gsctl/commands/scale_cluster.go:185.3,191.3 2 0
github.com/giantswarm/gsctl/commands/scale_cluster.go:179.32,185.3 2 0
github.com/giantswarm/gsctl/commands/scale_cluster.go:179.2,179.32 1 0
github.com/giantswarm/gsctl/commands/scale_cluster.go:175.52,177.3 1 0
github.com/giantswarm/gsctl/commands/scale_cluster.go:174.2,175.52 2 0
github.com/giantswarm/gsctl/commands/scale_cluster.go:171.33,173.3 1 0
github.com/giantswarm/gsctl/commands/scale_cluster.go:170.2,171.33 2 0
github.com/giantswarm/gsctl/commands/scale_cluster.go:166.3,166.13 1 0
github.com/giantswarm/gsctl/commands/scale_cluster.go:163.20,165.4 1 0
github.com/giantswarm/gsctl/commands/scale_cluster.go:162.3,163.20 2 0
github.com/giantswarm/gsctl/commands/scale_cluster.go:157.11,158.26 1 0
github.com/giantswarm/gsctl/commands/scale_cluster.go:153.41,156.46 3 0
github.com/giantswarm/gsctl/commands/scale_cluster.go:150.46,152.59 2 0
github.com/giantswarm/gsctl/commands/scale_cluster.go:147.51,149.79 2 0
github.com/giantswarm/gsctl/commands/scale_cluster.go:145.35,146.35 1 0
github.com/giantswarm/gsctl/commands/scale_cluster.go:138.16,144.10 4 0
github.com/giantswarm/gsctl/commands/scale_cluster.go:133.70,138.16 4 0
github.com/giantswarm/gsctl/commands/scale_cluster.go:129.2,129.12 1 1
github.com/giantswarm/gsctl/commands/scale_cluster.go:126.27,128.3 1 0
github.com/giantswarm/gsctl/commands/scale_cluster.go:126.2,126.27 1 1
github.com/giantswarm/gsctl/commands/scale_cluster.go:123.55,125.3 1 1
github.com/giantswarm/gsctl/commands/scale_cluster.go:122.94,123.55 1 2
github.com/giantswarm/gsctl/commands/scale_cluster.go:114.2,118.12 3 0
github.com/giantswarm/gsctl/commands/scale_cluster.go:110.16,112.3 1 0
github.com/giantswarm/gsctl/commands/scale_cluster.go:106.73,110.16 3 0
github.com/giantswarm/gsctl/commands/scale.go:14.13,17.2 1 1
github.com/giantswarm/gsctl/commands/root.go:71.2,71.12 1 40
github.com/giantswarm/gsctl/commands/root.go:67.16,69.3 1 1
github.com/giantswarm/gsctl/commands/root.go:55.25,67.16 5 41
github.com/giantswarm/gsctl/commands/root.go:52.2,52.12 1 0
github.com/giantswarm/gsctl/commands/root.go:48.16,50.3 1 0
github.com/giantswarm/gsctl/commands/root.go:47.2,48.16 2 0
github.com/giantswarm/gsctl/commands/root.go:43.16,45.3 1 0
github.com/giantswarm/gsctl/commands/root.go:41.58,43.16 2 0
github.com/giantswarm/gsctl/commands/root.go:28.13,37.2 6 1
github.com/giantswarm/gsctl/commands/ping.go:97.2,100.38 3 2
github.com/giantswarm/gsctl/commands/ping.go:94.16,96.3 1 1
github.com/giantswarm/gsctl/commands/ping.go:83.2,94.16 5 3
github.com/giantswarm/gsctl/commands/ping.go:80.16,82.3 1 0
github.com/giantswarm/gsctl/commands/ping.go:72.2,80.16 4 3
github.com/giantswarm/gsctl/commands/ping.go:69.16,71.3 1 0
github.com/giantswarm/gsctl/commands/ping.go:68.2,69.16 2 3
github.com/giantswarm/gsctl/commands/ping.go:63.16,65.3 1 0
github.com/giantswarm/gsctl/commands/ping.go:62.2,63.16 2 3
github.com/giantswarm/gsctl/commands/ping.go:59.16,61.3 1 0
github.com/giantswarm/gsctl/commands/ping.go:54.54,59.16 3 3
github.com/giantswarm/gsctl/commands/ping.go:48.2,49.70 2 0
github.com/giantswarm/gsctl/commands/ping.go:39.16,46.3 4 0
github.com/giantswarm/gsctl/commands/ping.go:35.56,39.16 3 0
github.com/giantswarm/gsctl/commands/ping.go:29.13,31.2 1 1
github.com/giantswarm/gsctl/commands/ping.go:107.2,107.22 1 1
github.com/giantswarm/gsctl/commands/ping.go:104.3,104.86 1 1
github.com/giantswarm/gsctl/commands/ping.go:101.46,103.4 1 0
github.com/giantswarm/gsctl/commands/ping.go:100.38,101.46 1 1
github.com/giantswarm/gsctl/commands/logout.go:98.2,102.29 4 4
github.com/giantswarm/gsctl/commands/logout.go:94.38,96.3 1 0
github.com/giantswarm/gsctl/commands/logout.go:90.41,94.38 2 4
github.com/giantswarm/gsctl/commands/logout.go:85.2,85.97 1 1
github.com/giantswarm/gsctl/commands/logout.go:78.3,82.13 3 0
github.com/giantswarm/gsctl/commands/logout.go:72.61,75.5 2 0
github.com/giantswarm/gsctl/commands/logout.go:71.57,72.61 1 0
github.com/giantswarm/gsctl/commands/logout.go:67.16,71.57 1 0
github.com/giantswarm/gsctl/commands/logout.go:62.59,67.16 3 1
github.com/giantswarm/gsctl/commands/logout.go:55.49,58.3 2 0
github.com/giantswarm/gsctl/commands/logout.go:54.64,55.49 1 1
github.com/giantswarm/gsctl/commands/logout.go:50.13,52.2 1 1
github.com/giantswarm/gsctl/commands/logout.go:40.47,48.2 3 1
github.com/giantswarm/gsctl/commands/login_sso.go:72.2,83.20 2 0
github.com/giantswarm/gsctl/commands/login_sso.go:68.71,70.3 1 0
github.com/giantswarm/gsctl/commands/login_sso.go:68.2,68.71 1 0
github.com/giantswarm/gsctl/commands/login_sso.go:66.3,66.115 1 0
github.com/giantswarm/gsctl/commands/login_sso.go:62.19,65.4 2 0
github.com/giantswarm/gsctl/commands/login_sso.go:61.2,61.159 1 0
github.com/giantswarm/gsctl/commands/login_sso.go:61.159,62.19 1 0
github.com/giantswarm/gsctl/commands/login_sso.go:57.3,57.64 1 0
github.com/giantswarm/gsctl/commands/login_sso.go:54.4,54.35 1 0
github.com/giantswarm/gsctl/commands/login_sso.go:50.56,52.5 1 0
github.com/giantswarm/gsctl/commands/login_sso.go:49.55,50.56 1 0
github.com/giantswarm/gsctl/commands/login_sso.go:49.3,49.55 1 0
github.com/giantswarm/gsctl/commands/login_sso.go:44.5,46.5 1 0
github.com/giantswarm/gsctl/commands/login_sso.go:42.51,44.5 1 0
github.com/giantswarm/gsctl/commands/login_sso.go:40.19,42.51 2 0
github.com/giantswarm/gsctl/commands/login_sso.go:39.16,40.19 1 0
github.com/giantswarm/gsctl/commands/login_sso.go:38.2,39.16 2 0
github.com/giantswarm/gsctl/commands/login_sso.go:33.16,35.3 1 0
github.com/giantswarm/gsctl/commands/login_sso.go:32.2,33.16 2 0
github.com/giantswarm/gsctl/commands/login_sso.go:28.3,28.82 1 0
github.com/giantswarm/gsctl/commands/login_sso.go:25.19,27.4 1 0
github.com/giantswarm/gsctl/commands/login_sso.go:24.16,25.19 1 0
github.com/giantswarm/gsctl/commands/login_sso.go:20.57,24.16 3 0
github.com/giantswarm/gsctl/commands/login_sso.go:16.13,18.2 1 1
github.com/giantswarm/gsctl/commands/login_giantswarm.go:79.2,81.20 2 2
github.com/giantswarm/gsctl/commands/login_giantswarm.go:74.71,76.3 1 0
github.com/giantswarm/gsctl/commands/login_giantswarm.go:74.2,74.71 1 2
github.com/giantswarm/gsctl/commands/login_giantswarm.go:71.132,73.3 1 0
github.com/giantswarm/gsctl/commands/login_giantswarm.go:69.2,71.132 2 2
github.com/giantswarm/gsctl/commands/login_giantswarm.go:66.16,68.3 1 0
github.com/giantswarm/gsctl/commands/login_giantswarm.go:65.2,66.16 2 2
github.com/giantswarm/gsctl/commands/login_giantswarm.go:61.18,63.3 1 1
github.com/giantswarm/gsctl/commands/login_giantswarm.go:57.2,61.18 3 2
github.com/giantswarm/gsctl/commands/login_giantswarm.go:51.16,53.3 1 2
github.com/giantswarm/gsctl/commands/login_giantswarm.go:50.2,51.16 2 4
github.com/giantswarm/gsctl/commands/login_giantswarm.go:46.18,48.3 1 1
github.com/giantswarm/gsctl/commands/login_giantswarm.go:43.2,46.18 3 4
github.com/giantswarm/gsctl/commands/login_giantswarm.go:35.3,40.5 2 1
github.com/giantswarm/gsctl/commands/login_giantswarm.go:31.19,33.4 1 0
github.com/giantswarm/gsctl/commands/login_giantswarm.go:29.31,31.19 1 1
github.com/giantswarm/gsctl/commands/login_giantswarm.go:29.2,29.31 1 4
github.com/giantswarm/gsctl/commands/login_giantswarm.go:24.42,26.3 1 3
github.com/giantswarm/gsctl/commands/login_giantswarm.go:14.64,24.42 3 4
github.com/giantswarm/gsctl/commands/login.go:99.2,102.9 3 0
github.com/giantswarm/gsctl/commands/login.go:95.16,97.3 1 0
github.com/giantswarm/gsctl/commands/login.go:92.69,95.16 2 0
github.com/giantswarm/gsctl/commands/login.go:81.45,88.2 1 0
github.com/giantswarm/gsctl/commands/login.go:48.13,53.2 4 1
github.com/giantswarm/gsctl/commands/login.go:277.2,277.59 1 2
github.com/giantswarm/gsctl/commands/login.go:273.16,275.3 1 0
github.com/giantswarm/gsctl/commands/login.go:269.2,273.16 4 2
github.com/giantswarm/gsctl/commands/login.go:263.16,265.3 1 0
github.com/giantswarm/gsctl/commands/login.go:256.2,263.16 3 2
github.com/giantswarm/gsctl/commands/login.go:252.45,254.3 1 2
github.com/giantswarm/gsctl/commands/login.go:250.86,252.45 1 2
github.com/giantswarm/gsctl/commands/login.go:241.112,245.3 3 0
github.com/giantswarm/gsctl/commands/login.go:234.2,241.112 2 0
github.com/giantswarm/gsctl/commands/login.go:229.4,231.4 1 0
github.com/giantswarm/gsctl/commands/login.go:227.25,229.4 1 0
github.com/giantswarm/gsctl/commands/login.go:226.29,227.25 1 0
github.com/giantswarm/gsctl/commands/login.go:226.2,226.29 1 0
github.com/giantswarm/gsctl/commands/login.go:222.49,224.3 1 0
github.com/giantswarm/gsctl/commands/login.go:222.2,222.49 1 0
github.com/giantswarm/gsctl/commands/login.go:219.3,219.13 1 0
github.com/giantswarm/gsctl/commands/login.go:216.20,218.4 1 0
github.com/giantswarm/gsctl/commands/login.go:215.3,216.20 2 0
github.com/giantswarm/gsctl/commands/login.go:211.11,212.26 1 0
github.com/giantswarm/gsctl/commands/login.go:207.24,210.94 3 0
github.com/giantswarm/gsctl/commands/login.go:203.39,206.110 3 0
github.com/giantswarm/gsctl/commands/login.go:199.45,202.94 3 0
github.com/giantswarm/gsctl/commands/login.go:196.40,198.60 2 0
github.com/giantswarm/gsctl/commands/login.go:192.39,195.77 3 0
github.com/giantswarm/gsctl/commands/login.go:188.34,191.93 3 0
github.com/giantswarm/gsctl/commands/login.go:182.16,187.10 4 0
github.com/giantswarm/gsctl/commands/login.go:177.56,182.16 3 0
github.com/giantswarm/gsctl/commands/login.go:172.2,172.20 1 4
github.com/giantswarm/gsctl/commands/login.go:168.3,170.3 1 4
github.com/giantswarm/gsctl/commands/login.go:166.12,168.3 1 0
github.com/giantswarm/gsctl/commands/login.go:163.59,166.12 3 4
github.com/giantswarm/gsctl/commands/login.go:160.2,160.12 1 0
github.com/giantswarm/gsctl/commands/login.go:156.4,156.34 1 0
github.com/giantswarm/gsctl/commands/login.go:153.4,153.30 1 0
github.com/giantswarm/gsctl/commands/login.go:153.30,155.5 1 0
github.com/giantswarm/gsctl/commands/login.go:150.18,152.5 1 0
github.com/giantswarm/gsctl/commands/login.go:147.24,150.18 3 0
github.com/giantswarm/gsctl/commands/login.go:144.3,147.24 2 0
github.com/giantswarm/gsctl/commands/login.go:140.4,142.4 1 0
github.com/giantswarm/gsctl/commands/login.go:137.31,140.4 1 0
github.com/giantswarm/gsctl/commands/login.go:136.3,137.31 1 0
github.com/giantswarm/gsctl/commands/login.go:133.24,135.4 1 0
github.com/giantswarm/gsctl/commands/login.go:132.2,132.12 1 0
github.com/giantswarm/gsctl/commands/login.go:132.12,133.24 1 0
github.com/giantswarm/gsctl/commands/login.go:128.20,130.3 1 0
github.com/giantswarm/gsctl/commands/login.go:125.62,128.20 1 0
github.com/giantswarm/gsctl/commands/login.go:121.2,121.12 1 0
github.com/giantswarm/gsctl/commands/login.go:118.19,120.3 1 0
github.com/giantswarm/gsctl/commands/login.go:117.2,118.19 2 0
github.com/giantswarm/gsctl/commands/login.go:113.10,114.25 1 0
github.com/giantswarm/gsctl/commands/login.go:110.33,112.114 2 0
github.com/giantswarm/gsctl/commands/login.go:108.49,109.90 1 0
github.com/giantswarm/gsctl/commands/login.go:106.46,107.86 1 0
github.com/giantswarm/gsctl/commands/login.go:103.40,105.105 2 0
github.com/giantswarm/gsctl/commands/list_releases.go:98.16,101.55 2 0
github.com/giantswarm/gsctl/commands/list_releases.go:94.68,98.16 3 0
github.com/giantswarm/gsctl/commands/list_releases.go:89.2,89.12 1 2
github.com/giantswarm/gsctl/commands/list_releases.go:85.51,87.3 1 0
github.com/giantswarm/gsctl/commands/list_releases.go:84.67,85.51 1 2
github.com/giantswarm/gsctl/commands/list_releases.go:76.2,79.12 3 0
github.com/giantswarm/gsctl/commands/list_releases.go:72.16,74.3 1 0
github.com/giantswarm/gsctl/commands/list_releases.go:68.71,72.16 3 0
github.com/giantswarm/gsctl/commands/list_releases.go:62.13,64.2 1 1
github.com/giantswarm/gsctl/commands/list_releases.go:50.59,60.2 4 0
github.com/giantswarm/gsctl/commands/list_releases.go:246.2,246.30 1 2
github.com/giantswarm/gsctl/commands/list_releases.go:243.3,243.28 1 1
github.com/giantswarm/gsctl/commands/list_releases.go:239.17,241.4 1 0
github.com/giantswarm/gsctl/commands/list_releases.go:238.3,239.17 2 1
github.com/giantswarm/gsctl/commands/list_releases.go:235.17,237.4 1 0
github.com/giantswarm/gsctl/commands/list_releases.go:233.54,235.17 2 1
github.com/giantswarm/gsctl/commands/list_releases.go:233.2,233.54 1 2
github.com/giantswarm/gsctl/commands/list_releases.go:229.3,229.35 1 0
github.com/giantswarm/gsctl/commands/list_releases.go:224.66,226.5 1 0
github.com/giantswarm/gsctl/commands/list_releases.go:224.5,224.66 1 0
github.com/giantswarm/gsctl/commands/list_releases.go:222.66,224.5 1 0
github.com/giantswarm/gsctl/commands/list_releases.go:221.55,222.66 1 0
github.com/giantswarm/gsctl/commands/list_releases.go:219.16,221.55 1 0
github.com/giantswarm/gsctl/commands/list_releases.go:214.84,219.16 4 2
github.com/giantswarm/gsctl/commands/list_releases.go:210.2,210.45 1 0
github.com/giantswarm/gsctl/commands/list_releases.go:197.4,207.4 1 0
github.com/giantswarm/gsctl/commands/list_releases.go:187.3,187.25 1 0
github.com/giantswarm/gsctl/commands/list_releases.go:187.25,197.4 1 0
github.com/giantswarm/gsctl/commands/list_releases.go:182.4,182.35 1 0
github.com/giantswarm/gsctl/commands/list_releases.go:182.35,184.5 1 0
github.com/giantswarm/gsctl/commands/list_releases.go:179.4,179.36 1 0
github.com/giantswarm/gsctl/commands/list_releases.go:179.36,181.5 1 0
github.com/giantswarm/gsctl/commands/list_releases.go:176.43,178.5 1 0
github.com/giantswarm/gsctl/commands/list_releases.go:176.4,176.43 1 0
github.com/giantswarm/gsctl/commands/list_releases.go:173.39,175.5 1 0
github.com/giantswarm/gsctl/commands/list_releases.go:172.48,173.39 1 0
github.com/giantswarm/gsctl/commands/list_releases.go:172.3,172.48 1 0
github.com/giantswarm/gsctl/commands/list_releases.go:166.4,170.4 2 0
github.com/giantswarm/gsctl/commands/list_releases.go:163.5,163.33 1 0
github.com/giantswarm/gsctl/commands/list_releases.go:163.33,165.5 1 0
github.com/giantswarm/gsctl/commands/list_releases.go:161.4,161.22 1 0
github.com/giantswarm/gsctl/commands/list_releases.go:161.22,163.5 1 0
github.com/giantswarm/gsctl/commands/list_releases.go:156.6,158.6 1 0
github.com/giantswarm/gsctl/commands/list_releases.go:154.29,156.6 1 0
github.com/giantswarm/gsctl/commands/list_releases.go:147.31,154.29 2 0
github.com/giantswarm/gsctl/commands/list_releases.go:146.17,147.31 1 0
github.com/giantswarm/gsctl/commands/list_releases.go:134.35,146.17 7 0
github.com/giantswarm/gsctl/commands/list_releases.go:119.2,134.35 6 0
github.com/giantswarm/gsctl/commands/list_releases.go:113.24,116.3 2 0
github.com/giantswarm/gsctl/commands/list_releases.go:113.2,113.24 1 0
github.com/giantswarm/gsctl/commands/list_releases.go:109.3,109.13 1 0
github.com/giantswarm/gsctl/commands/list_releases.go:106.4,108.4 1 0
github.com/giantswarm/gsctl/commands/list_releases.go:103.36,105.5 1 0
github.com/giantswarm/gsctl/commands/list_releases.go:101.55,103.36 2 0
github.com/giantswarm/gsctl/commands/list_organizations.go:96.34,101.16 4 2
github.com/giantswarm/gsctl/commands/list_organizations.go:91.2,91.19 1 0
github.com/giantswarm/gsctl/commands/list_organizations.go:89.3,89.13 1 0
github.com/giantswarm/gsctl/commands/list_organizations.go:86.4,88.4 1 0
github.com/giantswarm/gsctl/commands/list_organizations.go:83.36,85.5 1 0
github.com/giantswarm/gsctl/commands/list_organizations.go:81.55,83.36 2 0
github.com/giantswarm/gsctl/commands/list_organizations.go:80.16,81.55 1 0
github.com/giantswarm/gsctl/commands/list_organizations.go:78.59,80.16 2 0
github.com/giantswarm/gsctl/commands/list_organizations.go:70.2,70.12 1 2
github.com/giantswarm/gsctl/commands/list_organizations.go:67.55,69.3 1 0
github.com/giantswarm/gsctl/commands/list_organizations.go:66.64,67.55 1 2
github.com/giantswarm/gsctl/commands/list_organizations.go:63.2,63.25 1 0
github.com/giantswarm/gsctl/commands/list_organizations.go:59.16,61.3 1 0
github.com/giantswarm/gsctl/commands/list_organizations.go:56.69,59.16 3 0
github.com/giantswarm/gsctl/commands/list_organizations.go:52.13,54.2 1 1
github.com/giantswarm/gsctl/commands/list_organizations.go:40.51,50.2 4 0
github.com/giantswarm/gsctl/commands/list_organizations.go:128.2,128.20 1 2
github.com/giantswarm/gsctl/commands/list_organizations.go:123.40,125.4 1 3
github.com/giantswarm/gsctl/commands/list_organizations.go:122.3,123.40 2 1
github.com/giantswarm/gsctl/commands/list_organizations.go:118.55,120.4 1 2
github.com/giantswarm/gsctl/commands/list_organizations.go:116.3,118.55 1 1
github.com/giantswarm/gsctl/commands/list_organizations.go:114.32,116.3 1 1
github.com/giantswarm/gsctl/commands/list_organizations.go:113.2,114.32 2 2
github.com/giantswarm/gsctl/commands/list_organizations.go:110.3,110.34 1 0
github.com/giantswarm/gsctl/commands/list_organizations.go:105.63,107.5 1 0
github.com/giantswarm/gsctl/commands/list_organizations.go:105.5,105.63 1 0
github.com/giantswarm/gsctl/commands/list_organizations.go:103.59,105.5 1 0
github.com/giantswarm/gsctl/commands/list_organizations.go:102.55,103.59 1 0
github.com/giantswarm/gsctl/commands/list_organizations.go:101.16,102.55 1 0
github.com/giantswarm/gsctl/commands/list_keypairs.go:99.26,102.22 2 0
github.com/giantswarm/gsctl/commands/list_keypairs.go:99.2,99.26 1 3
github.com/giantswarm/gsctl/commands/list_keypairs.go:96.51,98.3 1 1
github.com/giantswarm/gsctl/commands/list_keypairs.go:95.62,96.51 1 4
github.com/giantswarm/gsctl/commands/list_keypairs.go:82.16,87.3 3 0
github.com/giantswarm/gsctl/commands/list_keypairs.go:79.75,82.16 3 0
github.com/giantswarm/gsctl/commands/list_keypairs.go:69.13,75.2 4 1
github.com/giantswarm/gsctl/commands/list_keypairs.go:50.59,62.2 4 0
github.com/giantswarm/gsctl/commands/list_keypairs.go:212.2,214.20 2 2
github.com/giantswarm/gsctl/commands/list_keypairs.go:207.55,209.4 1 1
github.com/giantswarm/gsctl/commands/list_keypairs.go:206.31,207.55 1 1
github.com/giantswarm/gsctl/commands/list_keypairs.go:206.2,206.31 1 2
github.com/giantswarm/gsctl/commands/list_keypairs.go:202.3,202.38 1 0
github.com/giantswarm/gsctl/commands/list_keypairs.go:197.66,199.5 1 0
github.com/giantswarm/gsctl/commands/list_keypairs.go:197.5,197.66 1 0
github.com/giantswarm/gsctl/commands/list_keypairs.go:195.62,197.5 1 1
github.com/giantswarm/gsctl/commands/list_keypairs.go:195.5,195.62 1 1
github.com/giantswarm/gsctl/commands/list_keypairs.go:193.66,195.5 1 0
github.com/giantswarm/gsctl/commands/list_keypairs.go:192.55,193.66 1 1
github.com/giantswarm/gsctl/commands/list_keypairs.go:191.16,192.55 1 1
github.com/giantswarm/gsctl/commands/list_keypairs.go:184.75,191.16 5 3
github.com/giantswarm/gsctl/commands/list_keypairs.go:178.3,178.46 1 0
github.com/giantswarm/gsctl/commands/list_keypairs.go:168.4,176.51 2 0
github.com/giantswarm/gsctl/commands/list_keypairs.go:163.41,165.5 1 0
github.com/giantswarm/gsctl/commands/list_keypairs.go:157.43,163.41 5 0
github.com/giantswarm/gsctl/commands/list_keypairs.go:144.3,157.43 4 0
github.com/giantswarm/gsctl/commands/list_keypairs.go:141.31,144.3 2 0
github.com/giantswarm/gsctl/commands/list_keypairs.go:141.2,141.31 1 0
github.com/giantswarm/gsctl/commands/list_keypairs.go:137.3,137.13 1 0
github.com/giantswarm/gsctl/commands/list_keypairs.go:134.20,136.4 1 0
github.com/giantswarm/gsctl/commands/list_keypairs.go:133.3,134.20 2 0
github.com/giantswarm/gsctl/commands/list_keypairs.go:129.11,130.26 1 0
github.com/giantswarm/gsctl/commands/list_keypairs.go:126.36,128.127 2 0
github.com/giantswarm/gsctl/commands/list_keypairs.go:119.16,125.10 4 0
github.com/giantswarm/gsctl/commands/list_keypairs.go:114.65,119.16 3 0
github.com/giantswarm/gsctl/commands/list_keypairs.go:109.2,109.12 1 3
github.com/giantswarm/gsctl/commands/list_keypairs.go:104.4,106.4 1 0
github.com/giantswarm/gsctl/commands/list_keypairs.go:102.22,104.4 1 0
github.com/giantswarm/gsctl/commands/list_endpoints.go:99.2,102.14 3 1
github.com/giantswarm/gsctl/commands/list_endpoints.go:95.3,95.25 1 1
github.com/giantswarm/gsctl/commands/list_endpoints.go:92.3,92.19 1 1
github.com/giantswarm/gsctl/commands/list_endpoints.go:92.19,94.4 1 0
github.com/giantswarm/gsctl/commands/list_endpoints.go:89.19,91.4 1 1
github.com/giantswarm/gsctl/commands/list_endpoints.go:85.47,89.19 3 1
github.com/giantswarm/gsctl/commands/list_endpoints.go:85.2,85.47 1 1
github.com/giantswarm/gsctl/commands/list_endpoints.go:82.47,84.3 1 1
github.com/giantswarm/gsctl/commands/list_endpoints.go:82.2,82.47 1 1
github.com/giantswarm/gsctl/commands/list_endpoints.go:76.52,78.4 1 1
github.com/giantswarm/gsctl/commands/list_endpoints.go:75.40,76.52 1 2
github.com/giantswarm/gsctl/commands/list_endpoints.go:74.2,75.40 2 1
github.com/giantswarm/gsctl/commands/list_endpoints.go:69.41,71.3 1 2
github.com/giantswarm/gsctl/commands/list_endpoints.go:68.2,69.41 2 1
github.com/giantswarm/gsctl/commands/list_endpoints.go:62.39,65.3 1 0
github.com/giantswarm/gsctl/commands/list_endpoints.go:61.57,62.39 1 1
github.com/giantswarm/gsctl/commands/list_endpoints.go:55.18,57.3 1 0
github.com/giantswarm/gsctl/commands/list_endpoints.go:52.55,55.18 3 0
github.com/giantswarm/gsctl/commands/list_endpoints.go:40.60,49.2 4 0
github.com/giantswarm/gsctl/commands/list_endpoints.go:34.13,36.2 1 1
github.com/giantswarm/gsctl/commands/list_endpoints.go:155.2,155.39 1 1
github.com/giantswarm/gsctl/commands/list_endpoints.go:152.3,152.54 1 2
github.com/giantswarm/gsctl/commands/list_endpoints.go:147.4,150.39 4 1
github.com/giantswarm/gsctl/commands/list_endpoints.go:144.16,146.5 1 1
github.com/giantswarm/gsctl/commands/list_endpoints.go:143.4,144.16 1 1
github.com/giantswarm/gsctl/commands/list_endpoints.go:139.4,142.59 4 1
github.com/giantswarm/gsctl/commands/list_endpoints.go:136.16,138.5 1 1
github.com/giantswarm/gsctl/commands/list_endpoints.go:134.35,136.16 1 1
github.com/giantswarm/gsctl/commands/list_endpoints.go:133.3,134.35 2 2
github.com/giantswarm/gsctl/commands/list_endpoints.go:129.52,131.4 1 2
github.com/giantswarm/gsctl/commands/list_endpoints.go:129.3,129.52 1 2
github.com/giantswarm/gsctl/commands/list_endpoints.go:125.52,127.4 1 2
github.com/giantswarm/gsctl/commands/list_endpoints.go:125.3,125.52 1 2
github.com/giantswarm/gsctl/commands/list_endpoints.go:121.35,123.4 1 1
github.com/giantswarm/gsctl/commands/list_endpoints.go:121.3,121.35 1 2
github.com/giantswarm/gsctl/commands/list_endpoints.go:117.52,119.4 1 1
github.com/giantswarm/gsctl/commands/list_endpoints.go:111.40,117.52 5 2
github.com/giantswarm/gsctl/commands/list_endpoints.go:105.2,111.40 6 1
github.com/giantswarm/gsctl/commands/list_endpoints.go:102.14,104.3 1 1
github.com/giantswarm/gsctl/commands/list_clusters.go:99.2,99.18 1 0
github.com/giantswarm/gsctl/commands/list_clusters.go:99.18,101.3 1 0
github.com/giantswarm/gsctl/commands/list_clusters.go:96.3,96.13 1 0
github.com/giantswarm/gsctl/commands/list_clusters.go:93.4,95.4 1 0
github.com/giantswarm/gsctl/commands/list_clusters.go:90.36,92.5 1 0
github.com/giantswarm/gsctl/commands/list_clusters.go:88.55,90.36 2 0
github.com/giantswarm/gsctl/commands/list_clusters.go:85.16,88.55 2 0
github.com/giantswarm/gsctl/commands/list_clusters.go:81.69,85.16 3 0
github.com/giantswarm/gsctl/commands/list_clusters.go:77.2,77.12 1 3
github.com/giantswarm/gsctl/commands/list_clusters.go:73.28,75.3 1 0
github.com/giantswarm/gsctl/commands/list_clusters.go:73.2,73.28 1 3
github.com/giantswarm/gsctl/commands/list_clusters.go:70.55,72.3 1 0
github.com/giantswarm/gsctl/commands/list_clusters.go:69.71,70.55 1 3
github.com/giantswarm/gsctl/commands/list_clusters.go:66.2,66.25 1 0
github.com/giantswarm/gsctl/commands/list_clusters.go:62.16,64.3 1 0
github.com/giantswarm/gsctl/commands/list_clusters.go:58.72,62.16 3 0
github.com/giantswarm/gsctl/commands/list_clusters.go:54.13,56.2 1 1
github.com/giantswarm/gsctl/commands/list_clusters.go:42.59,52.2 4 0
github.com/giantswarm/gsctl/commands/list_clusters.go:156.2,156.44 1 1
github.com/giantswarm/gsctl/commands/list_clusters.go:147.3,153.11 1 4
github.com/giantswarm/gsctl/commands/list_clusters.go:143.27,145.4 1 4
github.com/giantswarm/gsctl/commands/list_clusters.go:140.43,143.27 3 4
github.com/giantswarm/gsctl/commands/list_clusters.go:140.2,140.43 1 1
github.com/giantswarm/gsctl/commands/list_clusters.go:136.54,138.3 1 3
github.com/giantswarm/gsctl/commands/list_clusters.go:127.2,136.54 2 1
github.com/giantswarm/gsctl/commands/list_clusters.go:123.32,125.3 1 1
github.com/giantswarm/gsctl/commands/list_clusters.go:123.2,123.32 1 2
github.com/giantswarm/gsctl/commands/list_clusters.go:120.3,120.34 1 0
github.com/giantswarm/gsctl/commands/list_clusters.go:115.30,116.53 1 0
github.com/giantswarm/gsctl/commands/list_clusters.go:113.33,114.51 1 1
github.com/giantswarm/gsctl/commands/list_clusters.go:111.55,112.36 1 1
github.com/giantswarm/gsctl/commands/list_clusters.go:110.16,111.55 1 1
github.com/giantswarm/gsctl/commands/list_clusters.go:105.64,110.16 4 3
github.com/giantswarm/gsctl/commands/list.go:14.13,16.2 1 1
github.com/giantswarm/gsctl/commands/info.go:96.3,98.3 1 0
github.com/giantswarm/gsctl/commands/info.go:94.24,96.3 1 2
github.com/giantswarm/gsctl/commands/info.go:94.2,94.24 1 2
github.com/giantswarm/gsctl/commands/info.go:90.35,92.3 1 0
github.com/giantswarm/gsctl/commands/info.go:90.2,90.35 1 2
github.com/giantswarm/gsctl/commands/info.go:86.3,88.3 1 2
github.com/giantswarm/gsctl/commands/info.go:84.30,86.3 1 0
github.com/giantswarm/gsctl/commands/info.go:71.51,84.30 8 2
github.com/giantswarm/gsctl/commands/info.go:66.13,68.2 1 1
github.com/giantswarm/gsctl/commands/info.go:40.43,51.2 4 3
github.com/giantswarm/gsctl/commands/info.go:190.2,190.20 1 1
github.com/giantswarm/gsctl/commands/info.go:187.3,187.33 1 0
github.com/giantswarm/gsctl/commands/info.go:183.17,185.4 1 2
github.com/giantswarm/gsctl/commands/info.go:178.28,183.17 4 2
github.com/giantswarm/gsctl/commands/info.go:178.2,178.28 1 3
github.com/giantswarm/gsctl/commands/info.go:172.49,174.4 1 0
github.com/giantswarm/gsctl/commands/info.go:171.37,172.49 1 0
github.com/giantswarm/gsctl/commands/info.go:168.2,171.37 2 3
github.com/giantswarm/gsctl/commands/info.go:164.56,166.3 1 0
github.com/giantswarm/gsctl/commands/info.go:159.2,164.56 5 3
github.com/giantswarm/gsctl/commands/info.go:155.28,157.3 1 2
github.com/giantswarm/gsctl/commands/info.go:152.51,155.28 2 3
github.com/giantswarm/gsctl/commands/info.go:143.16,147.3 3 2
github.com/giantswarm/gsctl/commands/info.go:141.2,143.16 2 2
github.com/giantswarm/gsctl/commands/info.go:135.68,137.5 1 0
github.com/giantswarm/gsctl/commands/info.go:135.4,135.68 1 0
github.com/giantswarm/gsctl/commands/info.go:132.72,134.5 1 0
github.com/giantswarm/gsctl/commands/info.go:132.4,132.72 1 0
github.com/giantswarm/gsctl/commands/info.go:127.70,130.5 2 0
github.com/giantswarm/gsctl/commands/info.go:127.5,127.70 1 0
github.com/giantswarm/gsctl/commands/info.go:124.61,127.5 2 0
github.com/giantswarm/gsctl/commands/info.go:123.33,124.61 1 0
github.com/giantswarm/gsctl/commands/info.go:123.3,123.33 1 2
github.com/giantswarm/gsctl/commands/info.go:119.4,121.4 1 0
github.com/giantswarm/gsctl/commands/info.go:117.87,119.4 1 2
github.com/giantswarm/gsctl/commands/info.go:115.30,117.87 1 2
github.com/giantswarm/gsctl/commands/info.go:115.2,115.30 1 2
github.com/giantswarm/gsctl/commands/info.go:109.4,111.4 1 0
github.com/giantswarm/gsctl/commands/info.go:107.25,109.4 1 1
github.com/giantswarm/gsctl/commands/info.go:106.22,107.25 1 1
github.com/giantswarm/gsctl/commands/info.go:106.2,106.22 1 2
github.com/giantswarm/gsctl/commands/info.go:102.3,104.3 1 2
github.com/giantswarm/gsctl/commands/info.go:100.24,102.3 1 0
github.com/giantswarm/gsctl/commands/info.go:100.2,100.24 1 2
github.com/giantswarm/gsctl/commands/error.go:98.45,100.2 1 2
github.com/giantswarm/gsctl/commands/error.go:88.46,90.2 1 1
github.com/giantswarm/gsctl/commands/error.go:78.55,80.2 1 0
github.com/giantswarm/gsctl/commands/error.go:67.46,69.2 1 0
github.com/giantswarm/gsctl/commands/error.go:55.44,57.2 1 0
github.com/giantswarm/gsctl/commands/error.go:498.51,500.2 1 0
github.com/giantswarm/gsctl/commands/error.go:487.49,489.2 1 0
github.com/giantswarm/gsctl/commands/error.go:477.50,479.2 1 0
github.com/giantswarm/gsctl/commands/error.go:466.33,468.2 1 0
github.com/giantswarm/gsctl/commands/error.go:456.46,458.2 1 0
github.com/giantswarm/gsctl/commands/error.go:45.49,47.2 1 0
github.com/giantswarm/gsctl/commands/error.go:446.45,448.2 1 0
github.com/giantswarm/gsctl/commands/error.go:436.44,438.2 1 0
github.com/giantswarm/gsctl/commands/error.go:425.47,427.2 1 0
github.com/giantswarm/gsctl/commands/error.go:415.44,417.2 1 0
github.com/giantswarm/gsctl/commands/error.go:405.48,407.2 1 0
github.com/giantswarm/gsctl/commands/error.go:394.45,396.2 1 0
github.com/giantswarm/gsctl/commands/error.go:383.50,385.2 1 0
github.com/giantswarm/gsctl/commands/error.go:372.59,374.2 1 0
github.com/giantswarm/gsctl/commands/error.go:361.56,363.2 1 0
github.com/giantswarm/gsctl/commands/error.go:350.43,352.2 1 0
github.com/giantswarm/gsctl/commands/error.go:35.41,37.2 1 3
github.com/giantswarm/gsctl/commands/error.go:340.45,342.2 1 0
github.com/giantswarm/gsctl/commands/error.go:330.50,332.2 1 0
github.com/giantswarm/gsctl/commands/error.go:320.60,322.2 1 0
github.com/giantswarm/gsctl/commands/error.go:309.50,311.2 1 0
github.com/giantswarm/gsctl/commands/error.go:296.51,298.2 1 0
github.com/giantswarm/gsctl/commands/error.go:283.40,285.2 1 1
github.com/giantswarm/gsctl/commands/error.go:273.51,275.2 1 0
github.com/giantswarm/gsctl/commands/error.go:261.59,263.2 1 0
github.com/giantswarm/gsctl/commands/error.go:25.50,27.2 1 0
github.com/giantswarm/gsctl/commands/error.go:249.49,251.2 1 1
github.com/giantswarm/gsctl/commands/error.go:239.54,241.2 1 0
github.com/giantswarm/gsctl/commands/error.go:229.50,231.2 1 1
github.com/giantswarm/gsctl/commands/error.go:219.49,221.2 1 0
github.com/giantswarm/gsctl/commands/error.go:208.55,210.2 1 0
github.com/giantswarm/gsctl/commands/error.go:197.54,199.2 1 0
github.com/giantswarm/gsctl/commands/error.go:186.56,188.2 1 0
github.com/giantswarm/gsctl/commands/error.go:175.50,177.2 1 0
github.com/giantswarm/gsctl/commands/error.go:164.51,166.2 1 0
github.com/giantswarm/gsctl/commands/error.go:151.43,153.2 1 4
github.com/giantswarm/gsctl/commands/error.go:15.37,17.2 1 0
github.com/giantswarm/gsctl/commands/error.go:140.40,142.2 1 0
github.com/giantswarm/gsctl/commands/error.go:130.44,132.2 1 2
github.com/giantswarm/gsctl/commands/error.go:118.45,120.2 1 1
github.com/giantswarm/gsctl/commands/error.go:108.51,110.2 1 1
github.com/giantswarm/gsctl/commands/delete_cluster.go:96.11,97.26 1 0
github.com/giantswarm/gsctl/commands/delete_cluster.go:92.42,95.46 3 0
github.com/giantswarm/gsctl/commands/delete_cluster.go:85.16,91.10 4 0
github.com/giantswarm/gsctl/commands/delete_cluster.go:81.71,85.16 3 0
github.com/giantswarm/gsctl/commands/delete_cluster.go:69.13,76.2 4 1
github.com/giantswarm/gsctl/commands/delete_cluster.go:31.61,44.2 4 0
github.com/giantswarm/gsctl/commands/delete_cluster.go:172.2,172.18 1 1
github.com/giantswarm/gsctl/commands/delete_cluster.go:169.3,169.74 1 0
github.com/giantswarm/gsctl/commands/delete_cluster.go:164.56,166.5 1 0
github.com/giantswarm/gsctl/commands/delete_cluster.go:163.55,164.56 1 0
github.com/giantswarm/gsctl/commands/delete_cluster.go:161.16,163.55 1 0
github.com/giantswarm/gsctl/commands/delete_cluster.go:156.2,161.16 4 1
github.com/giantswarm/gsctl/commands/delete_cluster.go:151.17,153.4 1 0
github.com/giantswarm/gsctl/commands/delete_cluster.go:149.17,151.17 2 0
github.com/giantswarm/gsctl/commands/delete_cluster.go:147.63,149.17 1 1
github.com/giantswarm/gsctl/commands/delete_cluster.go:135.18,137.4 1 0
github.com/giantswarm/gsctl/commands/delete_cluster.go:134.3,135.18 1 0
github.com/giantswarm/gsctl/commands/delete_cluster.go:132.2,132.13 1 0
github.com/giantswarm/gsctl/commands/delete_cluster.go:132.13,134.3 1 0
github.com/giantswarm/gsctl/commands/delete_cluster.go:124.16,129.3 3 0
github.com/giantswarm/gsctl/commands/delete_cluster.go:121.70,124.16 3 0
github.com/giantswarm/gsctl/commands/delete_cluster.go:117.2,117.12 1 1
github.com/giantswarm/gsctl/commands/delete_cluster.go:114.51,116.3 1 1
github.com/giantswarm/gsctl/commands/delete_cluster.go:114.2,114.51 1 2
github.com/giantswarm/gsctl/commands/delete_cluster.go:111.26,113.3 1 1
github.com/giantswarm/gsctl/commands/delete_cluster.go:110.76,111.26 1 3
github.com/giantswarm/gsctl/commands/delete_cluster.go:105.3,105.13 1 0
github.com/giantswarm/gsctl/commands/delete_cluster.go:102.20,104.4 1 0
github.com/giantswarm/gsctl/commands/delete_cluster.go:101.3,102.20 2 0
github.com/giantswarm/gsctl/commands/delete.go:14.13,16.2 1 1
github.com/giantswarm/gsctl/commands/create_kubeconfig.go:96.36,98.3 1 0
github.com/giantswarm/gsctl/commands/create_kubeconfig.go:95.2,96.36 2 0
github.com/giantswarm/gsctl/commands/create_kubeconfig.go:91.23,93.3 1 0
github.com/giantswarm/gsctl/commands/create_kubeconfig.go:85.76,91.23 5 0
github.com/giantswarm/gsctl/commands/create_kubeconfig.go:490.2,490.20 1 3
github.com/giantswarm/gsctl/commands/create_kubeconfig.go:487.3,487.52 1 1
github.com/giantswarm/gsctl/commands/create_kubeconfig.go:483.17,485.4 1 0
github.com/giantswarm/gsctl/commands/create_kubeconfig.go:482.3,483.17 2 1
github.com/giantswarm/gsctl/commands/create_kubeconfig.go:478.17,480.4 1 0
github.com/giantswarm/gsctl/commands/create_kubeconfig.go:441.3,478.17 3 1
github.com/giantswarm/gsctl/commands/create_kubeconfig.go:438.66,440.4 1 0
github.com/giantswarm/gsctl/commands/create_kubeconfig.go:438.3,438.66 1 2
github.com/giantswarm/gsctl/commands/create_kubeconfig.go:435.82,437.4 1 0
github.com/giantswarm/gsctl/commands/create_kubeconfig.go:435.3,435.82 1 2
github.com/giantswarm/gsctl/commands/create_kubeconfig.go:432.3,432.113 1 2
github.com/giantswarm/gsctl/commands/create_kubeconfig.go:432.113,434.4 1 0
github.com/giantswarm/gsctl/commands/create_kubeconfig.go:429.103,431.4 1 0
github.com/giantswarm/gsctl/commands/create_kubeconfig.go:418.34,429.103 5 2
github.com/giantswarm/gsctl/commands/create_kubeconfig.go:415.2,418.34 3 3
github.com/giantswarm/gsctl/commands/create_kubeconfig.go:411.3,411.38 1 0
github.com/giantswarm/gsctl/commands/create_kubeconfig.go:406.64,408.5 1 0
github.com/giantswarm/gsctl/commands/create_kubeconfig.go:406.5,406.64 1 0
github.com/giantswarm/gsctl/commands/create_kubeconfig.go:404.63,406.5 1 0
github.com/giantswarm/gsctl/commands/create_kubeconfig.go:404.5,404.63 1 0
github.com/giantswarm/gsctl/commands/create_kubeconfig.go:402.62,404.5 1 0
github.com/giantswarm/gsctl/commands/create_kubeconfig.go:402.5,402.62 1 0
github.com/giantswarm/gsctl/commands/create_kubeconfig.go:400.56,402.5 1 0
github.com/giantswarm/gsctl/commands/create_kubeconfig.go:399.55,400.56 1 0
github.com/giantswarm/gsctl/commands/create_kubeconfig.go:397.16,399.55 1 0
github.com/giantswarm/gsctl/commands/create_kubeconfig.go:386.2,397.16 4 3
github.com/giantswarm/gsctl/commands/create_kubeconfig.go:383.3,383.38 1 0
github.com/giantswarm/gsctl/commands/create_kubeconfig.go:378.55,381.4 1 1
github.com/giantswarm/gsctl/commands/create_kubeconfig.go:377.16,378.55 1 1
github.com/giantswarm/gsctl/commands/create_kubeconfig.go:368.87,377.16 5 4
github.com/giantswarm/gsctl/commands/create_kubeconfig.go:350.3,363.3 9 0
github.com/giantswarm/gsctl/commands/create_kubeconfig.go:343.36,350.3 4 0
github.com/giantswarm/gsctl/commands/create_kubeconfig.go:338.2,343.36 3 0
github.com/giantswarm/gsctl/commands/create_kubeconfig.go:333.3,333.13 1 0
github.com/giantswarm/gsctl/commands/create_kubeconfig.go:330.20,332.4 1 0
github.com/giantswarm/gsctl/commands/create_kubeconfig.go:329.3,330.20 2 0
github.com/giantswarm/gsctl/commands/create_kubeconfig.go:324.11,325.26 1 0
github.com/giantswarm/gsctl/commands/create_kubeconfig.go:320.31,323.120 3 0
github.com/giantswarm/gsctl/commands/create_kubeconfig.go:317.38,319.53 2 0
github.com/giantswarm/gsctl/commands/create_kubeconfig.go:314.36,316.90 2 0
github.com/giantswarm/gsctl/commands/create_kubeconfig.go:311.51,313.71 2 0
github.com/giantswarm/gsctl/commands/create_kubeconfig.go:309.51,310.38 1 0
github.com/giantswarm/gsctl/commands/create_kubeconfig.go:305.55,308.77 3 0
github.com/giantswarm/gsctl/commands/create_kubeconfig.go:301.51,304.62 3 0
github.com/giantswarm/gsctl/commands/create_kubeconfig.go:294.16,300.10 4 0
github.com/giantswarm/gsctl/commands/create_kubeconfig.go:290.74,294.16 3 0
github.com/giantswarm/gsctl/commands/create_kubeconfig.go:286.2,286.12 1 4
github.com/giantswarm/gsctl/commands/create_kubeconfig.go:280.18,282.5 1 0
github.com/giantswarm/gsctl/commands/create_kubeconfig.go:278.69,280.18 2 0
github.com/giantswarm/gsctl/commands/create_kubeconfig.go:277.49,278.69 1 1
github.com/giantswarm/gsctl/commands/create_kubeconfig.go:277.2,277.49 1 4
github.com/giantswarm/gsctl/commands/create_kubeconfig.go:272.18,274.3 1 0
github.com/giantswarm/gsctl/commands/create_kubeconfig.go:271.2,272.18 2 4
github.com/giantswarm/gsctl/commands/create_kubeconfig.go:267.26,269.3 1 0
github.com/giantswarm/gsctl/commands/create_kubeconfig.go:267.2,267.26 1 4
github.com/giantswarm/gsctl/commands/create_kubeconfig.go:264.28,266.3 1 0
github.com/giantswarm/gsctl/commands/create_kubeconfig.go:264.2,264.28 1 4
github.com/giantswarm/gsctl/commands/create_kubeconfig.go:261.55,263.3 1 0
github.com/giantswarm/gsctl/commands/create_kubeconfig.go:260.102,261.55 1 4
github.com/giantswarm/gsctl/commands/create_kubeconfig.go:254.2,254.12 1 0
github.com/giantswarm/gsctl/commands/create_kubeconfig.go:251.19,253.3 1 0
github.com/giantswarm/gsctl/commands/create_kubeconfig.go:250.2,251.19 2 0
github.com/giantswarm/gsctl/commands/create_kubeconfig.go:245.10,246.25 1 0
github.com/giantswarm/gsctl/commands/create_kubeconfig.go:242.4,242.39 1 0
github.com/giantswarm/gsctl/commands/create_kubeconfig.go:242.39,244.4 1 0
github.com/giantswarm/gsctl/commands/create_kubeconfig.go:240.4,240.37 1 0
github.com/giantswarm/gsctl/commands/create_kubeconfig.go:240.37,242.4 1 0
github.com/giantswarm/gsctl/commands/create_kubeconfig.go:237.31,240.4 2 0
github.com/giantswarm/gsctl/commands/create_kubeconfig.go:235.34,237.31 2 0
github.com/giantswarm/gsctl/commands/create_kubeconfig.go:233.34,234.60 1 0
github.com/giantswarm/gsctl/commands/create_kubeconfig.go:227.2,232.9 4 0
github.com/giantswarm/gsctl/commands/create_kubeconfig.go:223.16,225.3 1 0
github.com/giantswarm/gsctl/commands/create_kubeconfig.go:221.2,223.16 2 0
github.com/giantswarm/gsctl/commands/create_kubeconfig.go:218.3,218.13 1 0
github.com/giantswarm/gsctl/commands/create_kubeconfig.go:215.4,217.4 1 0
github.com/giantswarm/gsctl/commands/create_kubeconfig.go:212.46,215.4 2 0
github.com/giantswarm/gsctl/commands/create_kubeconfig.go:212.4,212.46 1 0
github.com/giantswarm/gsctl/commands/create_kubeconfig.go:209.38,212.4 2 0
github.com/giantswarm/gsctl/commands/create_kubeconfig.go:208.20,209.38 1 0
github.com/giantswarm/gsctl/commands/create_kubeconfig.go:206.77,208.20 2 0
github.com/giantswarm/gsctl/commands/create_kubeconfig.go:190.13,203.2 10 1
github.com/giantswarm/gsctl/commands/create_kubeconfig.go:109.2,121.8 1 0
github.com/giantswarm/gsctl/commands/create_kubeconfig.go:105.3,105.23 1 0
github.com/giantswarm/gsctl/commands/create_kubeconfig.go:105.23,107.3 1 0
github.com/giantswarm/gsctl/commands/create_kubeconfig.go:103.41,105.3 1 0
github.com/giantswarm/gsctl/commands/create_kubeconfig.go:103.3,103.41 1 0
github.com/giantswarm/gsctl/commands/create_kubeconfig.go:101.33,103.3 1 0
github.com/giantswarm/gsctl/commands/create_kubeconfig.go:100.2,101.33 2 0
github.com/giantswarm/gsctl/commands/create_keypair.go:93.13,103.2 7 1
github.com/giantswarm/gsctl/commands/create_keypair.go:66.2,75.8 1 0
github.com/giantswarm/gsctl/commands/create_keypair.go:62.3,62.23 1 0
github.com/giantswarm/gsctl/commands/create_keypair.go:62.23,64.3 1 0
github.com/giantswarm/gsctl/commands/create_keypair.go:60.41,62.3 1 0
github.com/giantswarm/gsctl/commands/create_keypair.go:60.3,60.41 1 0
github.com/giantswarm/gsctl/commands/create_keypair.go:58.33,60.3 1 0
github.com/giantswarm/gsctl/commands/create_keypair.go:57.2,58.33 2 0
github.com/giantswarm/gsctl/commands/create_keypair.go:53.23,55.3 1 0
github.com/giantswarm/gsctl/commands/create_keypair.go:47.70,53.23 5 0
github.com/giantswarm/gsctl/commands/create_keypair.go:236.2,247.20 6 1
github.com/giantswarm/gsctl/commands/create_keypair.go:232.3,232.38 1 0
github.com/giantswarm/gsctl/commands/create_keypair.go:227.64,229.5 1 0
github.com/giantswarm/gsctl/commands/create_keypair.go:227.5,227.64 1 0
github.com/giantswarm/gsctl/commands/create_keypair.go:225.63,227.5 1 0
github.com/giantswarm/gsctl/commands/create_keypair.go:225.5,225.63 1 0
github.com/giantswarm/gsctl/commands/create_keypair.go:223.62,225.5 1 0
github.com/giantswarm/gsctl/commands/create_keypair.go:223.5,223.62 1 0
github.com/giantswarm/gsctl/commands/create_keypair.go:221.56,223.5 1 0
github.com/giantswarm/gsctl/commands/create_keypair.go:220.55,221.56 1 0
github.com/giantswarm/gsctl/commands/create_keypair.go:218.16,220.55 1 0
github.com/giantswarm/gsctl/commands/create_keypair.go:203.78,218.16 6 1
github.com/giantswarm/gsctl/commands/create_keypair.go:190.2,198.35 6 0
github.com/giantswarm/gsctl/commands/create_keypair.go:186.3,186.13 1 0
github.com/giantswarm/gsctl/commands/create_keypair.go:183.20,185.4 1 0
github.com/giantswarm/gsctl/commands/create_keypair.go:182.3,183.20 2 0
github.com/giantswarm/gsctl/commands/create_keypair.go:177.11,178.26 1 0
github.com/giantswarm/gsctl/commands/create_keypair.go:173.31,176.120 3 0
github.com/giantswarm/gsctl/commands/create_keypair.go:166.16,172.10 4 0
github.com/giantswarm/gsctl/commands/create_keypair.go:161.71,166.16 3 0
github.com/giantswarm/gsctl/commands/create_keypair.go:158.2,158.12 1 1
github.com/giantswarm/gsctl/commands/create_keypair.go:154.26,156.3 1 0
github.com/giantswarm/gsctl/commands/create_keypair.go:154.2,154.26 1 1
github.com/giantswarm/gsctl/commands/create_keypair.go:151.28,153.3 1 0
github.com/giantswarm/gsctl/commands/create_keypair.go:151.2,151.28 1 1
github.com/giantswarm/gsctl/commands/create_keypair.go:148.55,150.3 1 0
github.com/giantswarm/gsctl/commands/create_keypair.go:147.74,148.55 1 1
github.com/giantswarm/gsctl/commands/create_keypair.go:144.2,144.12 1 0
github.com/giantswarm/gsctl/commands/create_keypair.go:141.19,143.3 1 0
github.com/giantswarm/gsctl/commands/create_keypair.go:140.2,141.19 2 0
github.com/giantswarm/gsctl/commands/create_keypair.go:135.10,136.25 1 0
github.com/giantswarm/gsctl/commands/create_keypair.go:133.25,134.9 1 0
github.com/giantswarm/gsctl/commands/create_keypair.go:126.2,132.9 4 0
github.com/giantswarm/gsctl/commands/create_keypair.go:122.16,124.3 1 0
github.com/giantswarm/gsctl/commands/create_keypair.go:120.2,122.16 2 0
github.com/giantswarm/gsctl/commands/create_keypair.go:117.3,117.13 1 0
github.com/giantswarm/gsctl/commands/create_keypair.go:114.4,116.4 1 0
github.com/giantswarm/gsctl/commands/create_keypair.go:111.46,114.4 2 0
github.com/giantswarm/gsctl/commands/create_keypair.go:111.4,111.46 1 0
github.com/giantswarm/gsctl/commands/create_keypair.go:108.38,111.4 2 0
github.com/giantswarm/gsctl/commands/create_keypair.go:107.20,108.38 1 0
github.com/giantswarm/gsctl/commands/create_keypair.go:105.74,107.20 2 0
github.com/giantswarm/gsctl/commands/create_cluster.go:527.2,527.20 1 3
github.com/giantswarm/gsctl/commands/create_cluster.go:523.3,524.53 2 3
github.com/giantswarm/gsctl/commands/create_cluster.go:518.4,518.39 1 0
github.com/giantswarm/gsctl/commands/create_cluster.go:512.65,515.6 1 1
github.com/giantswarm/gsctl/commands/create_cluster.go:512.6,512.65 1 1
github.com/giantswarm/gsctl/commands/create_cluster.go:509.67,512.6 1 1
github.com/giantswarm/gsctl/commands/create_cluster.go:509.6,509.67 1 2
github.com/giantswarm/gsctl/commands/create_cluster.go:506.56,509.6 1 1
github.com/giantswarm/gsctl/commands/create_cluster.go:505.56,506.56 1 3
github.com/giantswarm/gsctl/commands/create_cluster.go:503.17,505.56 1 3
github.com/giantswarm/gsctl/commands/create_cluster.go:495.2,495.18 1 6
github.com/giantswarm/gsctl/commands/create_cluster.go:495.18,503.17 5 6
github.com/giantswarm/gsctl/commands/create_cluster.go:491.23,493.3 1 0
github.com/giantswarm/gsctl/commands/create_cluster.go:489.2,491.23 3 6
github.com/giantswarm/gsctl/commands/create_cluster.go:484.3,485.16 2 2
github.com/giantswarm/gsctl/commands/create_cluster.go:481.24,483.4 1 0
github.com/giantswarm/gsctl/commands/create_cluster.go:478.2,478.18 1 6
github.com/giantswarm/gsctl/commands/create_cluster.go:478.18,481.24 3 2
github.com/giantswarm/gsctl/commands/create_cluster.go:472.95,474.4 1 0
github.com/giantswarm/gsctl/commands/create_cluster.go:470.30,472.95 1 1
github.com/giantswarm/gsctl/commands/create_cluster.go:470.2,470.30 1 6
github.com/giantswarm/gsctl/commands/create_cluster.go:464.35,466.3 1 0
github.com/giantswarm/gsctl/commands/create_cluster.go:464.2,464.35 1 6
github.com/giantswarm/gsctl/commands/create_cluster.go:458.3,461.3 1 5
github.com/giantswarm/gsctl/commands/create_cluster.go:457.3,457.55 1 1
github.com/giantswarm/gsctl/commands/create_cluster.go:454.17,456.4 1 1
github.com/giantswarm/gsctl/commands/create_cluster.go:451.30,454.17 2 2
github.com/giantswarm/gsctl/commands/create_cluster.go:447.69,451.30 3 7
github.com/giantswarm/gsctl/commands/create_cluster.go:442.2,442.10 1 6
github.com/giantswarm/gsctl/commands/create_cluster.go:431.36,440.3 8 4
github.com/giantswarm/gsctl/commands/create_cluster.go:43.55,64.2 4 0
github.com/giantswarm/gsctl/commands/create_cluster.go:425.76,431.36 5 6
github.com/giantswarm/gsctl/commands/create_cluster.go:421.2,421.12 1 5
github.com/giantswarm/gsctl/commands/create_cluster.go:419.3,419.24 1 1
github.com/giantswarm/gsctl/commands/create_cluster.go:417.4,417.37 1 4
github.com/giantswarm/gsctl/commands/create_cluster.go:413.4,413.35 1 4
github.com/giantswarm/gsctl/commands/create_cluster.go:413.35,415.5 1 0
github.com/giantswarm/gsctl/commands/create_cluster.go:408.42,410.5 1 0
github.com/giantswarm/gsctl/commands/create_cluster.go:408.4,408.42 1 4
github.com/giantswarm/gsctl/commands/create_cluster.go:403.4,403.36 1 4
github.com/giantswarm/gsctl/commands/create_cluster.go:403.36,405.5 1 4
github.com/giantswarm/gsctl/commands/create_cluster.go:399.4,399.37 1 4
github.com/giantswarm/gsctl/commands/create_cluster.go:399.37,401.5 1 4
github.com/giantswarm/gsctl/commands/create_cluster.go:395.31,397.5 1 4
github.com/giantswarm/gsctl/commands/create_cluster.go:391.40,395.31 2 4
github.com/giantswarm/gsctl/commands/create_cluster.go:389.26,391.40 2 1
github.com/giantswarm/gsctl/commands/create_cluster.go:389.2,389.26 1 5
github.com/giantswarm/gsctl/commands/create_cluster.go:385.22,387.3 1 5
github.com/giantswarm/gsctl/commands/create_cluster.go:385.2,385.22 1 5
github.com/giantswarm/gsctl/commands/create_cluster.go:381.31,383.3 1 2
github.com/giantswarm/gsctl/commands/create_cluster.go:381.2,381.31 1 5
github.com/giantswarm/gsctl/commands/create_cluster.go:377.28,379.3 1 1
github.com/giantswarm/gsctl/commands/create_cluster.go:374.76,377.28 2 5
github.com/giantswarm/gsctl/commands/create_cluster.go:367.22,369.3 1 1
github.com/giantswarm/gsctl/commands/create_cluster.go:367.2,367.22 1 1
github.com/giantswarm/gsctl/commands/create_cluster.go:364.31,366.3 1 0
github.com/giantswarm/gsctl/commands/create_cluster.go:364.2,364.31 1 1
github.com/giantswarm/gsctl/commands/create_cluster.go:361.28,363.3 1 1
github.com/giantswarm/gsctl/commands/create_cluster.go:360.83,361.28 1 1
github.com/giantswarm/gsctl/commands/create_cluster.go:354.2,354.19 1 12
github.com/giantswarm/gsctl/commands/create_cluster.go:351.20,353.3 1 0
github.com/giantswarm/gsctl/commands/create_cluster.go:349.91,351.20 2 12
github.com/giantswarm/gsctl/commands/create_cluster.go:345.2,345.41 1 8
github.com/giantswarm/gsctl/commands/create_cluster.go:342.20,344.3 1 1
github.com/giantswarm/gsctl/commands/create_cluster.go:339.73,342.20 3 9
github.com/giantswarm/gsctl/commands/create_cluster.go:335.2,335.12 1 7
github.com/giantswarm/gsctl/commands/create_cluster.go:330.95,332.4 1 0
github.com/giantswarm/gsctl/commands/create_cluster.go:328.71,330.95 1 0
github.com/giantswarm/gsctl/commands/create_cluster.go:328.2,328.71 1 7
github.com/giantswarm/gsctl/commands/create_cluster.go:324.91,326.3 1 0
github.com/giantswarm/gsctl/commands/create_cluster.go:324.2,324.91 1 7
github.com/giantswarm/gsctl/commands/create_cluster.go:319.88,321.3 1 0
github.com/giantswarm/gsctl/commands/create_cluster.go:319.2,319.88 1 7
github.com/giantswarm/gsctl/commands/create_cluster.go:314.73,316.3 1 0
github.com/giantswarm/gsctl/commands/create_cluster.go:314.2,314.73 1 7
github.com/giantswarm/gsctl/commands/create_cluster.go:309.64,311.3 1 0
github.com/giantswarm/gsctl/commands/create_cluster.go:309.2,309.64 1 7
github.com/giantswarm/gsctl/commands/create_cluster.go:303.190,305.4 1 0
github.com/giantswarm/gsctl/commands/create_cluster.go:302.3,303.190 1 5
github.com/giantswarm/gsctl/commands/create_cluster.go:299.188,301.4 1 0
github.com/giantswarm/gsctl/commands/create_cluster.go:298.30,299.188 1 2
github.com/giantswarm/gsctl/commands/create_cluster.go:298.2,298.30 1 7
github.com/giantswarm/gsctl/commands/create_cluster.go:293.51,295.3 1 0
github.com/giantswarm/gsctl/commands/create_cluster.go:291.73,293.51 1 7
github.com/giantswarm/gsctl/commands/create_cluster.go:276.3,286.82 11 0
github.com/giantswarm/gsctl/commands/create_cluster.go:273.4,275.4 1 0
github.com/giantswarm/gsctl/commands/create_cluster.go:271.35,273.4 1 0
github.com/giantswarm/gsctl/commands/create_cluster.go:270.2,270.17 1 0
github.com/giantswarm/gsctl/commands/create_cluster.go:270.17,271.35 1 0
github.com/giantswarm/gsctl/commands/create_cluster.go:266.3,266.13 1 0
github.com/giantswarm/gsctl/commands/create_cluster.go:263.20,265.4 1 0
github.com/giantswarm/gsctl/commands/create_cluster.go:262.3,263.20 2 0
github.com/giantswarm/gsctl/commands/create_cluster.go:257.11,258.26 1 0
github.com/giantswarm/gsctl/commands/create_cluster.go:253.5,255.5 1 0
github.com/giantswarm/gsctl/commands/create_cluster.go:251.19,253.5 1 0
github.com/giantswarm/gsctl/commands/create_cluster.go:244.42,251.19 5 0
github.com/giantswarm/gsctl/commands/create_cluster.go:241.41,243.71 2 0
github.com/giantswarm/gsctl/commands/create_cluster.go:237.34,240.100 3 0
github.com/giantswarm/gsctl/commands/create_cluster.go:234.50,236.191 2 0
github.com/giantswarm/gsctl/commands/create_cluster.go:231.40,233.117 2 0
github.com/giantswarm/gsctl/commands/create_cluster.go:228.41,230.165 2 0
github.com/giantswarm/gsctl/commands/create_cluster.go:225.31,227.5 1 0
github.com/giantswarm/gsctl/commands/create_cluster.go:222.40,225.31 3 0
github.com/giantswarm/gsctl/commands/create_cluster.go:214.16,221.10 5 0
github.com/giantswarm/gsctl/commands/create_cluster.go:209.70,214.16 3 0
github.com/giantswarm/gsctl/commands/create_cluster.go:204.3,204.13 1 0
github.com/giantswarm/gsctl/commands/create_cluster.go:201.20,203.4 1 0
github.com/giantswarm/gsctl/commands/create_cluster.go:200.3,201.20 2 0
github.com/giantswarm/gsctl/commands/create_cluster.go:195.11,196.26 1 0
github.com/giantswarm/gsctl/commands/create_cluster.go:192.46,194.102 2 0
github.com/giantswarm/gsctl/commands/create_cluster.go:189.45,191.101 2 0
github.com/giantswarm/gsctl/commands/create_cluster.go:186.47,188.101 2 0
github.com/giantswarm/gsctl/commands/create_cluster.go:183.41,185.106 2 0
github.com/giantswarm/gsctl/commands/create_cluster.go:180.42,182.102 2 0
github.com/giantswarm/gsctl/commands/create_cluster.go:177.37,179.93 2 0
github.com/giantswarm/gsctl/commands/create_cluster.go:173.16,176.10 2 0
github.com/giantswarm/gsctl/commands/create_cluster.go:166.71,173.16 5 0
github.com/giantswarm/gsctl/commands/create_cluster.go:142.13,161.2 14 1
github.com/giantswarm/gsctl/commands/create.go:22.13,25.2 1 1
github.com/giantswarm/gsctl/commands/completion.go:78.2,79.39 2 0
github.com/giantswarm/gsctl/commands/completion.go:75.16,77.3 1 0
github.com/giantswarm/gsctl/commands/completion.go:72.2,75.16 3 0
github.com/giantswarm/gsctl/commands/completion.go:69.16,71.3 1 0
github.com/giantswarm/gsctl/commands/completion.go:67.65,69.16 1 0
github.com/giantswarm/gsctl/commands/completion.go:62.13,64.2 1 1
github.com/giantswarm/gsctl/commands/commands.go:211.2,211.12 1 0
github.com/giantswarm/gsctl/commands/commands.go:208.19,210.3 1 0
github.com/giantswarm/gsctl/commands/commands.go:207.2,208.19 2 0
github.com/giantswarm/gsctl/commands/commands.go:203.20,205.3 1 0
github.com/giantswarm/gsctl/commands/commands.go:203.2,203.20 1 0
github.com/giantswarm/gsctl/commands/commands.go:195.28,198.54 3 0
github.com/giantswarm/gsctl/commands/commands.go:191.31,194.51 3 0
github.com/giantswarm/gsctl/commands/commands.go:188.35,190.120 2 0
github.com/giantswarm/gsctl/commands/commands.go:184.34,187.101 2 0
github.com/giantswarm/gsctl/commands/commands.go:181.41,183.39 2 0
github.com/giantswarm/gsctl/commands/commands.go:178.37,180.68 2 0
github.com/giantswarm/gsctl/commands/commands.go:174.34,177.93 3 0
github.com/giantswarm/gsctl/commands/commands.go:168.36,173.91 4 0
github.com/giantswarm/gsctl/commands/commands.go:165.32,167.88 2 0
github.com/giantswarm/gsctl/commands/commands.go:161.33,164.68 3 0
github.com/giantswarm/gsctl/commands/commands.go:157.39,160.45 3 0
github.com/giantswarm/gsctl/commands/commands.go:154.48,156.52 2 0
github.com/giantswarm/gsctl/commands/commands.go:151.3,153.10 1 0
github.com/giantswarm/gsctl/commands/commands.go:148.64,151.3 2 0
github.com/giantswarm/gsctl/commands/commands.go:148.3,148.64 1 0
github.com/giantswarm/gsctl/commands/commands.go:145.75,148.3 2 0
github.com/giantswarm/gsctl/commands/commands.go:139.36,145.75 3 0
github.com/giantswarm/gsctl/commands/commands.go:128.49,130.4 1 0
github.com/giantswarm/gsctl/commands/commands.go:128.4,128.49 1 0
github.com/giantswarm/gsctl/commands/commands.go:126.43,128.4 1 0
github.com/giantswarm/gsctl/commands/commands.go:124.3,126.43 2 0
github.com/giantswarm/gsctl/commands/commands.go:120.17,122.4 1 0
github.com/giantswarm/gsctl/commands/commands.go:116.6,120.17 3 0
github.com/giantswarm/gsctl/commands/commands.go:113.40,116.6 2 0
github.com/giantswarm/gsctl/commands/commands.go:105.13,107.2 1 1
github.com/giantswarm/gsctl/commands/commands-packr.go:9.13,13.2 3 1
github.com/giantswarm/gsctl/client/error.go:41.43,43.2 1 0
github.com/giantswarm/gsctl/client/error.go:31.50,33.2 1 0
github.com/giantswarm/gsctl/client/error.go:21.45,23.2 1 0
github.com/giantswarm/gsctl/client/error.go:11.52,13.2 1 0
github.com/giantswarm/gsctl/client/client.go:96.16,98.3 1 0
github.com/giantswarm/gsctl/client/client.go:91.2,96.16 3 9
github.com/giantswarm/gsctl/client/client.go:87.16,89.3 1 0
github.com/giantswarm/gsctl/client/client.go:86.2,87.16 2 9
github.com/giantswarm/gsctl/client/client.go:82.25,84.3 1 0
github.com/giantswarm/gsctl/client/client.go:82.2,82.25 1 9
github.com/giantswarm/gsctl/client/client.go:80.50,80.68 1 0
github.com/giantswarm/gsctl/client/client.go:79.34,80.50 1 9
github.com/giantswarm/gsctl/client/client.go:78.53,79.34 1 9
github.com/giantswarm/gsctl/client/client.go:467.2,467.22 1 0
github.com/giantswarm/gsctl/client/client.go:463.16,465.3 1 0
github.com/giantswarm/gsctl/client/client.go:462.2,463.16 2 0
github.com/giantswarm/gsctl/client/client.go:458.16,460.3 1 0
github.com/giantswarm/gsctl/client/client.go:455.180,458.16 3 0
github.com/giantswarm/gsctl/client/client.go:451.2,451.22 1 0
github.com/giantswarm/gsctl/client/client.go:447.16,449.3 1 0
github.com/giantswarm/gsctl/client/client.go:446.2,447.16 2 0
github.com/giantswarm/gsctl/client/client.go:442.16,444.3 1 0
github.com/giantswarm/gsctl/client/client.go:439.101,442.16 3 0
github.com/giantswarm/gsctl/client/client.go:435.2,435.22 1 0
github.com/giantswarm/gsctl/client/client.go:431.16,433.3 1 0
github.com/giantswarm/gsctl/client/client.go:430.2,431.16 2 0
github.com/giantswarm/gsctl/client/client.go:426.16,428.3 1 0
github.com/giantswarm/gsctl/client/client.go:423.86,426.16 3 0
github.com/giantswarm/gsctl/client/client.go:419.2,419.22 1 0
github.com/giantswarm/gsctl/client/client.go:415.16,417.3 1 0
github.com/giantswarm/gsctl/client/client.go:414.2,415.16 2 0
github.com/giantswarm/gsctl/client/client.go:410.16,412.3 1 0
github.com/giantswarm/gsctl/client/client.go:407.74,410.16 3 0
github.com/giantswarm/gsctl/client/client.go:403.2,403.22 1 0
github.com/giantswarm/gsctl/client/client.go:40.13,42.2 1 1
github.com/giantswarm/gsctl/client/client.go:399.16,401.3 1 0
github.com/giantswarm/gsctl/client/client.go:398.2,399.16 2 0
github.com/giantswarm/gsctl/client/client.go:394.16,396.3 1 0
github.com/giantswarm/gsctl/client/client.go:391.105,394.16 3 0
github.com/giantswarm/gsctl/client/client.go:387.2,387.22 1 0
github.com/giantswarm/gsctl/client/client.go:383.16,385.3 1 0
github.com/giantswarm/gsctl/client/client.go:382.2,383.16 2 0
github.com/giantswarm/gsctl/client/client.go:378.16,380.3 1 0
github.com/giantswarm/gsctl/client/client.go:375.153,378.16 3 0
github.com/giantswarm/gsctl/client/client.go:371.2,371.22 1 0
github.com/giantswarm/gsctl/client/client.go:367.16,369.3 1 0
github.com/giantswarm/gsctl/client/client.go:366.2,367.16 2 0
github.com/giantswarm/gsctl/client/client.go:362.16,364.3 1 0
github.com/giantswarm/gsctl/client/client.go:359.102,362.16 3 0
github.com/giantswarm/gsctl/client/client.go:355.2,355.22 1 0
github.com/giantswarm/gsctl/client/client.go:351.16,353.3 1 0
github.com/giantswarm/gsctl/client/client.go:350.2,351.16 2 0
github.com/giantswarm/gsctl/client/client.go:346.16,348.3 1 0
github.com/giantswarm/gsctl/client/client.go:343.86,346.16 3 0
github.com/giantswarm/gsctl/client/client.go:339.2,339.22 1 0
github.com/giantswarm/gsctl/client/client.go:335.16,337.3 1 0
github.com/giantswarm/gsctl/client/client.go:334.2,335.16 2 0
github.com/giantswarm/gsctl/client/client.go:330.16,332.3 1 0
github.com/giantswarm/gsctl/client/client.go:327.114,330.16 3 0
github.com/giantswarm/gsctl/client/client.go:323.2,323.22 1 0
github.com/giantswarm/gsctl/client/client.go:319.16,321.3 1 0
github.com/giantswarm/gsctl/client/client.go:318.2,319.16 2 0
github.com/giantswarm/gsctl/client/client.go:314.16,316.3 1 0
github.com/giantswarm/gsctl/client/client.go:311.145,314.16 3 0
github.com/giantswarm/gsctl/client/client.go:307.2,307.22 1 0
github.com/giantswarm/gsctl/client/client.go:303.16,305.3 1 0
github.com/giantswarm/gsctl/client/client.go:302.2,303.16 2 0
github.com/giantswarm/gsctl/client/client.go:298.16,300.3 1 0
github.com/giantswarm/gsctl/client/client.go:295.139,298.16 3 0
github.com/giantswarm/gsctl/client/client.go:291.2,291.22 1 1
github.com/giantswarm/gsctl/client/client.go:287.16,289.3 1 1
github.com/giantswarm/gsctl/client/client.go:282.115,287.16 4 2
github.com/giantswarm/gsctl/client/client.go:278.2,278.22 1 3
github.com/giantswarm/gsctl/client/client.go:274.16,276.3 1 4
github.com/giantswarm/gsctl/client/client.go:266.121,274.16 4 7
github.com/giantswarm/gsctl/client/client.go:260.2,262.12 2 0
github.com/giantswarm/gsctl/client/client.go:255.3,255.23 1 0
github.com/giantswarm/gsctl/client/client.go:255.23,257.4 1 0
github.com/giantswarm/gsctl/client/client.go:251.17,253.4 1 0
github.com/giantswarm/gsctl/client/client.go:249.31,251.17 2 0
github.com/giantswarm/gsctl/client/client.go:248.110,249.31 1 0
github.com/giantswarm/gsctl/client/client.go:240.3,240.24 1 1
github.com/giantswarm/gsctl/client/client.go:240.24,242.4 1 1
github.com/giantswarm/gsctl/client/client.go:237.3,237.27 1 1
github.com/giantswarm/gsctl/client/client.go:237.27,239.4 1 1
github.com/giantswarm/gsctl/client/client.go:234.3,234.26 1 1
github.com/giantswarm/gsctl/client/client.go:234.26,236.4 1 1
github.com/giantswarm/gsctl/client/client.go:231.20,233.4 1 0
github.com/giantswarm/gsctl/client/client.go:230.2,230.14 1 9
github.com/giantswarm/gsctl/client/client.go:230.14,231.20 1 1
github.com/giantswarm/gsctl/client/client.go:224.3,224.24 1 9
github.com/giantswarm/gsctl/client/client.go:224.24,226.4 1 9
github.com/giantswarm/gsctl/client/client.go:221.32,223.4 1 0
github.com/giantswarm/gsctl/client/client.go:221.3,221.32 1 9
github.com/giantswarm/gsctl/client/client.go:218.3,218.26 1 9
github.com/giantswarm/gsctl/client/client.go:218.26,220.4 1 9
github.com/giantswarm/gsctl/client/client.go:215.25,217.4 1 1
github.com/giantswarm/gsctl/client/client.go:214.31,215.25 1 9
github.com/giantswarm/gsctl/client/client.go:212.70,214.31 1 9
github.com/giantswarm/gsctl/client/client.go:185.63,190.2 1 1
github.com/giantswarm/gsctl/client/client.go:172.2,172.13 1 19
github.com/giantswarm/gsctl/client/client.go:167.5,167.26 1 8
github.com/giantswarm/gsctl/client/client.go:167.26,169.5 1 1
github.com/giantswarm/gsctl/client/client.go:165.37,167.5 1 1
github.com/giantswarm/gsctl/client/client.go:163.49,165.37 1 9
github.com/giantswarm/gsctl/client/client.go:163.4,163.49 1 51
github.com/giantswarm/gsctl/client/client.go:161.4,161.33 1 52
github.com/giantswarm/gsctl/client/client.go:161.33,163.4 1 1
github.com/giantswarm/gsctl/client/client.go:159.44,161.4 1 1
github.com/giantswarm/gsctl/client/client.go:158.31,159.44 1 53
github.com/giantswarm/gsctl/client/client.go:157.49,158.31 1 19
github.com/giantswarm/gsctl/client/client.go:151.2,152.32 2 10
github.com/giantswarm/gsctl/client/client.go:148.55,150.3 1 0
github.com/giantswarm/gsctl/client/client.go:147.30,148.55 1 10
github.com/giantswarm/gsctl/client/client.go:143.2,143.18 1 10
github.com/giantswarm/gsctl/client/client.go:140.19,142.3 1 140
github.com/giantswarm/gsctl/client/client.go:137.31,140.19 3 10
github.com/giantswarm/gsctl/client/client.go:129.80,134.2 1 9
github.com/giantswarm/gsctl/client/client.go:122.92,125.2 2 9
github.com/giantswarm/gsctl/client/client.go:100.2,112.8 4 9

