mode: atomic
github.com/giantswarm/gsctl/util/string.go:7.23,9.3 1 1
github.com/giantswarm/gsctl/util/string.go:6.46,7.23 1 3
github.com/giantswarm/gsctl/util/string.go:14.40,16.2 1 1
github.com/giantswarm/gsctl/util/string.go:10.2,10.33 1 2
github.com/giantswarm/gsctl/util/kubectl.go:76.50,80.2 3 0
github.com/giantswarm/gsctl/util/kubectl.go:63.61,73.2 5 0
github.com/giantswarm/gsctl/util/kubectl.go:49.78,60.2 6 0
github.com/giantswarm/gsctl/util/kubectl.go:35.80,46.2 6 0
github.com/giantswarm/gsctl/util/kubectl.go:31.2,31.13 1 1
github.com/giantswarm/gsctl/util/kubectl.go:29.3,29.15 1 0
github.com/giantswarm/gsctl/util/kubectl.go:26.3,26.22 1 0
github.com/giantswarm/gsctl/util/kubectl.go:26.22,28.4 1 0
github.com/giantswarm/gsctl/util/kubectl.go:22.49,25.4 2 0
github.com/giantswarm/gsctl/util/kubectl.go:18.34,22.49 3 0
github.com/giantswarm/gsctl/util/kubectl.go:16.26,18.34 2 1
github.com/giantswarm/gsctl/util/error.go:8.55,10.2 1 0
github.com/giantswarm/gsctl/util/error.go:29.55,31.2 1 0
github.com/giantswarm/gsctl/util/error.go:22.55,24.2 1 0
github.com/giantswarm/gsctl/util/error.go:15.59,17.2 1 0
github.com/giantswarm/gsctl/util/duration.go:66.2,66.40 1 17
github.com/giantswarm/gsctl/util/duration.go:63.3,63.77 1 8
github.com/giantswarm/gsctl/util/duration.go:60.16,62.4 1 5
github.com/giantswarm/gsctl/util/duration.go:58.39,60.16 2 8
github.com/giantswarm/gsctl/util/duration.go:58.2,58.39 1 17
github.com/giantswarm/gsctl/util/duration.go:55.3,55.75 1 9
github.com/giantswarm/gsctl/util/duration.go:52.15,54.4 1 4
github.com/giantswarm/gsctl/util/duration.go:50.38,52.15 2 9
github.com/giantswarm/gsctl/util/duration.go:50.2,50.38 1 17
github.com/giantswarm/gsctl/util/duration.go:47.3,47.77 1 4
github.com/giantswarm/gsctl/util/duration.go:44.16,46.4 1 2
github.com/giantswarm/gsctl/util/duration.go:42.39,44.16 2 4
github.com/giantswarm/gsctl/util/duration.go:42.2,42.39 1 17
github.com/giantswarm/gsctl/util/duration.go:39.3,39.79 1 1
github.com/giantswarm/gsctl/util/duration.go:36.17,38.4 1 1
github.com/giantswarm/gsctl/util/duration.go:34.2,34.16 1 17
github.com/giantswarm/gsctl/util/duration.go:34.16,36.17 2 1
github.com/giantswarm/gsctl/util/duration.go:31.3,31.77 1 4
github.com/giantswarm/gsctl/util/duration.go:28.16,30.4 1 1
github.com/giantswarm/gsctl/util/duration.go:26.15,28.16 2 4
github.com/giantswarm/gsctl/util/duration.go:11.39,26.15 11 17
github.com/giantswarm/gsctl/util/datetime.go:41.39,43.2 1 4
github.com/giantswarm/gsctl/util/datetime.go:37.2,37.10 1 1
github.com/giantswarm/gsctl/util/datetime.go:33.16,36.3 2 1
github.com/giantswarm/gsctl/util/datetime.go:32.2,33.16 2 1
github.com/giantswarm/gsctl/util/datetime.go:28.16,30.3 1 3
github.com/giantswarm/gsctl/util/datetime.go:14.45,28.16 8 4
github.com/giantswarm/gsctl/util/certs.go:46.77,49.2 2 0
github.com/giantswarm/gsctl/util/certs.go:38.85,41.2 2 0
github.com/giantswarm/gsctl/util/certs.go:30.70,33.2 2 0
github.com/giantswarm/gsctl/util/certs.go:24.2,24.17 1 0
github.com/giantswarm/gsctl/util/certs.go:18.21,23.3 4 0
github.com/giantswarm/gsctl/util/certs.go:14.81,18.21 4 0
github.com/giantswarm/gsctl/config/error.go:9.48,11.2 1 0
github.com/giantswarm/gsctl/config/error.go:17.49,19.2 1 0
github.com/giantswarm/gsctl/config/config.go:445.2,447.10 2 11
github.com/giantswarm/gsctl/config/config.go:440.16,442.3 1 0
github.com/giantswarm/gsctl/config/config.go:439.2,440.16 2 11
github.com/giantswarm/gsctl/config/config.go:434.75,436.3 1 3
github.com/giantswarm/gsctl/config/config.go:429.41,434.75 2 11
github.com/giantswarm/gsctl/config/config.go:421.2,421.16 1 0
github.com/giantswarm/gsctl/config/config.go:417.32,419.3 1 1
github.com/giantswarm/gsctl/config/config.go:417.2,417.32 1 1
github.com/giantswarm/gsctl/config/config.go:413.16,415.3 1 0
github.com/giantswarm/gsctl/config/config.go:410.2,413.16 3 1
github.com/giantswarm/gsctl/config/config.go:406.22,408.3 1 0
github.com/giantswarm/gsctl/config/config.go:400.2,406.22 3 1
github.com/giantswarm/gsctl/config/config.go:396.24,398.3 1 0
github.com/giantswarm/gsctl/config/config.go:394.114,396.24 1 1
github.com/giantswarm/gsctl/config/config.go:383.2,383.12 1 0
github.com/giantswarm/gsctl/config/config.go:377.45,380.3 1 2
github.com/giantswarm/gsctl/config/config.go:375.2,377.45 2 2
github.com/giantswarm/gsctl/config/config.go:370.3,370.13 1 2
github.com/giantswarm/gsctl/config/config.go:366.45,368.5 1 1
github.com/giantswarm/gsctl/config/config.go:365.32,366.45 1 2
github.com/giantswarm/gsctl/config/config.go:359.25,365.32 3 2
github.com/giantswarm/gsctl/config/config.go:356.50,359.25 2 4
github.com/giantswarm/gsctl/config/config.go:352.2,352.12 1 6
github.com/giantswarm/gsctl/config/config.go:348.16,350.3 1 0
github.com/giantswarm/gsctl/config/config.go:347.2,348.16 2 6
github.com/giantswarm/gsctl/config/config.go:342.16,344.3 1 0
github.com/giantswarm/gsctl/config/config.go:341.2,342.16 2 6
github.com/giantswarm/gsctl/config/config.go:337.16,339.3 1 0
github.com/giantswarm/gsctl/config/config.go:331.26,337.16 4 6
github.com/giantswarm/gsctl/config/config.go:327.2,327.22 1 4
github.com/giantswarm/gsctl/config/config.go:323.20,325.3 1 0
github.com/giantswarm/gsctl/config/config.go:322.2,323.20 2 4
github.com/giantswarm/gsctl/config/config.go:319.3,319.44 1 0
github.com/giantswarm/gsctl/config/config.go:314.29,318.4 1 0
github.com/giantswarm/gsctl/config/config.go:313.20,314.29 1 0
github.com/giantswarm/gsctl/config/config.go:310.58,313.20 3 4
github.com/giantswarm/gsctl/config/config.go:305.25,307.2 1 2
github.com/giantswarm/gsctl/config/config.go:295.48,298.5 2 2
github.com/giantswarm/gsctl/config/config.go:294.53,295.48 1 2
github.com/giantswarm/gsctl/config/config.go:292.31,294.53 2 2
github.com/giantswarm/gsctl/config/config.go:292.2,292.31 1 4
github.com/giantswarm/gsctl/config/config.go:288.29,290.3 1 2
github.com/giantswarm/gsctl/config/config.go:282.44,288.29 4 4
github.com/giantswarm/gsctl/config/config.go:269.2,276.12 5 4
github.com/giantswarm/gsctl/config/config.go:266.16,268.3 1 0
github.com/giantswarm/gsctl/config/config.go:265.2,266.16 2 4
github.com/giantswarm/gsctl/config/config.go:260.17,262.4 1 0
github.com/giantswarm/gsctl/config/config.go:257.3,260.17 3 2
github.com/giantswarm/gsctl/config/config.go:254.21,256.4 1 0
github.com/giantswarm/gsctl/config/config.go:253.3,254.21 2 2
github.com/giantswarm/gsctl/config/config.go:249.20,251.4 1 0
github.com/giantswarm/gsctl/config/config.go:246.24,249.20 2 2
github.com/giantswarm/gsctl/config/config.go:242.2,246.24 3 4
github.com/giantswarm/gsctl/config/config.go:238.3,240.3 1 0
github.com/giantswarm/gsctl/config/config.go:236.25,238.3 1 4
github.com/giantswarm/gsctl/config/config.go:230.45,236.25 2 4
github.com/giantswarm/gsctl/config/config.go:219.2,222.71 2 1
github.com/giantswarm/gsctl/config/config.go:211.16,217.21 6 0
github.com/giantswarm/gsctl/config/config.go:209.13,211.16 2 1
github.com/giantswarm/gsctl/config/config.go:205.2,205.15 1 2
github.com/giantswarm/gsctl/config/config.go:201.40,203.3 1 2
github.com/giantswarm/gsctl/config/config.go:201.2,201.40 1 2
github.com/giantswarm/gsctl/config/config.go:197.30,199.3 1 2
github.com/giantswarm/gsctl/config/config.go:194.51,197.30 2 2
github.com/giantswarm/gsctl/config/config.go:190.2,190.11 1 0
github.com/giantswarm/gsctl/config/config.go:185.58,187.4 1 0
github.com/giantswarm/gsctl/config/config.go:184.47,185.58 1 0
github.com/giantswarm/gsctl/config/config.go:184.2,184.47 1 0
github.com/giantswarm/gsctl/config/config.go:180.27,182.3 1 0
github.com/giantswarm/gsctl/config/config.go:177.77,180.27 2 0
github.com/giantswarm/gsctl/config/config.go:169.2,169.27 1 0
github.com/giantswarm/gsctl/config/config.go:164.23,167.3 2 0
github.com/giantswarm/gsctl/config/config.go:163.2,164.23 2 0
github.com/giantswarm/gsctl/config/config.go:158.33,161.3 2 0
github.com/giantswarm/gsctl/config/config.go:157.76,158.33 1 0
github.com/giantswarm/gsctl/config/config.go:143.2,149.12 5 1
github.com/giantswarm/gsctl/config/config.go:139.35,141.3 1 0
github.com/giantswarm/gsctl/config/config.go:137.65,139.35 2 1
github.com/giantswarm/gsctl/config/config.go:126.2,133.12 3 1
github.com/giantswarm/gsctl/config/config.go:122.24,124.3 1 0
github.com/giantswarm/gsctl/config/config.go:122.2,122.24 1 1
github.com/giantswarm/gsctl/config/config.go:118.32,120.3 1 0
github.com/giantswarm/gsctl/config/config.go:115.96,118.32 2 1
github.com/giantswarm/gsctl/commands/version.go:94.2,95.33 2 2
github.com/giantswarm/gsctl/commands/version.go:91.16,93.3 1 0
github.com/giantswarm/gsctl/commands/version.go:89.2,91.16 3 2
github.com/giantswarm/gsctl/commands/version.go:86.16,88.3 1 0
github.com/giantswarm/gsctl/commands/version.go:81.57,86.16 4 2
github.com/giantswarm/gsctl/commands/version.go:73.27,76.4 2 0
github.com/giantswarm/gsctl/commands/version.go:67.16,73.27 3 0
github.com/giantswarm/gsctl/commands/version.go:66.2,67.16 2 0
github.com/giantswarm/gsctl/commands/version.go:63.36,65.3 1 0
github.com/giantswarm/gsctl/commands/version.go:59.2,63.36 3 0
github.com/giantswarm/gsctl/commands/version.go:56.3,58.3 1 0
github.com/giantswarm/gsctl/commands/version.go:54.28,56.3 1 0
github.com/giantswarm/gsctl/commands/version.go:54.2,54.28 1 0
github.com/giantswarm/gsctl/commands/version.go:51.3,53.3 1 0
github.com/giantswarm/gsctl/commands/version.go:49.26,51.3 1 0
github.com/giantswarm/gsctl/commands/version.go:46.54,49.26 2 0
github.com/giantswarm/gsctl/commands/version.go:41.13,43.2 1 1
github.com/giantswarm/gsctl/commands/version.go:142.59,146.2 3 0
github.com/giantswarm/gsctl/commands/version.go:137.29,139.2 1 1
github.com/giantswarm/gsctl/commands/version.go:132.48,134.2 1 1
github.com/giantswarm/gsctl/commands/version.go:128.2,128.18 1 1
github.com/giantswarm/gsctl/commands/version.go:124.31,126.3 1 1
github.com/giantswarm/gsctl/commands/version.go:118.2,124.31 2 1
github.com/giantswarm/gsctl/commands/version.go:114.16,116.3 1 0
github.com/giantswarm/gsctl/commands/version.go:111.71,114.16 3 1
github.com/giantswarm/gsctl/commands/version.go:107.2,107.28 1 2
github.com/giantswarm/gsctl/commands/version.go:102.26,106.3 2 0
github.com/giantswarm/gsctl/commands/version.go:101.39,102.26 1 2
github.com/giantswarm/gsctl/commands/show_cluster.go:99.27,101.3 1 1
github.com/giantswarm/gsctl/commands/show_cluster.go:99.2,99.27 1 2
github.com/giantswarm/gsctl/commands/show_cluster.go:96.55,98.3 1 1
github.com/giantswarm/gsctl/commands/show_cluster.go:95.92,96.55 1 3
github.com/giantswarm/gsctl/commands/show_cluster.go:91.3,91.13 1 0
github.com/giantswarm/gsctl/commands/show_cluster.go:88.20,90.4 1 0
github.com/giantswarm/gsctl/commands/show_cluster.go:87.3,88.20 2 0
github.com/giantswarm/gsctl/commands/show_cluster.go:82.11,83.26 1 0
github.com/giantswarm/gsctl/commands/show_cluster.go:79.37,81.77 2 0
github.com/giantswarm/gsctl/commands/show_cluster.go:76.32,78.118 2 0
github.com/giantswarm/gsctl/commands/show_cluster.go:74.26,75.10 1 0
github.com/giantswarm/gsctl/commands/show_cluster.go:69.16,73.10 3 0
github.com/giantswarm/gsctl/commands/show_cluster.go:66.72,69.16 3 0
github.com/giantswarm/gsctl/commands/show_cluster.go:62.13,64.2 1 1
github.com/giantswarm/gsctl/commands/show_cluster.go:50.57,60.2 3 0
github.com/giantswarm/gsctl/commands/show_cluster.go:215.2,219.45 4 0
github.com/giantswarm/gsctl/commands/show_cluster.go:211.54,213.3 1 0
github.com/giantswarm/gsctl/commands/show_cluster.go:208.2,211.54 2 0
github.com/giantswarm/gsctl/commands/show_cluster.go:204.3,206.3 1 0
github.com/giantswarm/gsctl/commands/show_cluster.go:202.41,204.3 1 0
github.com/giantswarm/gsctl/commands/show_cluster.go:198.2,202.41 4 0
github.com/giantswarm/gsctl/commands/show_cluster.go:195.3,197.3 1 0
github.com/giantswarm/gsctl/commands/show_cluster.go:193.31,195.3 1 0
github.com/giantswarm/gsctl/commands/show_cluster.go:187.2,193.31 4 0
github.com/giantswarm/gsctl/commands/show_cluster.go:183.3,183.13 1 0
github.com/giantswarm/gsctl/commands/show_cluster.go:180.20,182.4 1 0
github.com/giantswarm/gsctl/commands/show_cluster.go:179.3,180.20 2 0
github.com/giantswarm/gsctl/commands/show_cluster.go:174.11,175.26 1 0
github.com/giantswarm/gsctl/commands/show_cluster.go:171.41,173.39 2 0
github.com/giantswarm/gsctl/commands/show_cluster.go:169.26,170.10 1 0
github.com/giantswarm/gsctl/commands/show_cluster.go:164.16,168.10 3 0
github.com/giantswarm/gsctl/commands/show_cluster.go:157.69,164.16 4 0
github.com/giantswarm/gsctl/commands/show_cluster.go:154.2,154.12 1 0
github.com/giantswarm/gsctl/commands/show_cluster.go:151.37,153.3 1 0
github.com/giantswarm/gsctl/commands/show_cluster.go:149.84,151.37 2 0
github.com/giantswarm/gsctl/commands/show_cluster.go:145.2,145.12 1 0
github.com/giantswarm/gsctl/commands/show_cluster.go:142.37,144.3 1 0
github.com/giantswarm/gsctl/commands/show_cluster.go:140.85,142.37 2 0
github.com/giantswarm/gsctl/commands/show_cluster.go:136.2,136.12 1 0
github.com/giantswarm/gsctl/commands/show_cluster.go:133.37,135.3 1 0
github.com/giantswarm/gsctl/commands/show_cluster.go:131.80,133.37 2 0
github.com/giantswarm/gsctl/commands/show_cluster.go:127.2,127.29 1 2
github.com/giantswarm/gsctl/commands/show_cluster.go:123.16,125.3 1 0
github.com/giantswarm/gsctl/commands/show_cluster.go:121.2,123.16 2 2
github.com/giantswarm/gsctl/commands/show_cluster.go:117.22,119.3 1 0
github.com/giantswarm/gsctl/commands/show_cluster.go:106.102,117.22 5 2
github.com/giantswarm/gsctl/commands/show_cluster.go:102.2,102.12 1 1
github.com/giantswarm/gsctl/commands/show.go:14.13,16.2 1 1
github.com/giantswarm/gsctl/commands/select_endpoint.go:78.3,80.3 1 0
github.com/giantswarm/gsctl/commands/select_endpoint.go:77.3,77.56 1 0
github.com/giantswarm/gsctl/commands/select_endpoint.go:72.44,76.4 3 0
github.com/giantswarm/gsctl/commands/select_endpoint.go:71.16,72.44 1 0
github.com/giantswarm/gsctl/commands/select_endpoint.go:69.63,71.16 2 0
github.com/giantswarm/gsctl/commands/select_endpoint.go:65.2,65.12 1 0
github.com/giantswarm/gsctl/commands/select_endpoint.go:62.27,64.3 1 0
github.com/giantswarm/gsctl/commands/select_endpoint.go:61.68,62.27 1 0
github.com/giantswarm/gsctl/commands/select_endpoint.go:57.3,57.13 1 0
github.com/giantswarm/gsctl/commands/select_endpoint.go:54.20,56.4 1 0
github.com/giantswarm/gsctl/commands/select_endpoint.go:53.3,54.20 2 0
github.com/giantswarm/gsctl/commands/select_endpoint.go:48.11,49.26 1 0
github.com/giantswarm/gsctl/commands/select_endpoint.go:45.36,47.75 2 0
github.com/giantswarm/gsctl/commands/select_endpoint.go:43.26,44.31 1 0
github.com/giantswarm/gsctl/commands/select_endpoint.go:38.16,42.10 3 0
github.com/giantswarm/gsctl/commands/select_endpoint.go:36.69,38.16 2 0
github.com/giantswarm/gsctl/commands/select_endpoint.go:32.13,34.2 1 1
github.com/giantswarm/gsctl/commands/select.go:14.13,16.2 1 1
github.com/giantswarm/gsctl/commands/scale_cluster.go:91.13,99.2 6 1
github.com/giantswarm/gsctl/commands/scale_cluster.go:65.59,80.2 3 0
github.com/giantswarm/gsctl/commands/scale_cluster.go:301.2,303.21 2 1
github.com/giantswarm/gsctl/commands/scale_cluster.go:298.3,298.61 1 0
github.com/giantswarm/gsctl/commands/scale_cluster.go:293.3,293.19 1 0
github.com/giantswarm/gsctl/commands/scale_cluster.go:293.19,297.4 1 0
github.com/giantswarm/gsctl/commands/scale_cluster.go:289.4,289.62 1 0
github.com/giantswarm/gsctl/commands/scale_cluster.go:285.20,288.5 1 0
github.com/giantswarm/gsctl/commands/scale_cluster.go:284.17,285.20 1 0
github.com/giantswarm/gsctl/commands/scale_cluster.go:281.54,284.17 2 0
github.com/giantswarm/gsctl/commands/scale_cluster.go:281.2,281.54 1 1
github.com/giantswarm/gsctl/commands/scale_cluster.go:277.16,279.3 1 0
github.com/giantswarm/gsctl/commands/scale_cluster.go:276.2,277.16 2 1
github.com/giantswarm/gsctl/commands/scale_cluster.go:273.2,273.18 1 1
github.com/giantswarm/gsctl/commands/scale_cluster.go:273.18,275.3 1 0
github.com/giantswarm/gsctl/commands/scale_cluster.go:269.22,271.3 1 0
github.com/giantswarm/gsctl/commands/scale_cluster.go:264.2,269.22 3 1
github.com/giantswarm/gsctl/commands/scale_cluster.go:260.26,263.3 1 0
github.com/giantswarm/gsctl/commands/scale_cluster.go:256.2,260.26 3 1
github.com/giantswarm/gsctl/commands/scale_cluster.go:254.3,254.36 1 5
github.com/giantswarm/gsctl/commands/scale_cluster.go:251.35,253.4 1 0
github.com/giantswarm/gsctl/commands/scale_cluster.go:251.3,251.35 1 5
github.com/giantswarm/gsctl/commands/scale_cluster.go:248.34,250.4 1 0
github.com/giantswarm/gsctl/commands/scale_cluster.go:248.3,248.34 1 5
github.com/giantswarm/gsctl/commands/scale_cluster.go:245.29,247.4 1 0
github.com/giantswarm/gsctl/commands/scale_cluster.go:241.46,245.29 2 5
github.com/giantswarm/gsctl/commands/scale_cluster.go:240.2,241.46 2 1
github.com/giantswarm/gsctl/commands/scale_cluster.go:234.17,236.4 1 0
github.com/giantswarm/gsctl/commands/scale_cluster.go:231.62,234.17 2 0
github.com/giantswarm/gsctl/commands/scale_cluster.go:231.2,231.62 1 1
github.com/giantswarm/gsctl/commands/scale_cluster.go:226.34,228.3 1 0
github.com/giantswarm/gsctl/commands/scale_cluster.go:222.2,226.34 4 1
github.com/giantswarm/gsctl/commands/scale_cluster.go:219.16,221.3 1 0
github.com/giantswarm/gsctl/commands/scale_cluster.go:217.2,219.16 2 1
github.com/giantswarm/gsctl/commands/scale_cluster.go:212.33,215.3 1 0
github.com/giantswarm/gsctl/commands/scale_cluster.go:209.76,212.33 2 1
github.com/giantswarm/gsctl/commands/scale_cluster.go:199.3,205.3 2 0
github.com/giantswarm/gsctl/commands/scale_cluster.go:193.32,199.3 2 0
github.com/giantswarm/gsctl/commands/scale_cluster.go:193.2,193.32 1 0
github.com/giantswarm/gsctl/commands/scale_cluster.go:189.52,191.3 1 0
github.com/giantswarm/gsctl/commands/scale_cluster.go:188.2,189.52 2 0
github.com/giantswarm/gsctl/commands/scale_cluster.go:185.33,187.3 1 0
github.com/giantswarm/gsctl/commands/scale_cluster.go:184.2,185.33 2 0
github.com/giantswarm/gsctl/commands/scale_cluster.go:180.3,180.13 1 0
github.com/giantswarm/gsctl/commands/scale_cluster.go:177.20,179.4 1 0
github.com/giantswarm/gsctl/commands/scale_cluster.go:176.3,177.20 2 0
github.com/giantswarm/gsctl/commands/scale_cluster.go:171.11,172.26 1 0
github.com/giantswarm/gsctl/commands/scale_cluster.go:167.41,170.46 3 0
github.com/giantswarm/gsctl/commands/scale_cluster.go:164.46,166.59 2 0
github.com/giantswarm/gsctl/commands/scale_cluster.go:161.51,163.79 2 0
github.com/giantswarm/gsctl/commands/scale_cluster.go:158.41,160.39 2 0
github.com/giantswarm/gsctl/commands/scale_cluster.go:156.35,157.35 1 0
github.com/giantswarm/gsctl/commands/scale_cluster.go:154.26,155.10 1 0
github.com/giantswarm/gsctl/commands/scale_cluster.go:149.16,153.10 3 0
github.com/giantswarm/gsctl/commands/scale_cluster.go:144.70,149.16 4 0
github.com/giantswarm/gsctl/commands/scale_cluster.go:140.2,140.12 1 1
github.com/giantswarm/gsctl/commands/scale_cluster.go:137.27,139.3 1 0
github.com/giantswarm/gsctl/commands/scale_cluster.go:137.2,137.27 1 1
github.com/giantswarm/gsctl/commands/scale_cluster.go:134.55,136.3 1 1
github.com/giantswarm/gsctl/commands/scale_cluster.go:133.94,134.55 1 2
github.com/giantswarm/gsctl/commands/scale_cluster.go:128.3,128.13 1 0
github.com/giantswarm/gsctl/commands/scale_cluster.go:125.20,127.4 1 0
github.com/giantswarm/gsctl/commands/scale_cluster.go:124.3,125.20 2 0
github.com/giantswarm/gsctl/commands/scale_cluster.go:119.11,120.26 1 0
github.com/giantswarm/gsctl/commands/scale_cluster.go:116.37,118.78 2 0
github.com/giantswarm/gsctl/commands/scale_cluster.go:113.32,115.118 2 0
github.com/giantswarm/gsctl/commands/scale_cluster.go:111.26,112.10 1 0
github.com/giantswarm/gsctl/commands/scale_cluster.go:106.16,110.10 3 0
github.com/giantswarm/gsctl/commands/scale_cluster.go:103.73,106.16 3 0
github.com/giantswarm/gsctl/commands/scale.go:14.13,17.2 1 1
github.com/giantswarm/gsctl/commands/root.go:29.58,31.2 1 0
github.com/giantswarm/gsctl/commands/root.go:16.13,25.2 6 1
github.com/giantswarm/gsctl/commands/ping.go:95.38,98.3 1 1
github.com/giantswarm/gsctl/commands/ping.go:92.2,95.38 3 2
github.com/giantswarm/gsctl/commands/ping.go:89.16,91.3 1 1
github.com/giantswarm/gsctl/commands/ping.go:78.2,89.16 5 3
github.com/giantswarm/gsctl/commands/ping.go:75.25,77.3 1 0
github.com/giantswarm/gsctl/commands/ping.go:67.2,75.25 4 3
github.com/giantswarm/gsctl/commands/ping.go:64.16,66.3 1 0
github.com/giantswarm/gsctl/commands/ping.go:63.2,64.16 2 3
github.com/giantswarm/gsctl/commands/ping.go:58.16,60.3 1 0
github.com/giantswarm/gsctl/commands/ping.go:57.2,58.16 2 3
github.com/giantswarm/gsctl/commands/ping.go:54.16,56.3 1 0
github.com/giantswarm/gsctl/commands/ping.go:49.54,54.16 3 3
github.com/giantswarm/gsctl/commands/ping.go:43.2,44.40 2 0
github.com/giantswarm/gsctl/commands/ping.go:38.16,42.3 3 0
github.com/giantswarm/gsctl/commands/ping.go:35.56,38.16 3 0
github.com/giantswarm/gsctl/commands/ping.go:29.13,31.2 1 1
github.com/giantswarm/gsctl/commands/ping.go:100.2,100.22 1 1
github.com/giantswarm/gsctl/commands/logout.go:96.41,106.22 4 4
github.com/giantswarm/gsctl/commands/logout.go:90.2,90.97 1 1
github.com/giantswarm/gsctl/commands/logout.go:87.3,87.13 1 0
github.com/giantswarm/gsctl/commands/logout.go:84.20,86.4 1 0
github.com/giantswarm/gsctl/commands/logout.go:83.3,84.20 2 0
github.com/giantswarm/gsctl/commands/logout.go:79.11,80.26 1 0
github.com/giantswarm/gsctl/commands/logout.go:77.26,78.10 1 0
github.com/giantswarm/gsctl/commands/logout.go:74.34,76.14 2 0
github.com/giantswarm/gsctl/commands/logout.go:69.16,73.10 3 0
github.com/giantswarm/gsctl/commands/logout.go:64.59,69.16 3 1
github.com/giantswarm/gsctl/commands/logout.go:57.49,60.3 2 0
github.com/giantswarm/gsctl/commands/logout.go:56.64,57.49 1 1
github.com/giantswarm/gsctl/commands/logout.go:52.13,54.2 1 1
github.com/giantswarm/gsctl/commands/logout.go:42.47,50.2 3 1
github.com/giantswarm/gsctl/commands/logout.go:127.2,127.12 1 2
github.com/giantswarm/gsctl/commands/logout.go:123.73,125.3 1 1
github.com/giantswarm/gsctl/commands/logout.go:123.2,123.73 1 3
github.com/giantswarm/gsctl/commands/logout.go:120.3,120.60 1 0
github.com/giantswarm/gsctl/commands/logout.go:115.65,117.4 1 1
github.com/giantswarm/gsctl/commands/logout.go:112.16,115.65 1 1
github.com/giantswarm/gsctl/commands/logout.go:110.2,112.16 3 4
github.com/giantswarm/gsctl/commands/logout.go:106.22,108.3 1 0
github.com/giantswarm/gsctl/commands/login.go:98.34,100.115 2 0
github.com/giantswarm/gsctl/commands/login.go:96.47,97.87 1 0
github.com/giantswarm/gsctl/commands/login.go:93.41,95.106 2 0
github.com/giantswarm/gsctl/commands/login.go:91.26,92.10 1 0
github.com/giantswarm/gsctl/commands/login.go:87.16,90.10 3 0
github.com/giantswarm/gsctl/commands/login.go:84.73,87.16 2 0
github.com/giantswarm/gsctl/commands/login.go:77.13,80.2 2 1
github.com/giantswarm/gsctl/commands/login.go:68.45,75.2 1 0
github.com/giantswarm/gsctl/commands/login.go:258.10,259.85 1 0
github.com/giantswarm/gsctl/commands/login.go:255.41,257.53 1 0
github.com/giantswarm/gsctl/commands/login.go:252.48,254.58 1 1
github.com/giantswarm/gsctl/commands/login.go:249.58,251.58 1 0
github.com/giantswarm/gsctl/commands/login.go:248.3,248.21 1 2
github.com/giantswarm/gsctl/commands/login.go:244.72,246.4 1 0
github.com/giantswarm/gsctl/commands/login.go:244.3,244.72 1 2
github.com/giantswarm/gsctl/commands/login.go:241.101,243.4 1 0
github.com/giantswarm/gsctl/commands/login.go:236.34,241.101 3 2
github.com/giantswarm/gsctl/commands/login.go:235.2,235.34 1 3
github.com/giantswarm/gsctl/commands/login.go:231.16,233.3 1 0
github.com/giantswarm/gsctl/commands/login.go:229.2,231.16 3 3
github.com/giantswarm/gsctl/commands/login.go:225.22,227.3 1 0
github.com/giantswarm/gsctl/commands/login.go:219.2,225.22 3 3
github.com/giantswarm/gsctl/commands/login.go:210.31,217.3 2 1
github.com/giantswarm/gsctl/commands/login.go:207.2,210.31 2 3
github.com/giantswarm/gsctl/commands/login.go:203.42,205.3 1 2
github.com/giantswarm/gsctl/commands/login.go:194.54,203.42 3 3
github.com/giantswarm/gsctl/commands/login.go:188.2,189.37 1 0
github.com/giantswarm/gsctl/commands/login.go:184.29,186.3 1 0
github.com/giantswarm/gsctl/commands/login.go:184.2,184.29 1 0
github.com/giantswarm/gsctl/commands/login.go:180.49,182.3 1 0
github.com/giantswarm/gsctl/commands/login.go:180.2,180.49 1 0
github.com/giantswarm/gsctl/commands/login.go:177.3,177.13 1 0
github.com/giantswarm/gsctl/commands/login.go:174.20,176.4 1 0
github.com/giantswarm/gsctl/commands/login.go:173.3,174.20 2 0
github.com/giantswarm/gsctl/commands/login.go:169.11,170.26 1 0
github.com/giantswarm/gsctl/commands/login.go:165.39,168.77 3 0
github.com/giantswarm/gsctl/commands/login.go:161.34,164.93 3 0
github.com/giantswarm/gsctl/commands/login.go:158.48,160.52 2 0
github.com/giantswarm/gsctl/commands/login.go:156.26,157.10 1 0
github.com/giantswarm/gsctl/commands/login.go:152.16,155.10 3 0
github.com/giantswarm/gsctl/commands/login.go:148.53,152.16 3 0
github.com/giantswarm/gsctl/commands/login.go:143.2,143.12 1 0
github.com/giantswarm/gsctl/commands/login.go:140.3,140.33 1 0
github.com/giantswarm/gsctl/commands/login.go:137.3,137.29 1 0
github.com/giantswarm/gsctl/commands/login.go:137.29,139.4 1 0
github.com/giantswarm/gsctl/commands/login.go:134.17,136.4 1 0
github.com/giantswarm/gsctl/commands/login.go:131.23,134.17 3 0
github.com/giantswarm/gsctl/commands/login.go:128.2,131.23 2 0
github.com/giantswarm/gsctl/commands/login.go:124.20,126.3 1 0
github.com/giantswarm/gsctl/commands/login.go:124.2,124.20 1 0
github.com/giantswarm/gsctl/commands/login.go:118.3,120.3 1 0
github.com/giantswarm/gsctl/commands/login.go:115.30,118.3 1 0
github.com/giantswarm/gsctl/commands/login.go:114.53,115.30 1 0
github.com/giantswarm/gsctl/commands/login.go:109.3,109.13 1 0
github.com/giantswarm/gsctl/commands/login.go:106.20,108.4 1 0
github.com/giantswarm/gsctl/commands/login.go:105.3,106.20 2 0
github.com/giantswarm/gsctl/commands/login.go:101.11,102.26 1 0
github.com/giantswarm/gsctl/commands/list_releases.go:96.51,98.3 1 0
github.com/giantswarm/gsctl/commands/list_releases.go:95.62,96.51 1 3
github.com/giantswarm/gsctl/commands/list_releases.go:89.3,89.13 1 0
github.com/giantswarm/gsctl/commands/list_releases.go:86.20,88.4 1 0
github.com/giantswarm/gsctl/commands/list_releases.go:85.3,86.20 2 0
github.com/giantswarm/gsctl/commands/list_releases.go:81.11,82.26 1 0
github.com/giantswarm/gsctl/commands/list_releases.go:77.32,80.63 3 0
github.com/giantswarm/gsctl/commands/list_releases.go:72.16,76.10 3 0
github.com/giantswarm/gsctl/commands/list_releases.go:69.75,72.16 3 0
github.com/giantswarm/gsctl/commands/list_releases.go:63.13,65.2 1 1
github.com/giantswarm/gsctl/commands/list_releases.go:48.59,56.2 3 2
github.com/giantswarm/gsctl/commands/list_releases.go:241.2,243.20 2 3
github.com/giantswarm/gsctl/commands/list_releases.go:236.68,238.4 1 17
github.com/giantswarm/gsctl/commands/list_releases.go:236.3,236.68 1 3
github.com/giantswarm/gsctl/commands/list_releases.go:233.69,235.4 1 32
github.com/giantswarm/gsctl/commands/list_releases.go:232.34,233.69 1 3
github.com/giantswarm/gsctl/commands/list_releases.go:232.2,232.34 1 3
github.com/giantswarm/gsctl/commands/list_releases.go:226.55,228.4 1 1
github.com/giantswarm/gsctl/commands/list_releases.go:225.31,226.55 1 1
github.com/giantswarm/gsctl/commands/list_releases.go:225.2,225.31 1 3
github.com/giantswarm/gsctl/commands/list_releases.go:220.45,222.3 1 0
github.com/giantswarm/gsctl/commands/list_releases.go:220.2,220.45 1 3
github.com/giantswarm/gsctl/commands/list_releases.go:217.3,217.38 1 1
github.com/giantswarm/gsctl/commands/list_releases.go:214.63,216.4 1 0
github.com/giantswarm/gsctl/commands/list_releases.go:214.4,214.63 1 1
github.com/giantswarm/gsctl/commands/list_releases.go:212.59,214.4 1 1
github.com/giantswarm/gsctl/commands/list_releases.go:212.4,212.59 1 2
github.com/giantswarm/gsctl/commands/list_releases.go:210.36,212.4 1 0
github.com/giantswarm/gsctl/commands/list_releases.go:208.16,210.36 1 2
github.com/giantswarm/gsctl/commands/list_releases.go:204.2,208.16 3 5
github.com/giantswarm/gsctl/commands/list_releases.go:201.22,203.3 1 0
github.com/giantswarm/gsctl/commands/list_releases.go:191.75,201.22 4 5
github.com/giantswarm/gsctl/commands/list_releases.go:182.45,184.5 1 0
github.com/giantswarm/gsctl/commands/list_releases.go:180.4,182.45 2 0
github.com/giantswarm/gsctl/commands/list_releases.go:176.49,178.5 1 0
github.com/giantswarm/gsctl/commands/list_releases.go:170.4,176.49 6 0
github.com/giantswarm/gsctl/commands/list_releases.go:165.22,167.5 1 0
github.com/giantswarm/gsctl/commands/list_releases.go:161.43,165.22 3 0
github.com/giantswarm/gsctl/commands/list_releases.go:159.3,161.43 1 0
github.com/giantswarm/gsctl/commands/list_releases.go:155.31,159.3 3 0
github.com/giantswarm/gsctl/commands/list_releases.go:155.2,155.31 1 0
github.com/giantswarm/gsctl/commands/list_releases.go:151.3,151.13 1 0
github.com/giantswarm/gsctl/commands/list_releases.go:148.20,150.4 1 0
github.com/giantswarm/gsctl/commands/list_releases.go:147.3,148.20 2 0
github.com/giantswarm/gsctl/commands/list_releases.go:143.11,144.26 1 0
github.com/giantswarm/gsctl/commands/list_releases.go:140.28,142.107 2 0
github.com/giantswarm/gsctl/commands/list_releases.go:137.35,139.107 2 0
github.com/giantswarm/gsctl/commands/list_releases.go:134.34,136.106 2 0
github.com/giantswarm/gsctl/commands/list_releases.go:130.32,133.63 3 0
github.com/giantswarm/gsctl/commands/list_releases.go:125.16,129.10 3 0
github.com/giantswarm/gsctl/commands/list_releases.go:120.65,125.16 3 0
github.com/giantswarm/gsctl/commands/list_releases.go:115.2,115.33 1 0
github.com/giantswarm/gsctl/commands/list_releases.go:111.39,113.3 1 0
github.com/giantswarm/gsctl/commands/list_releases.go:111.2,111.39 1 0
github.com/giantswarm/gsctl/commands/list_releases.go:107.48,109.3 1 0
github.com/giantswarm/gsctl/commands/list_releases.go:104.75,107.48 2 0
github.com/giantswarm/gsctl/commands/list_releases.go:100.2,100.12 1 3
github.com/giantswarm/gsctl/commands/list_organizations.go:99.2,99.112 1 0
github.com/giantswarm/gsctl/commands/list_organizations.go:97.3,97.21 1 4
github.com/giantswarm/gsctl/commands/list_organizations.go:93.38,95.5 1 6
github.com/giantswarm/gsctl/commands/list_organizations.go:92.4,93.38 2 2
github.com/giantswarm/gsctl/commands/list_organizations.go:88.53,90.5 1 4
github.com/giantswarm/gsctl/commands/list_organizations.go:86.4,88.53 1 2
github.com/giantswarm/gsctl/commands/list_organizations.go:84.30,86.4 1 2
github.com/giantswarm/gsctl/commands/list_organizations.go:82.54,84.30 2 4
github.com/giantswarm/gsctl/commands/list_organizations.go:82.2,82.54 1 4
github.com/giantswarm/gsctl/commands/list_organizations.go:78.16,80.3 1 0
github.com/giantswarm/gsctl/commands/list_organizations.go:76.2,78.16 3 4
github.com/giantswarm/gsctl/commands/list_organizations.go:72.22,74.3 1 0
github.com/giantswarm/gsctl/commands/list_organizations.go:62.34,72.22 5 4
github.com/giantswarm/gsctl/commands/list_organizations.go:57.2,57.19 1 2
github.com/giantswarm/gsctl/commands/list_organizations.go:55.3,55.13 1 0
github.com/giantswarm/gsctl/commands/list_organizations.go:52.34,54.4 1 0
github.com/giantswarm/gsctl/commands/list_organizations.go:50.16,52.34 2 0
github.com/giantswarm/gsctl/commands/list_organizations.go:48.50,50.16 2 2
github.com/giantswarm/gsctl/commands/list_organizations.go:43.2,43.12 1 0
github.com/giantswarm/gsctl/commands/list_organizations.go:40.49,42.3 1 0
github.com/giantswarm/gsctl/commands/list_organizations.go:39.61,40.49 1 0
github.com/giantswarm/gsctl/commands/list_organizations.go:35.13,37.2 1 1
github.com/giantswarm/gsctl/commands/list_keypairs.go:96.3,96.13 1 0
github.com/giantswarm/gsctl/commands/list_keypairs.go:93.20,95.4 1 0
github.com/giantswarm/gsctl/commands/list_keypairs.go:92.3,93.20 2 0
github.com/giantswarm/gsctl/commands/list_keypairs.go:88.11,89.26 1 0
github.com/giantswarm/gsctl/commands/list_keypairs.go:85.37,87.110 2 0
github.com/giantswarm/gsctl/commands/list_keypairs.go:81.32,84.63 3 0
github.com/giantswarm/gsctl/commands/list_keypairs.go:76.16,80.10 3 0
github.com/giantswarm/gsctl/commands/list_keypairs.go:73.75,76.16 3 0
github.com/giantswarm/gsctl/commands/list_keypairs.go:64.13,69.2 3 1
github.com/giantswarm/gsctl/commands/list_keypairs.go:48.59,57.2 3 0
github.com/giantswarm/gsctl/commands/list_keypairs.go:242.2,244.20 2 2
github.com/giantswarm/gsctl/commands/list_keypairs.go:237.55,239.4 1 1
github.com/giantswarm/gsctl/commands/list_keypairs.go:236.31,237.55 1 1
github.com/giantswarm/gsctl/commands/list_keypairs.go:236.2,236.31 1 2
github.com/giantswarm/gsctl/commands/list_keypairs.go:231.45,233.3 1 0
github.com/giantswarm/gsctl/commands/list_keypairs.go:231.2,231.45 1 2
github.com/giantswarm/gsctl/commands/list_keypairs.go:228.3,228.38 1 0
github.com/giantswarm/gsctl/commands/list_keypairs.go:225.63,227.4 1 0
github.com/giantswarm/gsctl/commands/list_keypairs.go:225.4,225.63 1 0
github.com/giantswarm/gsctl/commands/list_keypairs.go:223.59,225.4 1 1
github.com/giantswarm/gsctl/commands/list_keypairs.go:223.4,223.59 1 1
github.com/giantswarm/gsctl/commands/list_keypairs.go:221.36,223.4 1 0
github.com/giantswarm/gsctl/commands/list_keypairs.go:219.16,221.36 1 1
github.com/giantswarm/gsctl/commands/list_keypairs.go:215.2,219.16 3 3
github.com/giantswarm/gsctl/commands/list_keypairs.go:212.22,214.3 1 0
github.com/giantswarm/gsctl/commands/list_keypairs.go:202.75,212.22 4 3
github.com/giantswarm/gsctl/commands/list_keypairs.go:196.3,196.46 1 0
github.com/giantswarm/gsctl/commands/list_keypairs.go:181.43,195.4 4 0
github.com/giantswarm/gsctl/commands/list_keypairs.go:168.3,181.43 4 0
github.com/giantswarm/gsctl/commands/list_keypairs.go:165.31,168.3 2 0
github.com/giantswarm/gsctl/commands/list_keypairs.go:165.2,165.31 1 0
github.com/giantswarm/gsctl/commands/list_keypairs.go:161.3,161.13 1 0
github.com/giantswarm/gsctl/commands/list_keypairs.go:158.20,160.4 1 0
github.com/giantswarm/gsctl/commands/list_keypairs.go:157.3,158.20 2 0
github.com/giantswarm/gsctl/commands/list_keypairs.go:153.11,154.26 1 0
github.com/giantswarm/gsctl/commands/list_keypairs.go:150.28,152.108 2 0
github.com/giantswarm/gsctl/commands/list_keypairs.go:147.35,149.108 2 0
github.com/giantswarm/gsctl/commands/list_keypairs.go:144.36,146.127 2 0
github.com/giantswarm/gsctl/commands/list_keypairs.go:141.34,143.107 2 0
github.com/giantswarm/gsctl/commands/list_keypairs.go:138.37,140.110 2 0
github.com/giantswarm/gsctl/commands/list_keypairs.go:134.32,137.63 3 0
github.com/giantswarm/gsctl/commands/list_keypairs.go:129.16,133.10 3 0
github.com/giantswarm/gsctl/commands/list_keypairs.go:124.65,129.16 3 0
github.com/giantswarm/gsctl/commands/list_keypairs.go:119.2,119.12 1 3
github.com/giantswarm/gsctl/commands/list_keypairs.go:114.4,116.4 1 0
github.com/giantswarm/gsctl/commands/list_keypairs.go:112.22,114.4 1 0
github.com/giantswarm/gsctl/commands/list_keypairs.go:109.26,112.22 2 0
github.com/giantswarm/gsctl/commands/list_keypairs.go:109.2,109.26 1 3
github.com/giantswarm/gsctl/commands/list_keypairs.go:106.51,108.3 1 1
github.com/giantswarm/gsctl/commands/list_keypairs.go:105.62,106.51 1 4
github.com/giantswarm/gsctl/commands/list_endpoints.go:97.52,99.4 1 2
github.com/giantswarm/gsctl/commands/list_endpoints.go:97.3,97.52 1 2
github.com/giantswarm/gsctl/commands/list_endpoints.go:93.52,95.4 1 2
github.com/giantswarm/gsctl/commands/list_endpoints.go:93.3,93.52 1 2
github.com/giantswarm/gsctl/commands/list_endpoints.go:89.35,91.4 1 1
github.com/giantswarm/gsctl/commands/list_endpoints.go:84.40,89.35 4 2
github.com/giantswarm/gsctl/commands/list_endpoints.go:84.2,84.40 1 1
github.com/giantswarm/gsctl/commands/list_endpoints.go:80.47,82.3 1 1
github.com/giantswarm/gsctl/commands/list_endpoints.go:80.2,80.47 1 1
github.com/giantswarm/gsctl/commands/list_endpoints.go:76.41,78.3 1 2
github.com/giantswarm/gsctl/commands/list_endpoints.go:65.2,76.41 3 1
github.com/giantswarm/gsctl/commands/list_endpoints.go:59.39,62.3 1 0
github.com/giantswarm/gsctl/commands/list_endpoints.go:58.57,59.39 1 1
github.com/giantswarm/gsctl/commands/list_endpoints.go:52.18,54.3 1 0
github.com/giantswarm/gsctl/commands/list_endpoints.go:49.55,52.18 3 0
github.com/giantswarm/gsctl/commands/list_endpoints.go:39.60,46.2 3 0
github.com/giantswarm/gsctl/commands/list_endpoints.go:33.13,35.2 1 1
github.com/giantswarm/gsctl/commands/list_endpoints.go:116.2,116.39 1 1
github.com/giantswarm/gsctl/commands/list_endpoints.go:113.3,113.31 1 2
github.com/giantswarm/gsctl/commands/list_endpoints.go:110.4,112.4 1 1
github.com/giantswarm/gsctl/commands/list_endpoints.go:102.35,110.4 1 1
github.com/giantswarm/gsctl/commands/list_endpoints.go:101.3,102.35 2 2
github.com/giantswarm/gsctl/commands/list_clusters.go:96.46,98.3 1 11
github.com/giantswarm/gsctl/commands/list_clusters.go:88.2,96.46 2 2
github.com/giantswarm/gsctl/commands/list_clusters.go:84.24,86.3 1 2
github.com/giantswarm/gsctl/commands/list_clusters.go:84.2,84.24 1 4
github.com/giantswarm/gsctl/commands/list_clusters.go:80.16,82.3 1 0
github.com/giantswarm/gsctl/commands/list_clusters.go:76.2,80.16 3 4
github.com/giantswarm/gsctl/commands/list_clusters.go:73.22,75.3 1 0
github.com/giantswarm/gsctl/commands/list_clusters.go:63.38,73.22 5 4
github.com/giantswarm/gsctl/commands/list_clusters.go:57.2,57.18 1 2
github.com/giantswarm/gsctl/commands/list_clusters.go:57.18,59.3 1 1
github.com/giantswarm/gsctl/commands/list_clusters.go:55.3,55.13 1 0
github.com/giantswarm/gsctl/commands/list_clusters.go:52.34,54.4 1 0
github.com/giantswarm/gsctl/commands/list_clusters.go:50.16,52.34 2 0
github.com/giantswarm/gsctl/commands/list_clusters.go:48.54,50.16 2 2
github.com/giantswarm/gsctl/commands/list_clusters.go:44.2,44.12 1 0
github.com/giantswarm/gsctl/commands/list_clusters.go:41.31,43.3 1 2
github.com/giantswarm/gsctl/commands/list_clusters.go:40.65,41.31 1 2
github.com/giantswarm/gsctl/commands/list_clusters.go:36.13,38.2 1 1
github.com/giantswarm/gsctl/commands/list_clusters.go:110.2,110.44 1 2
github.com/giantswarm/gsctl/commands/list_clusters.go:100.35,108.3 2 8
github.com/giantswarm/gsctl/commands/list_clusters.go:100.2,100.35 1 2
github.com/giantswarm/gsctl/commands/list.go:14.13,16.2 1 1
github.com/giantswarm/gsctl/commands/info.go:90.2,97.45 5 2
github.com/giantswarm/gsctl/commands/info.go:85.4,87.4 1 1
github.com/giantswarm/gsctl/commands/info.go:83.25,85.4 1 0
github.com/giantswarm/gsctl/commands/info.go:82.22,83.25 1 1
github.com/giantswarm/gsctl/commands/info.go:82.2,82.22 1 2
github.com/giantswarm/gsctl/commands/info.go:78.3,80.3 1 0
github.com/giantswarm/gsctl/commands/info.go:76.24,78.3 1 2
github.com/giantswarm/gsctl/commands/info.go:76.2,76.24 1 2
github.com/giantswarm/gsctl/commands/info.go:72.3,74.3 1 0
github.com/giantswarm/gsctl/commands/info.go:70.24,72.3 1 2
github.com/giantswarm/gsctl/commands/info.go:70.2,70.24 1 2
github.com/giantswarm/gsctl/commands/info.go:66.3,68.3 1 2
github.com/giantswarm/gsctl/commands/info.go:64.30,66.3 1 0
github.com/giantswarm/gsctl/commands/info.go:57.51,64.30 4 2
github.com/giantswarm/gsctl/commands/info.go:52.13,54.2 1 1
github.com/giantswarm/gsctl/commands/info.go:33.43,39.2 1 3
github.com/giantswarm/gsctl/commands/info.go:123.2,123.15 1 3
github.com/giantswarm/gsctl/commands/info.go:118.49,120.4 1 2
github.com/giantswarm/gsctl/commands/info.go:117.37,118.49 1 2
github.com/giantswarm/gsctl/commands/info.go:109.2,117.37 6 3
github.com/giantswarm/gsctl/commands/info.go:105.28,107.3 1 3
github.com/giantswarm/gsctl/commands/info.go:102.42,105.28 2 3
github.com/giantswarm/gsctl/commands/error.go:90.43,92.2 1 1
github.com/giantswarm/gsctl/commands/error.go:81.44,83.2 1 0
github.com/giantswarm/gsctl/commands/error.go:71.45,73.2 1 2
github.com/giantswarm/gsctl/commands/error.go:63.46,65.2 1 1
github.com/giantswarm/gsctl/commands/error.go:55.55,57.2 1 0
github.com/giantswarm/gsctl/commands/error.go:46.46,48.2 1 0
github.com/giantswarm/gsctl/commands/error.go:37.44,39.2 1 0
github.com/giantswarm/gsctl/commands/error.go:290.44,292.2 1 0
github.com/giantswarm/gsctl/commands/error.go:29.41,31.2 1 2
github.com/giantswarm/gsctl/commands/error.go:281.47,283.2 1 0
github.com/giantswarm/gsctl/commands/error.go:273.44,275.2 1 0
github.com/giantswarm/gsctl/commands/error.go:264.44,266.2 1 0
github.com/giantswarm/gsctl/commands/error.go:256.48,258.2 1 1
github.com/giantswarm/gsctl/commands/error.go:247.50,249.2 1 0
github.com/giantswarm/gsctl/commands/error.go:238.56,240.2 1 0
github.com/giantswarm/gsctl/commands/error.go:229.43,231.2 1 0
github.com/giantswarm/gsctl/commands/error.go:221.45,223.2 1 0
github.com/giantswarm/gsctl/commands/error.go:213.50,215.2 1 0
github.com/giantswarm/gsctl/commands/error.go:21.50,23.2 1 0
github.com/giantswarm/gsctl/commands/error.go:205.60,207.2 1 0
github.com/giantswarm/gsctl/commands/error.go:196.50,198.2 1 0
github.com/giantswarm/gsctl/commands/error.go:185.51,187.2 1 0
github.com/giantswarm/gsctl/commands/error.go:174.51,176.2 1 0
github.com/giantswarm/gsctl/commands/error.go:164.59,166.2 1 0
github.com/giantswarm/gsctl/commands/error.go:154.49,156.2 1 0
github.com/giantswarm/gsctl/commands/error.go:146.49,148.2 1 0
github.com/giantswarm/gsctl/commands/error.go:137.55,139.2 1 0
github.com/giantswarm/gsctl/commands/error.go:13.37,15.2 1 0
github.com/giantswarm/gsctl/commands/error.go:128.54,130.2 1 0
github.com/giantswarm/gsctl/commands/error.go:119.56,121.2 1 0
github.com/giantswarm/gsctl/commands/error.go:110.50,112.2 1 0
github.com/giantswarm/gsctl/commands/error.go:101.51,103.2 1 0
github.com/giantswarm/gsctl/commands/delete_cluster.go:96.11,97.26 1 0
github.com/giantswarm/gsctl/commands/delete_cluster.go:92.42,95.46 3 0
github.com/giantswarm/gsctl/commands/delete_cluster.go:89.37,91.81 2 0
github.com/giantswarm/gsctl/commands/delete_cluster.go:86.32,88.118 2 0
github.com/giantswarm/gsctl/commands/delete_cluster.go:84.26,85.10 1 0
github.com/giantswarm/gsctl/commands/delete_cluster.go:79.16,83.10 3 0
github.com/giantswarm/gsctl/commands/delete_cluster.go:75.71,79.16 3 0
github.com/giantswarm/gsctl/commands/delete_cluster.go:63.13,70.2 4 1
github.com/giantswarm/gsctl/commands/delete_cluster.go:28.61,38.2 3 0
github.com/giantswarm/gsctl/commands/delete_cluster.go:174.2,176.45 1 0
github.com/giantswarm/gsctl/commands/delete_cluster.go:170.97,172.3 1 1
github.com/giantswarm/gsctl/commands/delete_cluster.go:170.2,170.97 1 1
github.com/giantswarm/gsctl/commands/delete_cluster.go:165.16,167.3 1 0
github.com/giantswarm/gsctl/commands/delete_cluster.go:164.2,165.16 2 1
github.com/giantswarm/gsctl/commands/delete_cluster.go:161.22,163.3 1 0
github.com/giantswarm/gsctl/commands/delete_cluster.go:155.2,161.22 4 1
github.com/giantswarm/gsctl/commands/delete_cluster.go:149.17,151.4 1 0
github.com/giantswarm/gsctl/commands/delete_cluster.go:147.17,149.17 2 0
github.com/giantswarm/gsctl/commands/delete_cluster.go:145.63,147.17 1 1
github.com/giantswarm/gsctl/commands/delete_cluster.go:133.18,135.4 1 0
github.com/giantswarm/gsctl/commands/delete_cluster.go:132.3,133.18 1 0
github.com/giantswarm/gsctl/commands/delete_cluster.go:130.2,130.13 1 0
github.com/giantswarm/gsctl/commands/delete_cluster.go:130.13,132.3 1 0
github.com/giantswarm/gsctl/commands/delete_cluster.go:124.16,127.3 2 0
github.com/giantswarm/gsctl/commands/delete_cluster.go:121.70,124.16 3 0
github.com/giantswarm/gsctl/commands/delete_cluster.go:117.2,117.12 1 1
github.com/giantswarm/gsctl/commands/delete_cluster.go:114.51,116.3 1 1
github.com/giantswarm/gsctl/commands/delete_cluster.go:114.2,114.51 1 2
github.com/giantswarm/gsctl/commands/delete_cluster.go:111.26,113.3 1 1
github.com/giantswarm/gsctl/commands/delete_cluster.go:110.76,111.26 1 3
github.com/giantswarm/gsctl/commands/delete_cluster.go:105.3,105.13 1 0
github.com/giantswarm/gsctl/commands/delete_cluster.go:102.20,104.4 1 0
github.com/giantswarm/gsctl/commands/delete_cluster.go:101.3,102.20 2 0
github.com/giantswarm/gsctl/commands/delete.go:14.13,16.2 1 1
github.com/giantswarm/gsctl/commands/create_kubeconfig.go:99.2,110.3 1 0
github.com/giantswarm/gsctl/commands/create_kubeconfig.go:95.36,97.3 1 0
github.com/giantswarm/gsctl/commands/create_kubeconfig.go:94.2,95.36 2 0
github.com/giantswarm/gsctl/commands/create_kubeconfig.go:90.23,92.3 1 0
github.com/giantswarm/gsctl/commands/create_kubeconfig.go:85.67,90.23 4 0
github.com/giantswarm/gsctl/commands/create_kubeconfig.go:476.2,476.20 1 3
github.com/giantswarm/gsctl/commands/create_kubeconfig.go:473.3,473.52 1 1
github.com/giantswarm/gsctl/commands/create_kubeconfig.go:469.17,471.4 1 0
github.com/giantswarm/gsctl/commands/create_kubeconfig.go:468.3,469.17 2 1
github.com/giantswarm/gsctl/commands/create_kubeconfig.go:464.17,466.4 1 0
github.com/giantswarm/gsctl/commands/create_kubeconfig.go:427.3,464.17 3 1
github.com/giantswarm/gsctl/commands/create_kubeconfig.go:424.66,426.4 1 0
github.com/giantswarm/gsctl/commands/create_kubeconfig.go:424.3,424.66 1 2
github.com/giantswarm/gsctl/commands/create_kubeconfig.go:421.82,423.4 1 0
github.com/giantswarm/gsctl/commands/create_kubeconfig.go:421.3,421.82 1 2
github.com/giantswarm/gsctl/commands/create_kubeconfig.go:418.3,418.113 1 2
github.com/giantswarm/gsctl/commands/create_kubeconfig.go:418.113,420.4 1 0
github.com/giantswarm/gsctl/commands/create_kubeconfig.go:415.119,417.4 1 0
github.com/giantswarm/gsctl/commands/create_kubeconfig.go:404.34,415.119 5 2
github.com/giantswarm/gsctl/commands/create_kubeconfig.go:402.2,404.34 2 3
github.com/giantswarm/gsctl/commands/create_kubeconfig.go:396.75,399.3 1 0
github.com/giantswarm/gsctl/commands/create_kubeconfig.go:396.3,396.75 1 3
github.com/giantswarm/gsctl/commands/create_kubeconfig.go:393.35,396.3 1 0
github.com/giantswarm/gsctl/commands/create_kubeconfig.go:393.2,393.35 1 3
github.com/giantswarm/gsctl/commands/create_kubeconfig.go:389.16,391.3 1 0
github.com/giantswarm/gsctl/commands/create_kubeconfig.go:385.2,389.16 2 3
github.com/giantswarm/gsctl/commands/create_kubeconfig.go:381.22,383.3 1 0
github.com/giantswarm/gsctl/commands/create_kubeconfig.go:370.2,381.22 5 3
github.com/giantswarm/gsctl/commands/create_kubeconfig.go:366.16,368.3 1 0
github.com/giantswarm/gsctl/commands/create_kubeconfig.go:357.2,366.16 3 3
github.com/giantswarm/gsctl/commands/create_kubeconfig.go:353.22,355.3 1 0
github.com/giantswarm/gsctl/commands/create_kubeconfig.go:344.87,353.22 4 3
github.com/giantswarm/gsctl/commands/create_kubeconfig.go:328.3,341.3 9 0
github.com/giantswarm/gsctl/commands/create_kubeconfig.go:321.36,328.3 4 0
github.com/giantswarm/gsctl/commands/create_kubeconfig.go:316.2,321.36 3 0
github.com/giantswarm/gsctl/commands/create_kubeconfig.go:311.3,311.13 1 0
github.com/giantswarm/gsctl/commands/create_kubeconfig.go:308.20,310.4 1 0
github.com/giantswarm/gsctl/commands/create_kubeconfig.go:307.3,308.20 2 0
github.com/giantswarm/gsctl/commands/create_kubeconfig.go:302.11,303.26 1 0
github.com/giantswarm/gsctl/commands/create_kubeconfig.go:299.38,301.53 2 0
github.com/giantswarm/gsctl/commands/create_kubeconfig.go:296.36,298.90 2 0
github.com/giantswarm/gsctl/commands/create_kubeconfig.go:293.51,295.71 2 0
github.com/giantswarm/gsctl/commands/create_kubeconfig.go:291.51,292.38 1 0
github.com/giantswarm/gsctl/commands/create_kubeconfig.go:287.55,290.77 3 0
github.com/giantswarm/gsctl/commands/create_kubeconfig.go:283.51,286.62 3 0
github.com/giantswarm/gsctl/commands/create_kubeconfig.go:280.41,282.39 2 0
github.com/giantswarm/gsctl/commands/create_kubeconfig.go:274.16,279.10 3 0
github.com/giantswarm/gsctl/commands/create_kubeconfig.go:270.74,274.16 3 0
github.com/giantswarm/gsctl/commands/create_kubeconfig.go:266.2,266.12 1 3
github.com/giantswarm/gsctl/commands/create_kubeconfig.go:260.18,262.5 1 0
github.com/giantswarm/gsctl/commands/create_kubeconfig.go:258.69,260.18 2 0
github.com/giantswarm/gsctl/commands/create_kubeconfig.go:257.49,258.69 1 1
github.com/giantswarm/gsctl/commands/create_kubeconfig.go:257.2,257.49 1 3
github.com/giantswarm/gsctl/commands/create_kubeconfig.go:252.18,254.3 1 0
github.com/giantswarm/gsctl/commands/create_kubeconfig.go:251.2,252.18 2 3
github.com/giantswarm/gsctl/commands/create_kubeconfig.go:247.26,249.3 1 0
github.com/giantswarm/gsctl/commands/create_kubeconfig.go:247.2,247.26 1 3
github.com/giantswarm/gsctl/commands/create_kubeconfig.go:244.28,246.3 1 0
github.com/giantswarm/gsctl/commands/create_kubeconfig.go:244.2,244.28 1 3
github.com/giantswarm/gsctl/commands/create_kubeconfig.go:241.55,243.3 1 0
github.com/giantswarm/gsctl/commands/create_kubeconfig.go:240.102,241.55 1 3
github.com/giantswarm/gsctl/commands/create_kubeconfig.go:234.2,234.12 1 0
github.com/giantswarm/gsctl/commands/create_kubeconfig.go:231.19,233.3 1 0
github.com/giantswarm/gsctl/commands/create_kubeconfig.go:230.2,231.19 2 0
github.com/giantswarm/gsctl/commands/create_kubeconfig.go:225.10,226.25 1 0
github.com/giantswarm/gsctl/commands/create_kubeconfig.go:222.36,224.100 2 0
github.com/giantswarm/gsctl/commands/create_kubeconfig.go:219.4,219.39 1 0
github.com/giantswarm/gsctl/commands/create_kubeconfig.go:219.39,221.4 1 0
github.com/giantswarm/gsctl/commands/create_kubeconfig.go:217.4,217.37 1 0
github.com/giantswarm/gsctl/commands/create_kubeconfig.go:217.37,219.4 1 0
github.com/giantswarm/gsctl/commands/create_kubeconfig.go:214.31,217.4 2 0
github.com/giantswarm/gsctl/commands/create_kubeconfig.go:212.34,214.31 2 0
github.com/giantswarm/gsctl/commands/create_kubeconfig.go:209.31,211.117 2 0
github.com/giantswarm/gsctl/commands/create_kubeconfig.go:207.34,208.60 1 0
github.com/giantswarm/gsctl/commands/create_kubeconfig.go:205.25,206.9 1 0
github.com/giantswarm/gsctl/commands/create_kubeconfig.go:201.2,204.9 3 0
github.com/giantswarm/gsctl/commands/create_kubeconfig.go:197.16,199.3 1 0
github.com/giantswarm/gsctl/commands/create_kubeconfig.go:193.77,197.16 3 0
github.com/giantswarm/gsctl/commands/create_kubeconfig.go:177.13,190.2 10 1
github.com/giantswarm/gsctl/commands/create_keypair.go:94.16,98.3 3 0
github.com/giantswarm/gsctl/commands/create_keypair.go:89.2,94.16 5 1
github.com/giantswarm/gsctl/commands/create_keypair.go:84.22,87.3 2 0
github.com/giantswarm/gsctl/commands/create_keypair.go:76.2,84.22 5 1
github.com/giantswarm/gsctl/commands/create_keypair.go:72.26,74.3 1 1
github.com/giantswarm/gsctl/commands/create_keypair.go:71.52,72.26 1 1
github.com/giantswarm/gsctl/commands/create_keypair.go:68.2,68.12 1 0
github.com/giantswarm/gsctl/commands/create_keypair.go:65.26,67.3 1 0
github.com/giantswarm/gsctl/commands/create_keypair.go:65.2,65.26 1 0
github.com/giantswarm/gsctl/commands/create_keypair.go:61.4,63.4 1 0
github.com/giantswarm/gsctl/commands/create_keypair.go:59.22,61.4 1 0
github.com/giantswarm/gsctl/commands/create_keypair.go:56.24,59.22 2 0
github.com/giantswarm/gsctl/commands/create_keypair.go:56.2,56.24 1 0
github.com/giantswarm/gsctl/commands/create_keypair.go:53.2,53.17 1 1
github.com/giantswarm/gsctl/commands/create_keypair.go:53.17,55.3 1 1
github.com/giantswarm/gsctl/commands/create_keypair.go:50.20,52.3 1 0
github.com/giantswarm/gsctl/commands/create_keypair.go:45.63,50.20 3 1
github.com/giantswarm/gsctl/commands/create_keypair.go:33.13,43.2 7 1
github.com/giantswarm/gsctl/commands/create_keypair.go:116.3,119.3 2 0
github.com/giantswarm/gsctl/commands/create_keypair.go:100.35,116.3 8 1
github.com/giantswarm/gsctl/commands/create_keypair.go:100.2,100.35 1 1
github.com/giantswarm/gsctl/commands/create_cluster.go:528.2,528.20 1 3
github.com/giantswarm/gsctl/commands/create_cluster.go:524.3,525.53 2 3
github.com/giantswarm/gsctl/commands/create_cluster.go:519.46,523.4 1 0
github.com/giantswarm/gsctl/commands/create_cluster.go:519.3,519.46 1 3
github.com/giantswarm/gsctl/commands/create_cluster.go:514.36,516.4 1 0
github.com/giantswarm/gsctl/commands/create_cluster.go:514.3,514.36 1 3
github.com/giantswarm/gsctl/commands/create_cluster.go:509.17,512.4 1 0
github.com/giantswarm/gsctl/commands/create_cluster.go:508.3,509.17 2 3
github.com/giantswarm/gsctl/commands/create_cluster.go:505.23,507.4 1 0
github.com/giantswarm/gsctl/commands/create_cluster.go:495.2,495.18 1 3
github.com/giantswarm/gsctl/commands/create_cluster.go:495.18,505.23 5 3
github.com/giantswarm/gsctl/commands/create_cluster.go:491.23,493.3 1 0
github.com/giantswarm/gsctl/commands/create_cluster.go:489.2,491.23 3 3
github.com/giantswarm/gsctl/commands/create_cluster.go:484.3,485.16 2 2
github.com/giantswarm/gsctl/commands/create_cluster.go:481.24,483.4 1 0
github.com/giantswarm/gsctl/commands/create_cluster.go:478.2,478.18 1 3
github.com/giantswarm/gsctl/commands/create_cluster.go:478.18,481.24 3 2
github.com/giantswarm/gsctl/commands/create_cluster.go:472.95,474.4 1 0
github.com/giantswarm/gsctl/commands/create_cluster.go:470.30,472.95 1 1
github.com/giantswarm/gsctl/commands/create_cluster.go:470.2,470.30 1 3
github.com/giantswarm/gsctl/commands/create_cluster.go:464.35,466.3 1 0
github.com/giantswarm/gsctl/commands/create_cluster.go:464.2,464.35 1 3
github.com/giantswarm/gsctl/commands/create_cluster.go:458.3,461.3 1 2
github.com/giantswarm/gsctl/commands/create_cluster.go:457.3,457.55 1 1
github.com/giantswarm/gsctl/commands/create_cluster.go:454.17,456.4 1 1
github.com/giantswarm/gsctl/commands/create_cluster.go:451.30,454.17 2 2
github.com/giantswarm/gsctl/commands/create_cluster.go:447.69,451.30 3 4
github.com/giantswarm/gsctl/commands/create_cluster.go:442.2,442.10 1 3
github.com/giantswarm/gsctl/commands/create_cluster.go:432.36,440.3 7 4
github.com/giantswarm/gsctl/commands/create_cluster.go:426.80,432.36 5 3
github.com/giantswarm/gsctl/commands/create_cluster.go:422.2,422.12 1 2
github.com/giantswarm/gsctl/commands/create_cluster.go:420.3,420.24 1 1
github.com/giantswarm/gsctl/commands/create_cluster.go:418.4,418.37 1 4
github.com/giantswarm/gsctl/commands/create_cluster.go:414.42,416.5 1 0
github.com/giantswarm/gsctl/commands/create_cluster.go:414.4,414.42 1 4
github.com/giantswarm/gsctl/commands/create_cluster.go:409.4,409.36 1 4
github.com/giantswarm/gsctl/commands/create_cluster.go:409.36,411.5 1 4
github.com/giantswarm/gsctl/commands/create_cluster.go:405.4,405.37 1 4
github.com/giantswarm/gsctl/commands/create_cluster.go:405.37,407.5 1 4
github.com/giantswarm/gsctl/commands/create_cluster.go:401.31,403.5 1 4
github.com/giantswarm/gsctl/commands/create_cluster.go:40.55,58.2 3 0
github.com/giantswarm/gsctl/commands/create_cluster.go:397.40,401.31 2 4
github.com/giantswarm/gsctl/commands/create_cluster.go:395.26,397.40 2 1
github.com/giantswarm/gsctl/commands/create_cluster.go:395.2,395.26 1 2
github.com/giantswarm/gsctl/commands/create_cluster.go:391.22,393.3 1 2
github.com/giantswarm/gsctl/commands/create_cluster.go:391.2,391.22 1 2
github.com/giantswarm/gsctl/commands/create_cluster.go:387.31,389.3 1 1
github.com/giantswarm/gsctl/commands/create_cluster.go:387.2,387.31 1 2
github.com/giantswarm/gsctl/commands/create_cluster.go:383.28,385.3 1 1
github.com/giantswarm/gsctl/commands/create_cluster.go:380.76,383.28 2 2
github.com/giantswarm/gsctl/commands/create_cluster.go:373.22,375.3 1 1
github.com/giantswarm/gsctl/commands/create_cluster.go:373.2,373.22 1 1
github.com/giantswarm/gsctl/commands/create_cluster.go:370.31,372.3 1 0
github.com/giantswarm/gsctl/commands/create_cluster.go:370.2,370.31 1 1
github.com/giantswarm/gsctl/commands/create_cluster.go:367.28,369.3 1 1
github.com/giantswarm/gsctl/commands/create_cluster.go:366.83,367.28 1 1
github.com/giantswarm/gsctl/commands/create_cluster.go:360.2,360.19 1 12
github.com/giantswarm/gsctl/commands/create_cluster.go:357.20,359.3 1 0
github.com/giantswarm/gsctl/commands/create_cluster.go:355.91,357.20 2 12
github.com/giantswarm/gsctl/commands/create_cluster.go:351.2,351.41 1 8
github.com/giantswarm/gsctl/commands/create_cluster.go:348.20,350.3 1 1
github.com/giantswarm/gsctl/commands/create_cluster.go:345.73,348.20 3 9
github.com/giantswarm/gsctl/commands/create_cluster.go:341.2,341.12 1 4
github.com/giantswarm/gsctl/commands/create_cluster.go:336.3,336.20 1 1
github.com/giantswarm/gsctl/commands/create_cluster.go:336.20,338.4 1 0
github.com/giantswarm/gsctl/commands/create_cluster.go:331.64,333.5 1 1
github.com/giantswarm/gsctl/commands/create_cluster.go:330.55,331.64 1 1
github.com/giantswarm/gsctl/commands/create_cluster.go:330.3,330.55 1 1
github.com/giantswarm/gsctl/commands/create_cluster.go:326.17,328.4 1 1
github.com/giantswarm/gsctl/commands/create_cluster.go:319.31,326.17 6 2
github.com/giantswarm/gsctl/commands/create_cluster.go:319.2,319.31 1 5
github.com/giantswarm/gsctl/commands/create_cluster.go:314.95,316.4 1 0
github.com/giantswarm/gsctl/commands/create_cluster.go:312.40,314.95 1 0
github.com/giantswarm/gsctl/commands/create_cluster.go:312.2,312.40 1 5
github.com/giantswarm/gsctl/commands/create_cluster.go:308.91,310.3 1 0
github.com/giantswarm/gsctl/commands/create_cluster.go:308.2,308.91 1 5
github.com/giantswarm/gsctl/commands/create_cluster.go:303.88,305.3 1 0
github.com/giantswarm/gsctl/commands/create_cluster.go:303.2,303.88 1 5
github.com/giantswarm/gsctl/commands/create_cluster.go:298.73,300.3 1 0
github.com/giantswarm/gsctl/commands/create_cluster.go:298.2,298.73 1 5
github.com/giantswarm/gsctl/commands/create_cluster.go:293.64,295.3 1 0
github.com/giantswarm/gsctl/commands/create_cluster.go:293.2,293.64 1 5
github.com/giantswarm/gsctl/commands/create_cluster.go:287.159,289.4 1 0
github.com/giantswarm/gsctl/commands/create_cluster.go:286.3,287.159 1 3
github.com/giantswarm/gsctl/commands/create_cluster.go:283.157,285.4 1 0
github.com/giantswarm/gsctl/commands/create_cluster.go:282.30,283.157 1 2
github.com/giantswarm/gsctl/commands/create_cluster.go:282.2,282.30 1 5
github.com/giantswarm/gsctl/commands/create_cluster.go:277.51,279.3 1 1
github.com/giantswarm/gsctl/commands/create_cluster.go:275.73,277.51 1 6
github.com/giantswarm/gsctl/commands/create_cluster.go:268.3,270.111 3 0
github.com/giantswarm/gsctl/commands/create_cluster.go:265.4,267.4 1 0
github.com/giantswarm/gsctl/commands/create_cluster.go:263.35,265.4 1 0
github.com/giantswarm/gsctl/commands/create_cluster.go:262.2,262.17 1 0
github.com/giantswarm/gsctl/commands/create_cluster.go:262.17,263.35 1 0
github.com/giantswarm/gsctl/commands/create_cluster.go:258.3,258.13 1 0
github.com/giantswarm/gsctl/commands/create_cluster.go:255.20,257.4 1 0
github.com/giantswarm/gsctl/commands/create_cluster.go:254.3,255.20 2 0
github.com/giantswarm/gsctl/commands/create_cluster.go:249.11,250.26 1 0
github.com/giantswarm/gsctl/commands/create_cluster.go:245.5,247.5 1 0
github.com/giantswarm/gsctl/commands/create_cluster.go:243.19,245.5 1 0
github.com/giantswarm/gsctl/commands/create_cluster.go:236.42,243.19 5 0
github.com/giantswarm/gsctl/commands/create_cluster.go:232.34,235.100 3 0
github.com/giantswarm/gsctl/commands/create_cluster.go:229.50,231.191 2 0
github.com/giantswarm/gsctl/commands/create_cluster.go:226.40,228.117 2 0
github.com/giantswarm/gsctl/commands/create_cluster.go:223.41,225.165 2 0
github.com/giantswarm/gsctl/commands/create_cluster.go:220.31,222.5 1 0
github.com/giantswarm/gsctl/commands/create_cluster.go:217.40,220.31 3 0
github.com/giantswarm/gsctl/commands/create_cluster.go:211.16,216.10 4 0
github.com/giantswarm/gsctl/commands/create_cluster.go:206.70,211.16 3 0
github.com/giantswarm/gsctl/commands/create_cluster.go:201.3,201.13 1 0
github.com/giantswarm/gsctl/commands/create_cluster.go:198.20,200.4 1 0
github.com/giantswarm/gsctl/commands/create_cluster.go:197.3,198.20 2 0
github.com/giantswarm/gsctl/commands/create_cluster.go:192.11,193.26 1 0
github.com/giantswarm/gsctl/commands/create_cluster.go:189.35,191.123 2 0
github.com/giantswarm/gsctl/commands/create_cluster.go:186.46,188.102 2 0
github.com/giantswarm/gsctl/commands/create_cluster.go:183.45,185.101 2 0
github.com/giantswarm/gsctl/commands/create_cluster.go:180.47,182.101 2 0
github.com/giantswarm/gsctl/commands/create_cluster.go:177.41,179.106 2 0
github.com/giantswarm/gsctl/commands/create_cluster.go:174.42,176.102 2 0
github.com/giantswarm/gsctl/commands/create_cluster.go:171.37,173.93 2 0
github.com/giantswarm/gsctl/commands/create_cluster.go:168.32,170.118 2 0
github.com/giantswarm/gsctl/commands/create_cluster.go:166.26,167.10 1 0
github.com/giantswarm/gsctl/commands/create_cluster.go:164.16,165.10 1 0
github.com/giantswarm/gsctl/commands/create_cluster.go:157.71,164.16 5 0
github.com/giantswarm/gsctl/commands/create_cluster.go:130.13,152.2 15 1
github.com/giantswarm/gsctl/commands/create.go:22.13,25.2 1 1
github.com/giantswarm/gsctl/commands/completion.go:78.2,79.39 2 0
github.com/giantswarm/gsctl/commands/completion.go:75.16,77.3 1 0
github.com/giantswarm/gsctl/commands/completion.go:72.2,75.16 3 0
github.com/giantswarm/gsctl/commands/completion.go:69.16,71.3 1 0
github.com/giantswarm/gsctl/commands/completion.go:67.65,69.16 1 0
github.com/giantswarm/gsctl/commands/completion.go:62.13,64.2 1 1
github.com/giantswarm/gsctl/commands/commands.go:188.49,190.4 1 0
github.com/giantswarm/gsctl/commands/commands.go:188.4,188.49 1 0
github.com/giantswarm/gsctl/commands/commands.go:186.43,188.4 1 0
github.com/giantswarm/gsctl/commands/commands.go:184.3,186.43 2 0
github.com/giantswarm/gsctl/commands/commands.go:180.17,182.4 1 0
github.com/giantswarm/gsctl/commands/commands.go:176.6,180.17 3 0
github.com/giantswarm/gsctl/commands/commands.go:173.40,176.6 2 0
github.com/giantswarm/gsctl/commands/commands.go:159.3,166.3 6 0
github.com/giantswarm/gsctl/commands/commands.go:157.30,159.3 1 0
github.com/giantswarm/gsctl/commands/commands.go:156.56,157.30 1 0
github.com/giantswarm/gsctl/commands/commands.go:152.2,152.13 1 10
github.com/giantswarm/gsctl/commands/commands.go:147.5,147.26 1 8
github.com/giantswarm/gsctl/commands/commands.go:147.26,149.5 1 1
github.com/giantswarm/gsctl/commands/commands.go:145.37,147.5 1 1
github.com/giantswarm/gsctl/commands/commands.go:143.49,145.37 1 9
github.com/giantswarm/gsctl/commands/commands.go:143.4,143.49 1 35
github.com/giantswarm/gsctl/commands/commands.go:141.4,141.33 1 36
github.com/giantswarm/gsctl/commands/commands.go:141.33,143.4 1 1
github.com/giantswarm/gsctl/commands/commands.go:139.44,141.4 1 1
github.com/giantswarm/gsctl/commands/commands.go:138.31,139.44 1 37
github.com/giantswarm/gsctl/commands/commands.go:137.49,138.31 1 10
github.com/giantswarm/gsctl/commands/commands.go:131.2,132.32 2 1
github.com/giantswarm/gsctl/commands/commands.go:128.55,130.3 1 0
github.com/giantswarm/gsctl/commands/commands.go:127.30,128.55 1 1
github.com/giantswarm/gsctl/commands/commands.go:123.2,123.18 1 1
github.com/giantswarm/gsctl/commands/commands.go:120.19,122.3 1 14
github.com/giantswarm/gsctl/commands/commands.go:117.31,120.19 3 1
github.com/giantswarm/gsctl/commands/commands.go:110.13,114.2 3 1
github.com/giantswarm/gsctl/commands/commands.go:106.34,108.2 1 0
github.com/giantswarm/gsctl/client/error.go:9.50,11.2 1 0
github.com/giantswarm/gsctl/client/client.go:79.2,79.22 1 1
github.com/giantswarm/gsctl/client/client.go:76.16,78.3 1 0
github.com/giantswarm/gsctl/client/client.go:73.69,76.16 3 1
github.com/giantswarm/gsctl/client/client.go:61.2,68.8 2 2
github.com/giantswarm/gsctl/client/client.go:58.25,60.3 1 0
github.com/giantswarm/gsctl/client/client.go:53.2,58.25 3 2
github.com/giantswarm/gsctl/client/client.go:48.31,50.3 1 1
github.com/giantswarm/gsctl/client/client.go:45.2,48.31 4 2
github.com/giantswarm/gsctl/client/client.go:41.33,43.3 1 0
github.com/giantswarm/gsctl/client/client.go:38.77,41.33 2 2

